DEBUG - 2025-04-26 04:37:48 --> Session: Class initialized using 'CodeIgniter\Session\Handlers\FileHandler' driver.
DEBUG - 2025-04-26 04:38:06 --> Session: Class initialized using 'CodeIgniter\Session\Handlers\FileHandler' driver.
DEBUG - 2025-04-26 04:38:11 --> Session: Class initialized using 'CodeIgniter\Session\Handlers\FileHandler' driver.
DEBUG - 2025-04-26 04:38:25 --> Session: Class initialized using 'CodeIgniter\Session\Handlers\FileHandler' driver.
DEBUG - 2025-04-26 04:38:26 --> Session: Class initialized using 'CodeIgniter\Session\Handlers\FileHandler' driver.
DEBUG - 2025-04-26 04:38:32 --> Session: Class initialized using 'CodeIgniter\Session\Handlers\FileHandler' driver.
DEBUG - 2025-04-26 04:38:34 --> Session: Class initialized using 'CodeIgniter\Session\Handlers\FileHandler' driver.
DEBUG - 2025-04-26 04:45:24 --> Session: Class initialized using 'CodeIgniter\Session\Handlers\FileHandler' driver.
DEBUG - 2025-04-26 04:46:00 --> Session: Class initialized using 'CodeIgniter\Session\Handlers\FileHandler' driver.
ERROR - 2025-04-26 04:46:00 --> mysqli_sql_exception: Table 'posyandusurobayan_db.tb_arsi_lansia_surobayan' doesn't exist in C:\xampp\htdocs\posyandu\system\Database\MySQLi\Connection.php:327
Stack trace:
#0 C:\xampp\htdocs\posyandu\system\Database\MySQLi\Connection.php(327): mysqli->query('SELECT COUNT(*)...', 0)
#1 C:\xampp\htdocs\posyandu\system\Database\BaseConnection.php(738): CodeIgniter\Database\MySQLi\Connection->execute('SELECT COUNT(*)...')
#2 C:\xampp\htdocs\posyandu\system\Database\BaseConnection.php(652): CodeIgniter\Database\BaseConnection->simpleQuery('SELECT COUNT(*)...')
#3 C:\xampp\htdocs\posyandu\system\Database\BaseBuilder.php(1733): CodeIgniter\Database\BaseConnection->query('SELECT COUNT(*)...', Array, false)
#4 C:\xampp\htdocs\posyandu\system\Model.php(676): CodeIgniter\Database\BaseBuilder->countAllResults(false)
#5 C:\xampp\htdocs\posyandu\system\BaseModel.php(1283): CodeIgniter\Model->countAllResults(false)
#6 C:\xampp\htdocs\posyandu\app\Controllers\DataArsipLansiaController.php(18): CodeIgniter\BaseModel->paginate(15, 'default', 1)
#7 C:\xampp\htdocs\posyandu\system\CodeIgniter.php(933): App\Controllers\DataArsipLansiaController->arsip()
#8 C:\xampp\htdocs\posyandu\system\CodeIgniter.php(507): CodeIgniter\CodeIgniter->runController(Object(App\Controllers\DataArsipLansiaController))
#9 C:\xampp\htdocs\posyandu\system\CodeIgniter.php(354): CodeIgniter\CodeIgniter->handleRequest(NULL, Object(Config\Cache), false)
#10 C:\xampp\htdocs\posyandu\system\Boot.php(334): CodeIgniter\CodeIgniter->run()
#11 C:\xampp\htdocs\posyandu\system\Boot.php(67): CodeIgniter\Boot::runCodeIgniter(Object(CodeIgniter\CodeIgniter))
#12 C:\xampp\htdocs\posyandu\public\index.php(56): CodeIgniter\Boot::bootWeb(Object(Config\Paths))
#13 C:\xampp\htdocs\posyandu\system\rewrite.php(44): require_once('C:\\xampp\\htdocs...')
#14 {main}
CRITICAL - 2025-04-26 04:46:00 --> CodeIgniter\Database\Exceptions\DatabaseException: Table 'posyandusurobayan_db.tb_arsi_lansia_surobayan' doesn't exist
[Method: GET, Route: admin/data-arsip-lansia]
in SYSTEMPATH\Database\BaseConnection.php on line 692.
 1 SYSTEMPATH\Database\BaseBuilder.php(1733): CodeIgniter\Database\BaseConnection->query('SELECT COUNT(*) AS `numrows`
FROM `tb_arsi_lansia_surobayan`', [], false)
 2 SYSTEMPATH\Model.php(676): CodeIgniter\Database\BaseBuilder->countAllResults(false)
 3 SYSTEMPATH\BaseModel.php(1283): CodeIgniter\Model->countAllResults(false)
 4 APPPATH\Controllers\DataArsipLansiaController.php(18): CodeIgniter\BaseModel->paginate(15, 'default', 1)
 5 SYSTEMPATH\CodeIgniter.php(933): App\Controllers\DataArsipLansiaController->arsip()
 6 SYSTEMPATH\CodeIgniter.php(507): CodeIgniter\CodeIgniter->runController(Object(App\Controllers\DataArsipLansiaController))
 7 SYSTEMPATH\CodeIgniter.php(354): CodeIgniter\CodeIgniter->handleRequest(null, Object(Config\Cache), false)
 8 SYSTEMPATH\Boot.php(334): CodeIgniter\CodeIgniter->run()
 9 SYSTEMPATH\Boot.php(67): CodeIgniter\Boot::runCodeIgniter(Object(CodeIgniter\CodeIgniter))
10 FCPATH\index.php(56): CodeIgniter\Boot::bootWeb(Object(Config\Paths))
11 SYSTEMPATH\rewrite.php(44): require_once('C:\\xampp\\htdocs\\posyandu\\public\\index.php')
CRITICAL - 2025-04-26 04:46:00 --> [Caused by] CodeIgniter\Database\Exceptions\DatabaseException: Table 'posyandusurobayan_db.tb_arsi_lansia_surobayan' doesn't exist
in SYSTEMPATH\Database\MySQLi\Connection.php on line 332.
 1 SYSTEMPATH\Database\BaseConnection.php(738): CodeIgniter\Database\MySQLi\Connection->execute('SELECT COUNT(*) AS `numrows`
FROM `tb_arsi_lansia_surobayan`')
 2 SYSTEMPATH\Database\BaseConnection.php(652): CodeIgniter\Database\BaseConnection->simpleQuery('SELECT COUNT(*) AS `numrows`
FROM `tb_arsi_lansia_surobayan`')
 3 SYSTEMPATH\Database\BaseBuilder.php(1733): CodeIgniter\Database\BaseConnection->query('SELECT COUNT(*) AS `numrows`
FROM `tb_arsi_lansia_surobayan`', [], false)
 4 SYSTEMPATH\Model.php(676): CodeIgniter\Database\BaseBuilder->countAllResults(false)
 5 SYSTEMPATH\BaseModel.php(1283): CodeIgniter\Model->countAllResults(false)
 6 APPPATH\Controllers\DataArsipLansiaController.php(18): CodeIgniter\BaseModel->paginate(15, 'default', 1)
 7 SYSTEMPATH\CodeIgniter.php(933): App\Controllers\DataArsipLansiaController->arsip()
 8 SYSTEMPATH\CodeIgniter.php(507): CodeIgniter\CodeIgniter->runController(Object(App\Controllers\DataArsipLansiaController))
 9 SYSTEMPATH\CodeIgniter.php(354): CodeIgniter\CodeIgniter->handleRequest(null, Object(Config\Cache), false)
10 SYSTEMPATH\Boot.php(334): CodeIgniter\CodeIgniter->run()
11 SYSTEMPATH\Boot.php(67): CodeIgniter\Boot::runCodeIgniter(Object(CodeIgniter\CodeIgniter))
12 FCPATH\index.php(56): CodeIgniter\Boot::bootWeb(Object(Config\Paths))
13 SYSTEMPATH\rewrite.php(44): require_once('C:\\xampp\\htdocs\\posyandu\\public\\index.php')
CRITICAL - 2025-04-26 04:46:00 --> [Caused by] mysqli_sql_exception: Table 'posyandusurobayan_db.tb_arsi_lansia_surobayan' doesn't exist
in SYSTEMPATH\Database\MySQLi\Connection.php on line 327.
 1 SYSTEMPATH\Database\MySQLi\Connection.php(327): mysqli->query('SELECT COUNT(*) AS `numrows`
FROM `tb_arsi_lansia_surobayan`', 0)
 2 SYSTEMPATH\Database\BaseConnection.php(738): CodeIgniter\Database\MySQLi\Connection->execute('SELECT COUNT(*) AS `numrows`
FROM `tb_arsi_lansia_surobayan`')
 3 SYSTEMPATH\Database\BaseConnection.php(652): CodeIgniter\Database\BaseConnection->simpleQuery('SELECT COUNT(*) AS `numrows`
FROM `tb_arsi_lansia_surobayan`')
 4 SYSTEMPATH\Database\BaseBuilder.php(1733): CodeIgniter\Database\BaseConnection->query('SELECT COUNT(*) AS `numrows`
FROM `tb_arsi_lansia_surobayan`', [], false)
 5 SYSTEMPATH\Model.php(676): CodeIgniter\Database\BaseBuilder->countAllResults(false)
 6 SYSTEMPATH\BaseModel.php(1283): CodeIgniter\Model->countAllResults(false)
 7 APPPATH\Controllers\DataArsipLansiaController.php(18): CodeIgniter\BaseModel->paginate(15, 'default', 1)
 8 SYSTEMPATH\CodeIgniter.php(933): App\Controllers\DataArsipLansiaController->arsip()
 9 SYSTEMPATH\CodeIgniter.php(507): CodeIgniter\CodeIgniter->runController(Object(App\Controllers\DataArsipLansiaController))
10 SYSTEMPATH\CodeIgniter.php(354): CodeIgniter\CodeIgniter->handleRequest(null, Object(Config\Cache), false)
11 SYSTEMPATH\Boot.php(334): CodeIgniter\CodeIgniter->run()
12 SYSTEMPATH\Boot.php(67): CodeIgniter\Boot::runCodeIgniter(Object(CodeIgniter\CodeIgniter))
13 FCPATH\index.php(56): CodeIgniter\Boot::bootWeb(Object(Config\Paths))
14 SYSTEMPATH\rewrite.php(44): require_once('C:\\xampp\\htdocs\\posyandu\\public\\index.php')
DEBUG - 2025-04-26 04:46:13 --> Session: Class initialized using 'CodeIgniter\Session\Handlers\FileHandler' driver.
DEBUG - 2025-04-26 04:46:16 --> Session: Class initialized using 'CodeIgniter\Session\Handlers\FileHandler' driver.
DEBUG - 2025-04-26 04:46:18 --> Session: Class initialized using 'CodeIgniter\Session\Handlers\FileHandler' driver.
DEBUG - 2025-04-26 04:46:21 --> Session: Class initialized using 'CodeIgniter\Session\Handlers\FileHandler' driver.
DEBUG - 2025-04-26 04:48:23 --> Session: Class initialized using 'CodeIgniter\Session\Handlers\FileHandler' driver.
DEBUG - 2025-04-26 04:48:32 --> Session: Class initialized using 'CodeIgniter\Session\Handlers\FileHandler' driver.
DEBUG - 2025-04-26 04:48:44 --> Session: Class initialized using 'CodeIgniter\Session\Handlers\FileHandler' driver.
DEBUG - 2025-04-26 04:48:51 --> Session: Class initialized using 'CodeIgniter\Session\Handlers\FileHandler' driver.
DEBUG - 2025-04-26 04:48:55 --> Session: Class initialized using 'CodeIgniter\Session\Handlers\FileHandler' driver.
DEBUG - 2025-04-26 04:49:08 --> Session: Class initialized using 'CodeIgniter\Session\Handlers\FileHandler' driver.
DEBUG - 2025-04-26 04:49:09 --> Session: Class initialized using 'CodeIgniter\Session\Handlers\FileHandler' driver.
DEBUG - 2025-04-26 05:48:42 --> Session: Class initialized using 'CodeIgniter\Session\Handlers\FileHandler' driver.
DEBUG - 2025-04-26 05:49:04 --> Session: Class initialized using 'CodeIgniter\Session\Handlers\FileHandler' driver.
DEBUG - 2025-04-26 05:49:49 --> Session: Class initialized using 'CodeIgniter\Session\Handlers\FileHandler' driver.
DEBUG - 2025-04-26 05:49:58 --> Session: Class initialized using 'CodeIgniter\Session\Handlers\FileHandler' driver.
DEBUG - 2025-04-26 05:51:39 --> Session: Class initialized using 'CodeIgniter\Session\Handlers\FileHandler' driver.
DEBUG - 2025-04-26 05:51:43 --> Session: Class initialized using 'CodeIgniter\Session\Handlers\FileHandler' driver.
DEBUG - 2025-04-26 05:51:47 --> Session: Class initialized using 'CodeIgniter\Session\Handlers\FileHandler' driver.
DEBUG - 2025-04-26 05:54:13 --> Session: Class initialized using 'CodeIgniter\Session\Handlers\FileHandler' driver.
DEBUG - 2025-04-26 05:54:54 --> Session: Class initialized using 'CodeIgniter\Session\Handlers\FileHandler' driver.
DEBUG - 2025-04-26 05:58:13 --> Session: Class initialized using 'CodeIgniter\Session\Handlers\FileHandler' driver.
DEBUG - 2025-04-26 05:58:20 --> Session: Class initialized using 'CodeIgniter\Session\Handlers\FileHandler' driver.
DEBUG - 2025-04-26 06:13:37 --> Session: Class initialized using 'CodeIgniter\Session\Handlers\FileHandler' driver.
DEBUG - 2025-04-26 06:13:43 --> Session: Class initialized using 'CodeIgniter\Session\Handlers\FileHandler' driver.
DEBUG - 2025-04-26 06:13:46 --> Session: Class initialized using 'CodeIgniter\Session\Handlers\FileHandler' driver.
ERROR - 2025-04-26 06:29:36 --> mysqli_sql_exception: Unknown column 'nama_balita' in 'field list' in C:\xampp\htdocs\posyandu\system\Database\MySQLi\Connection.php:327
Stack trace:
#0 C:\xampp\htdocs\posyandu\system\Database\MySQLi\Connection.php(327): mysqli->query('\r\n            S...', 0)
#1 C:\xampp\htdocs\posyandu\system\Database\BaseConnection.php(738): CodeIgniter\Database\MySQLi\Connection->execute('\r\n            S...')
#2 C:\xampp\htdocs\posyandu\system\Database\BaseConnection.php(652): CodeIgniter\Database\BaseConnection->simpleQuery('\r\n            S...')
#3 C:\xampp\htdocs\posyandu\app\Controllers\Dashboard.php(75): CodeIgniter\Database\BaseConnection->query('\r\n            S...')
#4 C:\xampp\htdocs\posyandu\system\CodeIgniter.php(933): App\Controllers\Dashboard->index()
#5 C:\xampp\htdocs\posyandu\system\CodeIgniter.php(507): CodeIgniter\CodeIgniter->runController(Object(App\Controllers\Dashboard))
#6 C:\xampp\htdocs\posyandu\system\CodeIgniter.php(354): CodeIgniter\CodeIgniter->handleRequest(NULL, Object(Config\Cache), false)
#7 C:\xampp\htdocs\posyandu\system\Boot.php(334): CodeIgniter\CodeIgniter->run()
#8 C:\xampp\htdocs\posyandu\system\Boot.php(67): CodeIgniter\Boot::runCodeIgniter(Object(CodeIgniter\CodeIgniter))
#9 C:\xampp\htdocs\posyandu\public\index.php(56): CodeIgniter\Boot::bootWeb(Object(Config\Paths))
#10 C:\xampp\htdocs\posyandu\system\rewrite.php(44): require_once('C:\\xampp\\htdocs...')
#11 {main}
CRITICAL - 2025-04-26 06:29:36 --> CodeIgniter\Database\Exceptions\DatabaseException: Unknown column 'nama_balita' in 'field list'
[Method: GET, Route: admin/dashboard]
in SYSTEMPATH\Database\BaseConnection.php on line 692.
 1 APPPATH\Controllers\Dashboard.php(75): CodeIgniter\Database\BaseConnection->query('
            SELECT 
                nama_balita AS nama, 
                \'Balita\' AS kategori, 
                created_at AS tanggal, 
                \'green\' AS warna
            FROM tb_data_baru_balita
            UNION ALL
            SELECT 
                nama_ibu AS nama, 
                \'Ibu Hamil\' AS kategori, 
                created_at AS tanggal, 
                \'blue\' AS warna
            FROM tb_data_baru_ibu_hamil
            UNION ALL
            SELECT 
                nama_remaja AS nama, 
                \'Remaja Putri\' AS kategori, 
                created_at AS tanggal, 
                \'pink\' AS warna
            FROM tb_data_baru_remaja_putri
            ORDER BY tanggal DESC
            LIMIT 5
        ')
 2 SYSTEMPATH\CodeIgniter.php(933): App\Controllers\Dashboard->index()
 3 SYSTEMPATH\CodeIgniter.php(507): CodeIgniter\CodeIgniter->runController(Object(App\Controllers\Dashboard))
 4 SYSTEMPATH\CodeIgniter.php(354): CodeIgniter\CodeIgniter->handleRequest(null, Object(Config\Cache), false)
 5 SYSTEMPATH\Boot.php(334): CodeIgniter\CodeIgniter->run()
 6 SYSTEMPATH\Boot.php(67): CodeIgniter\Boot::runCodeIgniter(Object(CodeIgniter\CodeIgniter))
 7 FCPATH\index.php(56): CodeIgniter\Boot::bootWeb(Object(Config\Paths))
 8 SYSTEMPATH\rewrite.php(44): require_once('C:\\xampp\\htdocs\\posyandu\\public\\index.php')
CRITICAL - 2025-04-26 06:29:36 --> [Caused by] CodeIgniter\Database\Exceptions\DatabaseException: Unknown column 'nama_balita' in 'field list'
in SYSTEMPATH\Database\MySQLi\Connection.php on line 332.
 1 SYSTEMPATH\Database\BaseConnection.php(738): CodeIgniter\Database\MySQLi\Connection->execute('
            SELECT 
                nama_balita AS nama, 
                \'Balita\' AS kategori, 
                created_at AS tanggal, 
                \'green\' AS warna
            FROM tb_data_baru_balita
            UNION ALL
            SELECT 
                nama_ibu AS nama, 
                \'Ibu Hamil\' AS kategori, 
                created_at AS tanggal, 
                \'blue\' AS warna
            FROM tb_data_baru_ibu_hamil
            UNION ALL
            SELECT 
                nama_remaja AS nama, 
                \'Remaja Putri\' AS kategori, 
                created_at AS tanggal, 
                \'pink\' AS warna
            FROM tb_data_baru_remaja_putri
            ORDER BY tanggal DESC
            LIMIT 5
        ')
 2 SYSTEMPATH\Database\BaseConnection.php(652): CodeIgniter\Database\BaseConnection->simpleQuery('
            SELECT 
                nama_balita AS nama, 
                \'Balita\' AS kategori, 
                created_at AS tanggal, 
                \'green\' AS warna
            FROM tb_data_baru_balita
            UNION ALL
            SELECT 
                nama_ibu AS nama, 
                \'Ibu Hamil\' AS kategori, 
                created_at AS tanggal, 
                \'blue\' AS warna
            FROM tb_data_baru_ibu_hamil
            UNION ALL
            SELECT 
                nama_remaja AS nama, 
                \'Remaja Putri\' AS kategori, 
                created_at AS tanggal, 
                \'pink\' AS warna
            FROM tb_data_baru_remaja_putri
            ORDER BY tanggal DESC
            LIMIT 5
        ')
 3 APPPATH\Controllers\Dashboard.php(75): CodeIgniter\Database\BaseConnection->query('
            SELECT 
                nama_balita AS nama, 
                \'Balita\' AS kategori, 
                created_at AS tanggal, 
                \'green\' AS warna
            FROM tb_data_baru_balita
            UNION ALL
            SELECT 
                nama_ibu AS nama, 
                \'Ibu Hamil\' AS kategori, 
                created_at AS tanggal, 
                \'blue\' AS warna
            FROM tb_data_baru_ibu_hamil
            UNION ALL
            SELECT 
                nama_remaja AS nama, 
                \'Remaja Putri\' AS kategori, 
                created_at AS tanggal, 
                \'pink\' AS warna
            FROM tb_data_baru_remaja_putri
            ORDER BY tanggal DESC
            LIMIT 5
        ')
 4 SYSTEMPATH\CodeIgniter.php(933): App\Controllers\Dashboard->index()
 5 SYSTEMPATH\CodeIgniter.php(507): CodeIgniter\CodeIgniter->runController(Object(App\Controllers\Dashboard))
 6 SYSTEMPATH\CodeIgniter.php(354): CodeIgniter\CodeIgniter->handleRequest(null, Object(Config\Cache), false)
 7 SYSTEMPATH\Boot.php(334): CodeIgniter\CodeIgniter->run()
 8 SYSTEMPATH\Boot.php(67): CodeIgniter\Boot::runCodeIgniter(Object(CodeIgniter\CodeIgniter))
 9 FCPATH\index.php(56): CodeIgniter\Boot::bootWeb(Object(Config\Paths))
10 SYSTEMPATH\rewrite.php(44): require_once('C:\\xampp\\htdocs\\posyandu\\public\\index.php')
CRITICAL - 2025-04-26 06:29:36 --> [Caused by] mysqli_sql_exception: Unknown column 'nama_balita' in 'field list'
in SYSTEMPATH\Database\MySQLi\Connection.php on line 327.
 1 SYSTEMPATH\Database\MySQLi\Connection.php(327): mysqli->query('
            SELECT 
                nama_balita AS nama, 
                \'Balita\' AS kategori, 
                created_at AS tanggal, 
                \'green\' AS warna
            FROM tb_data_baru_balita
            UNION ALL
            SELECT 
                nama_ibu AS nama, 
                \'Ibu Hamil\' AS kategori, 
                created_at AS tanggal, 
                \'blue\' AS warna
            FROM tb_data_baru_ibu_hamil
            UNION ALL
            SELECT 
                nama_remaja AS nama, 
                \'Remaja Putri\' AS kategori, 
                created_at AS tanggal, 
                \'pink\' AS warna
            FROM tb_data_baru_remaja_putri
            ORDER BY tanggal DESC
            LIMIT 5
        ', 0)
 2 SYSTEMPATH\Database\BaseConnection.php(738): CodeIgniter\Database\MySQLi\Connection->execute('
            SELECT 
                nama_balita AS nama, 
                \'Balita\' AS kategori, 
                created_at AS tanggal, 
                \'green\' AS warna
            FROM tb_data_baru_balita
            UNION ALL
            SELECT 
                nama_ibu AS nama, 
                \'Ibu Hamil\' AS kategori, 
                created_at AS tanggal, 
                \'blue\' AS warna
            FROM tb_data_baru_ibu_hamil
            UNION ALL
            SELECT 
                nama_remaja AS nama, 
                \'Remaja Putri\' AS kategori, 
                created_at AS tanggal, 
                \'pink\' AS warna
            FROM tb_data_baru_remaja_putri
            ORDER BY tanggal DESC
            LIMIT 5
        ')
 3 SYSTEMPATH\Database\BaseConnection.php(652): CodeIgniter\Database\BaseConnection->simpleQuery('
            SELECT 
                nama_balita AS nama, 
                \'Balita\' AS kategori, 
                created_at AS tanggal, 
                \'green\' AS warna
            FROM tb_data_baru_balita
            UNION ALL
            SELECT 
                nama_ibu AS nama, 
                \'Ibu Hamil\' AS kategori, 
                created_at AS tanggal, 
                \'blue\' AS warna
            FROM tb_data_baru_ibu_hamil
            UNION ALL
            SELECT 
                nama_remaja AS nama, 
                \'Remaja Putri\' AS kategori, 
                created_at AS tanggal, 
                \'pink\' AS warna
            FROM tb_data_baru_remaja_putri
            ORDER BY tanggal DESC
            LIMIT 5
        ')
 4 APPPATH\Controllers\Dashboard.php(75): CodeIgniter\Database\BaseConnection->query('
            SELECT 
                nama_balita AS nama, 
                \'Balita\' AS kategori, 
                created_at AS tanggal, 
                \'green\' AS warna
            FROM tb_data_baru_balita
            UNION ALL
            SELECT 
                nama_ibu AS nama, 
                \'Ibu Hamil\' AS kategori, 
                created_at AS tanggal, 
                \'blue\' AS warna
            FROM tb_data_baru_ibu_hamil
            UNION ALL
            SELECT 
                nama_remaja AS nama, 
                \'Remaja Putri\' AS kategori, 
                created_at AS tanggal, 
                \'pink\' AS warna
            FROM tb_data_baru_remaja_putri
            ORDER BY tanggal DESC
            LIMIT 5
        ')
 5 SYSTEMPATH\CodeIgniter.php(933): App\Controllers\Dashboard->index()
 6 SYSTEMPATH\CodeIgniter.php(507): CodeIgniter\CodeIgniter->runController(Object(App\Controllers\Dashboard))
 7 SYSTEMPATH\CodeIgniter.php(354): CodeIgniter\CodeIgniter->handleRequest(null, Object(Config\Cache), false)
 8 SYSTEMPATH\Boot.php(334): CodeIgniter\CodeIgniter->run()
 9 SYSTEMPATH\Boot.php(67): CodeIgniter\Boot::runCodeIgniter(Object(CodeIgniter\CodeIgniter))
10 FCPATH\index.php(56): CodeIgniter\Boot::bootWeb(Object(Config\Paths))
11 SYSTEMPATH\rewrite.php(44): require_once('C:\\xampp\\htdocs\\posyandu\\public\\index.php')
ERROR - 2025-04-26 06:30:18 --> mysqli_sql_exception: Unknown column 'nama_ibu' in 'field list' in C:\xampp\htdocs\posyandu\system\Database\MySQLi\Connection.php:327
Stack trace:
#0 C:\xampp\htdocs\posyandu\system\Database\MySQLi\Connection.php(327): mysqli->query('\r\n            S...', 0)
#1 C:\xampp\htdocs\posyandu\system\Database\BaseConnection.php(738): CodeIgniter\Database\MySQLi\Connection->execute('\r\n            S...')
#2 C:\xampp\htdocs\posyandu\system\Database\BaseConnection.php(652): CodeIgniter\Database\BaseConnection->simpleQuery('\r\n            S...')
#3 C:\xampp\htdocs\posyandu\app\Controllers\Dashboard.php(75): CodeIgniter\Database\BaseConnection->query('\r\n            S...')
#4 C:\xampp\htdocs\posyandu\system\CodeIgniter.php(933): App\Controllers\Dashboard->index()
#5 C:\xampp\htdocs\posyandu\system\CodeIgniter.php(507): CodeIgniter\CodeIgniter->runController(Object(App\Controllers\Dashboard))
#6 C:\xampp\htdocs\posyandu\system\CodeIgniter.php(354): CodeIgniter\CodeIgniter->handleRequest(NULL, Object(Config\Cache), false)
#7 C:\xampp\htdocs\posyandu\system\Boot.php(334): CodeIgniter\CodeIgniter->run()
#8 C:\xampp\htdocs\posyandu\system\Boot.php(67): CodeIgniter\Boot::runCodeIgniter(Object(CodeIgniter\CodeIgniter))
#9 C:\xampp\htdocs\posyandu\public\index.php(56): CodeIgniter\Boot::bootWeb(Object(Config\Paths))
#10 C:\xampp\htdocs\posyandu\system\rewrite.php(44): require_once('C:\\xampp\\htdocs...')
#11 {main}
CRITICAL - 2025-04-26 06:30:18 --> CodeIgniter\Database\Exceptions\DatabaseException: Unknown column 'nama_ibu' in 'field list'
[Method: GET, Route: admin/dashboard]
in SYSTEMPATH\Database\BaseConnection.php on line 692.
 1 APPPATH\Controllers\Dashboard.php(75): CodeIgniter\Database\BaseConnection->query('
            SELECT 
                nama_anak AS nama, 
                \'Balita\' AS kategori, 
                created_at AS tanggal, 
                \'green\' AS warna
            FROM tb_data_baru_balita
            UNION ALL
            SELECT 
                nama_ibu AS nama, 
                \'Ibu Hamil\' AS kategori, 
                created_at AS tanggal, 
                \'blue\' AS warna
            FROM tb_data_baru_ibu_hamil
            UNION ALL
            SELECT 
                nama_remaja AS nama, 
                \'Remaja Putri\' AS kategori, 
                created_at AS tanggal, 
                \'pink\' AS warna
            FROM tb_data_baru_remaja_putri
            ORDER BY tanggal DESC
            LIMIT 5
        ')
 2 SYSTEMPATH\CodeIgniter.php(933): App\Controllers\Dashboard->index()
 3 SYSTEMPATH\CodeIgniter.php(507): CodeIgniter\CodeIgniter->runController(Object(App\Controllers\Dashboard))
 4 SYSTEMPATH\CodeIgniter.php(354): CodeIgniter\CodeIgniter->handleRequest(null, Object(Config\Cache), false)
 5 SYSTEMPATH\Boot.php(334): CodeIgniter\CodeIgniter->run()
 6 SYSTEMPATH\Boot.php(67): CodeIgniter\Boot::runCodeIgniter(Object(CodeIgniter\CodeIgniter))
 7 FCPATH\index.php(56): CodeIgniter\Boot::bootWeb(Object(Config\Paths))
 8 SYSTEMPATH\rewrite.php(44): require_once('C:\\xampp\\htdocs\\posyandu\\public\\index.php')
CRITICAL - 2025-04-26 06:30:18 --> [Caused by] CodeIgniter\Database\Exceptions\DatabaseException: Unknown column 'nama_ibu' in 'field list'
in SYSTEMPATH\Database\MySQLi\Connection.php on line 332.
 1 SYSTEMPATH\Database\BaseConnection.php(738): CodeIgniter\Database\MySQLi\Connection->execute('
            SELECT 
                nama_anak AS nama, 
                \'Balita\' AS kategori, 
                created_at AS tanggal, 
                \'green\' AS warna
            FROM tb_data_baru_balita
            UNION ALL
            SELECT 
                nama_ibu AS nama, 
                \'Ibu Hamil\' AS kategori, 
                created_at AS tanggal, 
                \'blue\' AS warna
            FROM tb_data_baru_ibu_hamil
            UNION ALL
            SELECT 
                nama_remaja AS nama, 
                \'Remaja Putri\' AS kategori, 
                created_at AS tanggal, 
                \'pink\' AS warna
            FROM tb_data_baru_remaja_putri
            ORDER BY tanggal DESC
            LIMIT 5
        ')
 2 SYSTEMPATH\Database\BaseConnection.php(652): CodeIgniter\Database\BaseConnection->simpleQuery('
            SELECT 
                nama_anak AS nama, 
                \'Balita\' AS kategori, 
                created_at AS tanggal, 
                \'green\' AS warna
            FROM tb_data_baru_balita
            UNION ALL
            SELECT 
                nama_ibu AS nama, 
                \'Ibu Hamil\' AS kategori, 
                created_at AS tanggal, 
                \'blue\' AS warna
            FROM tb_data_baru_ibu_hamil
            UNION ALL
            SELECT 
                nama_remaja AS nama, 
                \'Remaja Putri\' AS kategori, 
                created_at AS tanggal, 
                \'pink\' AS warna
            FROM tb_data_baru_remaja_putri
            ORDER BY tanggal DESC
            LIMIT 5
        ')
 3 APPPATH\Controllers\Dashboard.php(75): CodeIgniter\Database\BaseConnection->query('
            SELECT 
                nama_anak AS nama, 
                \'Balita\' AS kategori, 
                created_at AS tanggal, 
                \'green\' AS warna
            FROM tb_data_baru_balita
            UNION ALL
            SELECT 
                nama_ibu AS nama, 
                \'Ibu Hamil\' AS kategori, 
                created_at AS tanggal, 
                \'blue\' AS warna
            FROM tb_data_baru_ibu_hamil
            UNION ALL
            SELECT 
                nama_remaja AS nama, 
                \'Remaja Putri\' AS kategori, 
                created_at AS tanggal, 
                \'pink\' AS warna
            FROM tb_data_baru_remaja_putri
            ORDER BY tanggal DESC
            LIMIT 5
        ')
 4 SYSTEMPATH\CodeIgniter.php(933): App\Controllers\Dashboard->index()
 5 SYSTEMPATH\CodeIgniter.php(507): CodeIgniter\CodeIgniter->runController(Object(App\Controllers\Dashboard))
 6 SYSTEMPATH\CodeIgniter.php(354): CodeIgniter\CodeIgniter->handleRequest(null, Object(Config\Cache), false)
 7 SYSTEMPATH\Boot.php(334): CodeIgniter\CodeIgniter->run()
 8 SYSTEMPATH\Boot.php(67): CodeIgniter\Boot::runCodeIgniter(Object(CodeIgniter\CodeIgniter))
 9 FCPATH\index.php(56): CodeIgniter\Boot::bootWeb(Object(Config\Paths))
10 SYSTEMPATH\rewrite.php(44): require_once('C:\\xampp\\htdocs\\posyandu\\public\\index.php')
CRITICAL - 2025-04-26 06:30:18 --> [Caused by] mysqli_sql_exception: Unknown column 'nama_ibu' in 'field list'
in SYSTEMPATH\Database\MySQLi\Connection.php on line 327.
 1 SYSTEMPATH\Database\MySQLi\Connection.php(327): mysqli->query('
            SELECT 
                nama_anak AS nama, 
                \'Balita\' AS kategori, 
                created_at AS tanggal, 
                \'green\' AS warna
            FROM tb_data_baru_balita
            UNION ALL
            SELECT 
                nama_ibu AS nama, 
                \'Ibu Hamil\' AS kategori, 
                created_at AS tanggal, 
                \'blue\' AS warna
            FROM tb_data_baru_ibu_hamil
            UNION ALL
            SELECT 
                nama_remaja AS nama, 
                \'Remaja Putri\' AS kategori, 
                created_at AS tanggal, 
                \'pink\' AS warna
            FROM tb_data_baru_remaja_putri
            ORDER BY tanggal DESC
            LIMIT 5
        ', 0)
 2 SYSTEMPATH\Database\BaseConnection.php(738): CodeIgniter\Database\MySQLi\Connection->execute('
            SELECT 
                nama_anak AS nama, 
                \'Balita\' AS kategori, 
                created_at AS tanggal, 
                \'green\' AS warna
            FROM tb_data_baru_balita
            UNION ALL
            SELECT 
                nama_ibu AS nama, 
                \'Ibu Hamil\' AS kategori, 
                created_at AS tanggal, 
                \'blue\' AS warna
            FROM tb_data_baru_ibu_hamil
            UNION ALL
            SELECT 
                nama_remaja AS nama, 
                \'Remaja Putri\' AS kategori, 
                created_at AS tanggal, 
                \'pink\' AS warna
            FROM tb_data_baru_remaja_putri
            ORDER BY tanggal DESC
            LIMIT 5
        ')
 3 SYSTEMPATH\Database\BaseConnection.php(652): CodeIgniter\Database\BaseConnection->simpleQuery('
            SELECT 
                nama_anak AS nama, 
                \'Balita\' AS kategori, 
                created_at AS tanggal, 
                \'green\' AS warna
            FROM tb_data_baru_balita
            UNION ALL
            SELECT 
                nama_ibu AS nama, 
                \'Ibu Hamil\' AS kategori, 
                created_at AS tanggal, 
                \'blue\' AS warna
            FROM tb_data_baru_ibu_hamil
            UNION ALL
            SELECT 
                nama_remaja AS nama, 
                \'Remaja Putri\' AS kategori, 
                created_at AS tanggal, 
                \'pink\' AS warna
            FROM tb_data_baru_remaja_putri
            ORDER BY tanggal DESC
            LIMIT 5
        ')
 4 APPPATH\Controllers\Dashboard.php(75): CodeIgniter\Database\BaseConnection->query('
            SELECT 
                nama_anak AS nama, 
                \'Balita\' AS kategori, 
                created_at AS tanggal, 
                \'green\' AS warna
            FROM tb_data_baru_balita
            UNION ALL
            SELECT 
                nama_ibu AS nama, 
                \'Ibu Hamil\' AS kategori, 
                created_at AS tanggal, 
                \'blue\' AS warna
            FROM tb_data_baru_ibu_hamil
            UNION ALL
            SELECT 
                nama_remaja AS nama, 
                \'Remaja Putri\' AS kategori, 
                created_at AS tanggal, 
                \'pink\' AS warna
            FROM tb_data_baru_remaja_putri
            ORDER BY tanggal DESC
            LIMIT 5
        ')
 5 SYSTEMPATH\CodeIgniter.php(933): App\Controllers\Dashboard->index()
 6 SYSTEMPATH\CodeIgniter.php(507): CodeIgniter\CodeIgniter->runController(Object(App\Controllers\Dashboard))
 7 SYSTEMPATH\CodeIgniter.php(354): CodeIgniter\CodeIgniter->handleRequest(null, Object(Config\Cache), false)
 8 SYSTEMPATH\Boot.php(334): CodeIgniter\CodeIgniter->run()
 9 SYSTEMPATH\Boot.php(67): CodeIgniter\Boot::runCodeIgniter(Object(CodeIgniter\CodeIgniter))
10 FCPATH\index.php(56): CodeIgniter\Boot::bootWeb(Object(Config\Paths))
11 SYSTEMPATH\rewrite.php(44): require_once('C:\\xampp\\htdocs\\posyandu\\public\\index.php')
DEBUG - 2025-04-26 06:31:03 --> Session: Class initialized using 'CodeIgniter\Session\Handlers\FileHandler' driver.
ERROR - 2025-04-26 06:36:25 --> mysqli_sql_exception: Unknown column 'nama_balita' in 'field list' in C:\xampp\htdocs\posyandu\system\Database\MySQLi\Connection.php:327
Stack trace:
#0 C:\xampp\htdocs\posyandu\system\Database\MySQLi\Connection.php(327): mysqli->query('\r\n            S...', 0)
#1 C:\xampp\htdocs\posyandu\system\Database\BaseConnection.php(738): CodeIgniter\Database\MySQLi\Connection->execute('\r\n            S...')
#2 C:\xampp\htdocs\posyandu\system\Database\BaseConnection.php(652): CodeIgniter\Database\BaseConnection->simpleQuery('\r\n            S...')
#3 C:\xampp\htdocs\posyandu\app\Controllers\Dashboard.php(75): CodeIgniter\Database\BaseConnection->query('\r\n            S...')
#4 C:\xampp\htdocs\posyandu\system\CodeIgniter.php(933): App\Controllers\Dashboard->index()
#5 C:\xampp\htdocs\posyandu\system\CodeIgniter.php(507): CodeIgniter\CodeIgniter->runController(Object(App\Controllers\Dashboard))
#6 C:\xampp\htdocs\posyandu\system\CodeIgniter.php(354): CodeIgniter\CodeIgniter->handleRequest(NULL, Object(Config\Cache), false)
#7 C:\xampp\htdocs\posyandu\system\Boot.php(334): CodeIgniter\CodeIgniter->run()
#8 C:\xampp\htdocs\posyandu\system\Boot.php(67): CodeIgniter\Boot::runCodeIgniter(Object(CodeIgniter\CodeIgniter))
#9 C:\xampp\htdocs\posyandu\public\index.php(56): CodeIgniter\Boot::bootWeb(Object(Config\Paths))
#10 C:\xampp\htdocs\posyandu\system\rewrite.php(44): require_once('C:\\xampp\\htdocs...')
#11 {main}
CRITICAL - 2025-04-26 06:36:25 --> CodeIgniter\Database\Exceptions\DatabaseException: Unknown column 'nama_balita' in 'field list'
[Method: GET, Route: admin/dashboard]
in SYSTEMPATH\Database\BaseConnection.php on line 692.
 1 APPPATH\Controllers\Dashboard.php(75): CodeIgniter\Database\BaseConnection->query('
            SELECT 
        nama_balita AS nama, 
        \'Balita\' AS kategori, 
        created_at AS tanggal, 
        \'blue\' AS warna
    FROM tb_data_baru_balita
    UNION ALL
    SELECT 
        nama_ibu AS nama, 
        \'Ibu Hamil\' AS kategori, 
        created_at AS tanggal, 
        \'green\' AS warna
    FROM tb_data_baru_ibu_hamil
    UNION ALL
    SELECT 
        nama_remaja AS nama, 
        \'Remaja Putri\' AS kategori, 
        created_at AS tanggal, 
        \'purple\' AS warna
    FROM tb_data_baru_remaja_putri
    ORDER BY tanggal DESC
    LIMIT 10
        ')
 2 SYSTEMPATH\CodeIgniter.php(933): App\Controllers\Dashboard->index()
 3 SYSTEMPATH\CodeIgniter.php(507): CodeIgniter\CodeIgniter->runController(Object(App\Controllers\Dashboard))
 4 SYSTEMPATH\CodeIgniter.php(354): CodeIgniter\CodeIgniter->handleRequest(null, Object(Config\Cache), false)
 5 SYSTEMPATH\Boot.php(334): CodeIgniter\CodeIgniter->run()
 6 SYSTEMPATH\Boot.php(67): CodeIgniter\Boot::runCodeIgniter(Object(CodeIgniter\CodeIgniter))
 7 FCPATH\index.php(56): CodeIgniter\Boot::bootWeb(Object(Config\Paths))
 8 SYSTEMPATH\rewrite.php(44): require_once('C:\\xampp\\htdocs\\posyandu\\public\\index.php')
CRITICAL - 2025-04-26 06:36:25 --> [Caused by] CodeIgniter\Database\Exceptions\DatabaseException: Unknown column 'nama_balita' in 'field list'
in SYSTEMPATH\Database\MySQLi\Connection.php on line 332.
 1 SYSTEMPATH\Database\BaseConnection.php(738): CodeIgniter\Database\MySQLi\Connection->execute('
            SELECT 
        nama_balita AS nama, 
        \'Balita\' AS kategori, 
        created_at AS tanggal, 
        \'blue\' AS warna
    FROM tb_data_baru_balita
    UNION ALL
    SELECT 
        nama_ibu AS nama, 
        \'Ibu Hamil\' AS kategori, 
        created_at AS tanggal, 
        \'green\' AS warna
    FROM tb_data_baru_ibu_hamil
    UNION ALL
    SELECT 
        nama_remaja AS nama, 
        \'Remaja Putri\' AS kategori, 
        created_at AS tanggal, 
        \'purple\' AS warna
    FROM tb_data_baru_remaja_putri
    ORDER BY tanggal DESC
    LIMIT 10
        ')
 2 SYSTEMPATH\Database\BaseConnection.php(652): CodeIgniter\Database\BaseConnection->simpleQuery('
            SELECT 
        nama_balita AS nama, 
        \'Balita\' AS kategori, 
        created_at AS tanggal, 
        \'blue\' AS warna
    FROM tb_data_baru_balita
    UNION ALL
    SELECT 
        nama_ibu AS nama, 
        \'Ibu Hamil\' AS kategori, 
        created_at AS tanggal, 
        \'green\' AS warna
    FROM tb_data_baru_ibu_hamil
    UNION ALL
    SELECT 
        nama_remaja AS nama, 
        \'Remaja Putri\' AS kategori, 
        created_at AS tanggal, 
        \'purple\' AS warna
    FROM tb_data_baru_remaja_putri
    ORDER BY tanggal DESC
    LIMIT 10
        ')
 3 APPPATH\Controllers\Dashboard.php(75): CodeIgniter\Database\BaseConnection->query('
            SELECT 
        nama_balita AS nama, 
        \'Balita\' AS kategori, 
        created_at AS tanggal, 
        \'blue\' AS warna
    FROM tb_data_baru_balita
    UNION ALL
    SELECT 
        nama_ibu AS nama, 
        \'Ibu Hamil\' AS kategori, 
        created_at AS tanggal, 
        \'green\' AS warna
    FROM tb_data_baru_ibu_hamil
    UNION ALL
    SELECT 
        nama_remaja AS nama, 
        \'Remaja Putri\' AS kategori, 
        created_at AS tanggal, 
        \'purple\' AS warna
    FROM tb_data_baru_remaja_putri
    ORDER BY tanggal DESC
    LIMIT 10
        ')
 4 SYSTEMPATH\CodeIgniter.php(933): App\Controllers\Dashboard->index()
 5 SYSTEMPATH\CodeIgniter.php(507): CodeIgniter\CodeIgniter->runController(Object(App\Controllers\Dashboard))
 6 SYSTEMPATH\CodeIgniter.php(354): CodeIgniter\CodeIgniter->handleRequest(null, Object(Config\Cache), false)
 7 SYSTEMPATH\Boot.php(334): CodeIgniter\CodeIgniter->run()
 8 SYSTEMPATH\Boot.php(67): CodeIgniter\Boot::runCodeIgniter(Object(CodeIgniter\CodeIgniter))
 9 FCPATH\index.php(56): CodeIgniter\Boot::bootWeb(Object(Config\Paths))
10 SYSTEMPATH\rewrite.php(44): require_once('C:\\xampp\\htdocs\\posyandu\\public\\index.php')
CRITICAL - 2025-04-26 06:36:25 --> [Caused by] mysqli_sql_exception: Unknown column 'nama_balita' in 'field list'
in SYSTEMPATH\Database\MySQLi\Connection.php on line 327.
 1 SYSTEMPATH\Database\MySQLi\Connection.php(327): mysqli->query('
            SELECT 
        nama_balita AS nama, 
        \'Balita\' AS kategori, 
        created_at AS tanggal, 
        \'blue\' AS warna
    FROM tb_data_baru_balita
    UNION ALL
    SELECT 
        nama_ibu AS nama, 
        \'Ibu Hamil\' AS kategori, 
        created_at AS tanggal, 
        \'green\' AS warna
    FROM tb_data_baru_ibu_hamil
    UNION ALL
    SELECT 
        nama_remaja AS nama, 
        \'Remaja Putri\' AS kategori, 
        created_at AS tanggal, 
        \'purple\' AS warna
    FROM tb_data_baru_remaja_putri
    ORDER BY tanggal DESC
    LIMIT 10
        ', 0)
 2 SYSTEMPATH\Database\BaseConnection.php(738): CodeIgniter\Database\MySQLi\Connection->execute('
            SELECT 
        nama_balita AS nama, 
        \'Balita\' AS kategori, 
        created_at AS tanggal, 
        \'blue\' AS warna
    FROM tb_data_baru_balita
    UNION ALL
    SELECT 
        nama_ibu AS nama, 
        \'Ibu Hamil\' AS kategori, 
        created_at AS tanggal, 
        \'green\' AS warna
    FROM tb_data_baru_ibu_hamil
    UNION ALL
    SELECT 
        nama_remaja AS nama, 
        \'Remaja Putri\' AS kategori, 
        created_at AS tanggal, 
        \'purple\' AS warna
    FROM tb_data_baru_remaja_putri
    ORDER BY tanggal DESC
    LIMIT 10
        ')
 3 SYSTEMPATH\Database\BaseConnection.php(652): CodeIgniter\Database\BaseConnection->simpleQuery('
            SELECT 
        nama_balita AS nama, 
        \'Balita\' AS kategori, 
        created_at AS tanggal, 
        \'blue\' AS warna
    FROM tb_data_baru_balita
    UNION ALL
    SELECT 
        nama_ibu AS nama, 
        \'Ibu Hamil\' AS kategori, 
        created_at AS tanggal, 
        \'green\' AS warna
    FROM tb_data_baru_ibu_hamil
    UNION ALL
    SELECT 
        nama_remaja AS nama, 
        \'Remaja Putri\' AS kategori, 
        created_at AS tanggal, 
        \'purple\' AS warna
    FROM tb_data_baru_remaja_putri
    ORDER BY tanggal DESC
    LIMIT 10
        ')
 4 APPPATH\Controllers\Dashboard.php(75): CodeIgniter\Database\BaseConnection->query('
            SELECT 
        nama_balita AS nama, 
        \'Balita\' AS kategori, 
        created_at AS tanggal, 
        \'blue\' AS warna
    FROM tb_data_baru_balita
    UNION ALL
    SELECT 
        nama_ibu AS nama, 
        \'Ibu Hamil\' AS kategori, 
        created_at AS tanggal, 
        \'green\' AS warna
    FROM tb_data_baru_ibu_hamil
    UNION ALL
    SELECT 
        nama_remaja AS nama, 
        \'Remaja Putri\' AS kategori, 
        created_at AS tanggal, 
        \'purple\' AS warna
    FROM tb_data_baru_remaja_putri
    ORDER BY tanggal DESC
    LIMIT 10
        ')
 5 SYSTEMPATH\CodeIgniter.php(933): App\Controllers\Dashboard->index()
 6 SYSTEMPATH\CodeIgniter.php(507): CodeIgniter\CodeIgniter->runController(Object(App\Controllers\Dashboard))
 7 SYSTEMPATH\CodeIgniter.php(354): CodeIgniter\CodeIgniter->handleRequest(null, Object(Config\Cache), false)
 8 SYSTEMPATH\Boot.php(334): CodeIgniter\CodeIgniter->run()
 9 SYSTEMPATH\Boot.php(67): CodeIgniter\Boot::runCodeIgniter(Object(CodeIgniter\CodeIgniter))
10 FCPATH\index.php(56): CodeIgniter\Boot::bootWeb(Object(Config\Paths))
11 SYSTEMPATH\rewrite.php(44): require_once('C:\\xampp\\htdocs\\posyandu\\public\\index.php')
DEBUG - 2025-04-26 06:37:31 --> Session: Class initialized using 'CodeIgniter\Session\Handlers\FileHandler' driver.
DEBUG - 2025-04-26 06:53:46 --> Session: Class initialized using 'CodeIgniter\Session\Handlers\FileHandler' driver.
DEBUG - 2025-04-26 06:53:52 --> Session: Class initialized using 'CodeIgniter\Session\Handlers\FileHandler' driver.
DEBUG - 2025-04-26 06:53:56 --> Session: Class initialized using 'CodeIgniter\Session\Handlers\FileHandler' driver.
DEBUG - 2025-04-26 06:57:57 --> Session: Class initialized using 'CodeIgniter\Session\Handlers\FileHandler' driver.
DEBUG - 2025-04-26 06:58:07 --> Session: Class initialized using 'CodeIgniter\Session\Handlers\FileHandler' driver.
DEBUG - 2025-04-26 07:21:44 --> Session: Class initialized using 'CodeIgniter\Session\Handlers\FileHandler' driver.
DEBUG - 2025-04-26 07:25:54 --> Session: Class initialized using 'CodeIgniter\Session\Handlers\FileHandler' driver.
DEBUG - 2025-04-26 07:25:57 --> Session: Class initialized using 'CodeIgniter\Session\Handlers\FileHandler' driver.
DEBUG - 2025-04-26 07:26:02 --> Session: Class initialized using 'CodeIgniter\Session\Handlers\FileHandler' driver.
DEBUG - 2025-04-26 07:26:11 --> Session: Class initialized using 'CodeIgniter\Session\Handlers\FileHandler' driver.
DEBUG - 2025-04-26 07:26:14 --> Session: Class initialized using 'CodeIgniter\Session\Handlers\FileHandler' driver.
ERROR - 2025-04-26 07:40:10 --> mysqli_sql_exception: Unknown column 'nama_anak' in 'where clause' in C:\xampp\htdocs\posyandu\system\Database\MySQLi\Connection.php:327
Stack trace:
#0 C:\xampp\htdocs\posyandu\system\Database\MySQLi\Connection.php(327): mysqli->query('SELECT *\nFROM `...', 0)
#1 C:\xampp\htdocs\posyandu\system\Database\BaseConnection.php(738): CodeIgniter\Database\MySQLi\Connection->execute('SELECT *\nFROM `...')
#2 C:\xampp\htdocs\posyandu\system\Database\BaseConnection.php(652): CodeIgniter\Database\BaseConnection->simpleQuery('SELECT *\nFROM `...')
#3 C:\xampp\htdocs\posyandu\system\Database\BaseBuilder.php(1649): CodeIgniter\Database\BaseConnection->query('SELECT *\nFROM `...', Array, false)
#4 C:\xampp\htdocs\posyandu\app\Models\PemantauanModel.php(118): CodeIgniter\Database\BaseBuilder->get()
#5 C:\xampp\htdocs\posyandu\app\Controllers\PemantauanController.php(26): App\Models\PemantauanModel->getPemantauan('AISYAH FITRIANI...', '', 25, '2')
#6 C:\xampp\htdocs\posyandu\system\CodeIgniter.php(933): App\Controllers\PemantauanController->index()
#7 C:\xampp\htdocs\posyandu\system\CodeIgniter.php(507): CodeIgniter\CodeIgniter->runController(Object(App\Controllers\PemantauanController))
#8 C:\xampp\htdocs\posyandu\system\CodeIgniter.php(354): CodeIgniter\CodeIgniter->handleRequest(NULL, Object(Config\Cache), false)
#9 C:\xampp\htdocs\posyandu\system\Boot.php(334): CodeIgniter\CodeIgniter->run()
#10 C:\xampp\htdocs\posyandu\system\Boot.php(67): CodeIgniter\Boot::runCodeIgniter(Object(CodeIgniter\CodeIgniter))
#11 C:\xampp\htdocs\posyandu\public\index.php(56): CodeIgniter\Boot::bootWeb(Object(Config\Paths))
#12 C:\xampp\htdocs\posyandu\system\rewrite.php(44): require_once('C:\\xampp\\htdocs...')
#13 {main}
CRITICAL - 2025-04-26 07:40:11 --> CodeIgniter\Database\Exceptions\DatabaseException: Unknown column 'nama_anak' in 'where clause'
[Method: GET, Route: admin/pemantauan-balita]
in SYSTEMPATH\Database\BaseConnection.php on line 692.
 1 SYSTEMPATH\Database\BaseBuilder.php(1649): CodeIgniter\Database\BaseConnection->query('SELECT *
FROM `tb_pemantauan_balita2025new`
WHERE `nama_anak` LIKE :nama_anak: ESCAPE \'!\'
 LIMIT 25, 25', [...], false)
 2 APPPATH\Models\PemantauanModel.php(118): CodeIgniter\Database\BaseBuilder->get()
 3 APPPATH\Controllers\PemantauanController.php(26): App\Models\PemantauanModel->getPemantauan('AISYAH FITRIANI NUR AZIZAH', '', 25, '2')
 4 SYSTEMPATH\CodeIgniter.php(933): App\Controllers\PemantauanController->index()
 5 SYSTEMPATH\CodeIgniter.php(507): CodeIgniter\CodeIgniter->runController(Object(App\Controllers\PemantauanController))
 6 SYSTEMPATH\CodeIgniter.php(354): CodeIgniter\CodeIgniter->handleRequest(null, Object(Config\Cache), false)
 7 SYSTEMPATH\Boot.php(334): CodeIgniter\CodeIgniter->run()
 8 SYSTEMPATH\Boot.php(67): CodeIgniter\Boot::runCodeIgniter(Object(CodeIgniter\CodeIgniter))
 9 FCPATH\index.php(56): CodeIgniter\Boot::bootWeb(Object(Config\Paths))
10 SYSTEMPATH\rewrite.php(44): require_once('C:\\xampp\\htdocs\\posyandu\\public\\index.php')
CRITICAL - 2025-04-26 07:40:11 --> [Caused by] CodeIgniter\Database\Exceptions\DatabaseException: Unknown column 'nama_anak' in 'where clause'
in SYSTEMPATH\Database\MySQLi\Connection.php on line 332.
 1 SYSTEMPATH\Database\BaseConnection.php(738): CodeIgniter\Database\MySQLi\Connection->execute('SELECT *
FROM `tb_pemantauan_balita2025new`
WHERE `nama_anak` LIKE \'%AISYAH FITRIANI NUR AZIZAH%\' ESCAPE \'!\'
 LIMIT 25, 25')
 2 SYSTEMPATH\Database\BaseConnection.php(652): CodeIgniter\Database\BaseConnection->simpleQuery('SELECT *
FROM `tb_pemantauan_balita2025new`
WHERE `nama_anak` LIKE \'%AISYAH FITRIANI NUR AZIZAH%\' ESCAPE \'!\'
 LIMIT 25, 25')
 3 SYSTEMPATH\Database\BaseBuilder.php(1649): CodeIgniter\Database\BaseConnection->query('SELECT *
FROM `tb_pemantauan_balita2025new`
WHERE `nama_anak` LIKE :nama_anak: ESCAPE \'!\'
 LIMIT 25, 25', [...], false)
 4 APPPATH\Models\PemantauanModel.php(118): CodeIgniter\Database\BaseBuilder->get()
 5 APPPATH\Controllers\PemantauanController.php(26): App\Models\PemantauanModel->getPemantauan('AISYAH FITRIANI NUR AZIZAH', '', 25, '2')
 6 SYSTEMPATH\CodeIgniter.php(933): App\Controllers\PemantauanController->index()
 7 SYSTEMPATH\CodeIgniter.php(507): CodeIgniter\CodeIgniter->runController(Object(App\Controllers\PemantauanController))
 8 SYSTEMPATH\CodeIgniter.php(354): CodeIgniter\CodeIgniter->handleRequest(null, Object(Config\Cache), false)
 9 SYSTEMPATH\Boot.php(334): CodeIgniter\CodeIgniter->run()
10 SYSTEMPATH\Boot.php(67): CodeIgniter\Boot::runCodeIgniter(Object(CodeIgniter\CodeIgniter))
11 FCPATH\index.php(56): CodeIgniter\Boot::bootWeb(Object(Config\Paths))
12 SYSTEMPATH\rewrite.php(44): require_once('C:\\xampp\\htdocs\\posyandu\\public\\index.php')
CRITICAL - 2025-04-26 07:40:11 --> [Caused by] mysqli_sql_exception: Unknown column 'nama_anak' in 'where clause'
in SYSTEMPATH\Database\MySQLi\Connection.php on line 327.
 1 SYSTEMPATH\Database\MySQLi\Connection.php(327): mysqli->query('SELECT *
FROM `tb_pemantauan_balita2025new`
WHERE `nama_anak` LIKE \'%AISYAH FITRIANI NUR AZIZAH%\' ESCAPE \'!\'
 LIMIT 25, 25', 0)
 2 SYSTEMPATH\Database\BaseConnection.php(738): CodeIgniter\Database\MySQLi\Connection->execute('SELECT *
FROM `tb_pemantauan_balita2025new`
WHERE `nama_anak` LIKE \'%AISYAH FITRIANI NUR AZIZAH%\' ESCAPE \'!\'
 LIMIT 25, 25')
 3 SYSTEMPATH\Database\BaseConnection.php(652): CodeIgniter\Database\BaseConnection->simpleQuery('SELECT *
FROM `tb_pemantauan_balita2025new`
WHERE `nama_anak` LIKE \'%AISYAH FITRIANI NUR AZIZAH%\' ESCAPE \'!\'
 LIMIT 25, 25')
 4 SYSTEMPATH\Database\BaseBuilder.php(1649): CodeIgniter\Database\BaseConnection->query('SELECT *
FROM `tb_pemantauan_balita2025new`
WHERE `nama_anak` LIKE :nama_anak: ESCAPE \'!\'
 LIMIT 25, 25', [...], false)
 5 APPPATH\Models\PemantauanModel.php(118): CodeIgniter\Database\BaseBuilder->get()
 6 APPPATH\Controllers\PemantauanController.php(26): App\Models\PemantauanModel->getPemantauan('AISYAH FITRIANI NUR AZIZAH', '', 25, '2')
 7 SYSTEMPATH\CodeIgniter.php(933): App\Controllers\PemantauanController->index()
 8 SYSTEMPATH\CodeIgniter.php(507): CodeIgniter\CodeIgniter->runController(Object(App\Controllers\PemantauanController))
 9 SYSTEMPATH\CodeIgniter.php(354): CodeIgniter\CodeIgniter->handleRequest(null, Object(Config\Cache), false)
10 SYSTEMPATH\Boot.php(334): CodeIgniter\CodeIgniter->run()
11 SYSTEMPATH\Boot.php(67): CodeIgniter\Boot::runCodeIgniter(Object(CodeIgniter\CodeIgniter))
12 FCPATH\index.php(56): CodeIgniter\Boot::bootWeb(Object(Config\Paths))
13 SYSTEMPATH\rewrite.php(44): require_once('C:\\xampp\\htdocs\\posyandu\\public\\index.php')
DEBUG - 2025-04-26 07:44:18 --> Session: Class initialized using 'CodeIgniter\Session\Handlers\FileHandler' driver.
DEBUG - 2025-04-26 07:44:19 --> Session: Class initialized using 'CodeIgniter\Session\Handlers\FileHandler' driver.
DEBUG - 2025-04-26 07:44:24 --> Session: Class initialized using 'CodeIgniter\Session\Handlers\FileHandler' driver.
DEBUG - 2025-04-26 07:44:24 --> Session: Class initialized using 'CodeIgniter\Session\Handlers\FileHandler' driver.
DEBUG - 2025-04-26 11:53:01 --> Session: Class initialized using 'CodeIgniter\Session\Handlers\FileHandler' driver.
ERROR - 2025-04-26 11:53:06 --> Error connecting to the database: mysqli_sql_exception: No connection could be made because the target machine actively refused it in C:\xampp\htdocs\posyandu\system\Database\MySQLi\Connection.php:201
Stack trace:
#0 C:\xampp\htdocs\posyandu\system\Database\MySQLi\Connection.php(201): mysqli->real_connect('localhost', 'root', Object(SensitiveParameterValue), 'posyandusurobay...', 3306, '', 0)
#1 C:\xampp\htdocs\posyandu\system\Database\BaseConnection.php(421): CodeIgniter\Database\MySQLi\Connection->connect(false)
#2 C:\xampp\htdocs\posyandu\system\Database\BaseConnection.php(620): CodeIgniter\Database\BaseConnection->initialize()
#3 C:\xampp\htdocs\posyandu\system\Database\BaseBuilder.php(1678): CodeIgniter\Database\BaseConnection->query('SELECT COUNT(*)...', NULL, false)
#4 C:\xampp\htdocs\posyandu\app\Models\BerandaModel.php(17): CodeIgniter\Database\BaseBuilder->countAll()
#5 C:\xampp\htdocs\posyandu\app\Controllers\BerandaController.php(15): App\Models\BerandaModel->getTotal('tb_data_balita2...')
#6 C:\xampp\htdocs\posyandu\system\CodeIgniter.php(933): App\Controllers\BerandaController->index()
#7 C:\xampp\htdocs\posyandu\system\CodeIgniter.php(507): CodeIgniter\CodeIgniter->runController(Object(App\Controllers\BerandaController))
#8 C:\xampp\htdocs\posyandu\system\CodeIgniter.php(354): CodeIgniter\CodeIgniter->handleRequest(NULL, Object(Config\Cache), false)
#9 C:\xampp\htdocs\posyandu\system\Boot.php(334): CodeIgniter\CodeIgniter->run()
#10 C:\xampp\htdocs\posyandu\system\Boot.php(67): CodeIgniter\Boot::runCodeIgniter(Object(CodeIgniter\CodeIgniter))
#11 C:\xampp\htdocs\posyandu\public\index.php(56): CodeIgniter\Boot::bootWeb(Object(Config\Paths))
#12 C:\xampp\htdocs\posyandu\system\rewrite.php(44): require_once('C:\\xampp\\htdocs...')
#13 {main}

Next CodeIgniter\Database\Exceptions\DatabaseException: No connection could be made because the target machine actively refused it in C:\xampp\htdocs\posyandu\system\Database\MySQLi\Connection.php:246
Stack trace:
#0 C:\xampp\htdocs\posyandu\system\Database\BaseConnection.php(421): CodeIgniter\Database\MySQLi\Connection->connect(false)
#1 C:\xampp\htdocs\posyandu\system\Database\BaseConnection.php(620): CodeIgniter\Database\BaseConnection->initialize()
#2 C:\xampp\htdocs\posyandu\system\Database\BaseBuilder.php(1678): CodeIgniter\Database\BaseConnection->query('SELECT COUNT(*)...', NULL, false)
#3 C:\xampp\htdocs\posyandu\app\Models\BerandaModel.php(17): CodeIgniter\Database\BaseBuilder->countAll()
#4 C:\xampp\htdocs\posyandu\app\Controllers\BerandaController.php(15): App\Models\BerandaModel->getTotal('tb_data_balita2...')
#5 C:\xampp\htdocs\posyandu\system\CodeIgniter.php(933): App\Controllers\BerandaController->index()
#6 C:\xampp\htdocs\posyandu\system\CodeIgniter.php(507): CodeIgniter\CodeIgniter->runController(Object(App\Controllers\BerandaController))
#7 C:\xampp\htdocs\posyandu\system\CodeIgniter.php(354): CodeIgniter\CodeIgniter->handleRequest(NULL, Object(Config\Cache), false)
#8 C:\xampp\htdocs\posyandu\system\Boot.php(334): CodeIgniter\CodeIgniter->run()
#9 C:\xampp\htdocs\posyandu\system\Boot.php(67): CodeIgniter\Boot::runCodeIgniter(Object(CodeIgniter\CodeIgniter))
#10 C:\xampp\htdocs\posyandu\public\index.php(56): CodeIgniter\Boot::bootWeb(Object(Config\Paths))
#11 C:\xampp\htdocs\posyandu\system\rewrite.php(44): require_once('C:\\xampp\\htdocs...')
#12 {main}
CRITICAL - 2025-04-26 11:53:06 --> CodeIgniter\Database\Exceptions\DatabaseException: Unable to connect to the database.
Main connection [MySQLi]: No connection could be made because the target machine actively refused it
[Method: GET, Route: /]
in SYSTEMPATH\Database\BaseConnection.php on line 467.
 1 SYSTEMPATH\Database\BaseConnection.php(620): CodeIgniter\Database\BaseConnection->initialize()
 2 SYSTEMPATH\Database\BaseBuilder.php(1678): CodeIgniter\Database\BaseConnection->query('SELECT COUNT(*) AS `numrows` FROM `tb_data_balita2025_surobayan`', null, false)
 3 APPPATH\Models\BerandaModel.php(17): CodeIgniter\Database\BaseBuilder->countAll()
 4 APPPATH\Controllers\BerandaController.php(15): App\Models\BerandaModel->getTotal('tb_data_balita2025_surobayan')
 5 SYSTEMPATH\CodeIgniter.php(933): App\Controllers\BerandaController->index()
 6 SYSTEMPATH\CodeIgniter.php(507): CodeIgniter\CodeIgniter->runController(Object(App\Controllers\BerandaController))
 7 SYSTEMPATH\CodeIgniter.php(354): CodeIgniter\CodeIgniter->handleRequest(null, Object(Config\Cache), false)
 8 SYSTEMPATH\Boot.php(334): CodeIgniter\CodeIgniter->run()
 9 SYSTEMPATH\Boot.php(67): CodeIgniter\Boot::runCodeIgniter(Object(CodeIgniter\CodeIgniter))
10 FCPATH\index.php(56): CodeIgniter\Boot::bootWeb(Object(Config\Paths))
11 SYSTEMPATH\rewrite.php(44): require_once('C:\\xampp\\htdocs\\posyandu\\public\\index.php')
DEBUG - 2025-04-26 11:53:18 --> Session: Class initialized using 'CodeIgniter\Session\Handlers\FileHandler' driver.
