CRITICAL - 2025-03-18 13:38:50 --> ParseError: syntax error, unexpected token "("
[Method: GET, Route: /]
in APPPATH\Controllers\Home.php on line 18.
 1 SYSTEMPATH\Autoloader\Autoloader.php(295): CodeIgniter\Autoloader\Autoloader->includeFile('C:\\xampp\\htdocs\\posyandu\\app\\Controllers\\Home.php')
 2 SYSTEMPATH\Autoloader\Autoloader.php(271): CodeIgniter\Autoloader\Autoloader->loadInNamespace('App\\Controllers\\Home')
 3 [internal function]: CodeIgniter\Autoloader\Autoloader->loadClass('App\\Controllers\\Home')
 4 SYSTEMPATH\CodeIgniter.php(885): class_exists('\\App\\Controllers\\Home', true)
 5 SYSTEMPATH\CodeIgniter.php(494): CodeIgniter\CodeIgniter->startController()
 6 SYSTEMPATH\CodeIgniter.php(354): CodeIgniter\CodeIgniter->handleRequest(null, Object(Config\Cache), false)
 7 SYSTEMPATH\Boot.php(334): CodeIgniter\CodeIgniter->run()
 8 SYSTEMPATH\Boot.php(67): CodeIgniter\Boot::runCodeIgniter(Object(CodeIgniter\CodeIgniter))
 9 FCPATH\index.php(56): CodeIgniter\Boot::bootWeb(Object(Config\Paths))
10 SYSTEMPATH\rewrite.php(44): require_once('C:\\xampp\\htdocs\\posyandu\\public\\index.php')
CRITICAL - 2025-03-18 13:38:55 --> ParseError: syntax error, unexpected token "("
[Method: GET, Route: kontak]
in APPPATH\Controllers\Home.php on line 18.
 1 SYSTEMPATH\Autoloader\Autoloader.php(295): CodeIgniter\Autoloader\Autoloader->includeFile('C:\\xampp\\htdocs\\posyandu\\app\\Controllers\\Home.php')
 2 SYSTEMPATH\Autoloader\Autoloader.php(271): CodeIgniter\Autoloader\Autoloader->loadInNamespace('App\\Controllers\\Home')
 3 [internal function]: CodeIgniter\Autoloader\Autoloader->loadClass('App\\Controllers\\Home')
 4 SYSTEMPATH\CodeIgniter.php(885): class_exists('\\App\\Controllers\\Home', true)
 5 SYSTEMPATH\CodeIgniter.php(494): CodeIgniter\CodeIgniter->startController()
 6 SYSTEMPATH\CodeIgniter.php(354): CodeIgniter\CodeIgniter->handleRequest(null, Object(Config\Cache), false)
 7 SYSTEMPATH\Boot.php(334): CodeIgniter\CodeIgniter->run()
 8 SYSTEMPATH\Boot.php(67): CodeIgniter\Boot::runCodeIgniter(Object(CodeIgniter\CodeIgniter))
 9 FCPATH\index.php(56): CodeIgniter\Boot::bootWeb(Object(Config\Paths))
10 SYSTEMPATH\rewrite.php(44): require_once('C:\\xampp\\htdocs\\posyandu\\public\\index.php')
CRITICAL - 2025-03-18 13:38:56 --> ParseError: syntax error, unexpected token "("
[Method: GET, Route: jadwal]
in APPPATH\Controllers\Home.php on line 18.
 1 SYSTEMPATH\Autoloader\Autoloader.php(295): CodeIgniter\Autoloader\Autoloader->includeFile('C:\\xampp\\htdocs\\posyandu\\app\\Controllers\\Home.php')
 2 SYSTEMPATH\Autoloader\Autoloader.php(271): CodeIgniter\Autoloader\Autoloader->loadInNamespace('App\\Controllers\\Home')
 3 [internal function]: CodeIgniter\Autoloader\Autoloader->loadClass('App\\Controllers\\Home')
 4 SYSTEMPATH\CodeIgniter.php(885): class_exists('\\App\\Controllers\\Home', true)
 5 SYSTEMPATH\CodeIgniter.php(494): CodeIgniter\CodeIgniter->startController()
 6 SYSTEMPATH\CodeIgniter.php(354): CodeIgniter\CodeIgniter->handleRequest(null, Object(Config\Cache), false)
 7 SYSTEMPATH\Boot.php(334): CodeIgniter\CodeIgniter->run()
 8 SYSTEMPATH\Boot.php(67): CodeIgniter\Boot::runCodeIgniter(Object(CodeIgniter\CodeIgniter))
 9 FCPATH\index.php(56): CodeIgniter\Boot::bootWeb(Object(Config\Paths))
10 SYSTEMPATH\rewrite.php(44): require_once('C:\\xampp\\htdocs\\posyandu\\public\\index.php')
CRITICAL - 2025-03-18 13:38:58 --> ParseError: syntax error, unexpected token "("
[Method: GET, Route: beranda]
in APPPATH\Controllers\Home.php on line 18.
 1 SYSTEMPATH\Autoloader\Autoloader.php(295): CodeIgniter\Autoloader\Autoloader->includeFile('C:\\xampp\\htdocs\\posyandu\\app\\Controllers\\Home.php')
 2 SYSTEMPATH\Autoloader\Autoloader.php(271): CodeIgniter\Autoloader\Autoloader->loadInNamespace('App\\Controllers\\Home')
 3 [internal function]: CodeIgniter\Autoloader\Autoloader->loadClass('App\\Controllers\\Home')
 4 SYSTEMPATH\CodeIgniter.php(885): class_exists('\\App\\Controllers\\Home', true)
 5 SYSTEMPATH\CodeIgniter.php(494): CodeIgniter\CodeIgniter->startController()
 6 SYSTEMPATH\CodeIgniter.php(354): CodeIgniter\CodeIgniter->handleRequest(null, Object(Config\Cache), false)
 7 SYSTEMPATH\Boot.php(334): CodeIgniter\CodeIgniter->run()
 8 SYSTEMPATH\Boot.php(67): CodeIgniter\Boot::runCodeIgniter(Object(CodeIgniter\CodeIgniter))
 9 FCPATH\index.php(56): CodeIgniter\Boot::bootWeb(Object(Config\Paths))
10 SYSTEMPATH\rewrite.php(44): require_once('C:\\xampp\\htdocs\\posyandu\\public\\index.php')
CRITICAL - 2025-03-18 13:39:02 --> ParseError: syntax error, unexpected token "("
[Method: GET, Route: /]
in APPPATH\Controllers\Home.php on line 18.
 1 SYSTEMPATH\Autoloader\Autoloader.php(295): CodeIgniter\Autoloader\Autoloader->includeFile('C:\\xampp\\htdocs\\posyandu\\app\\Controllers\\Home.php')
 2 SYSTEMPATH\Autoloader\Autoloader.php(271): CodeIgniter\Autoloader\Autoloader->loadInNamespace('App\\Controllers\\Home')
 3 [internal function]: CodeIgniter\Autoloader\Autoloader->loadClass('App\\Controllers\\Home')
 4 SYSTEMPATH\CodeIgniter.php(885): class_exists('\\App\\Controllers\\Home', true)
 5 SYSTEMPATH\CodeIgniter.php(494): CodeIgniter\CodeIgniter->startController()
 6 SYSTEMPATH\CodeIgniter.php(354): CodeIgniter\CodeIgniter->handleRequest(null, Object(Config\Cache), false)
 7 SYSTEMPATH\Boot.php(334): CodeIgniter\CodeIgniter->run()
 8 SYSTEMPATH\Boot.php(67): CodeIgniter\Boot::runCodeIgniter(Object(CodeIgniter\CodeIgniter))
 9 FCPATH\index.php(56): CodeIgniter\Boot::bootWeb(Object(Config\Paths))
10 SYSTEMPATH\rewrite.php(44): require_once('C:\\xampp\\htdocs\\posyandu\\public\\index.php')
CRITICAL - 2025-03-18 16:38:36 --> ErrorException: Undefined variable $ibuHamil
[Method: GET, Route: admin/data-ibu-hamil]
in APPPATH\Views\admin\data_ibu_hamil.php on line 37.
 1 APPPATH\Views\admin\data_ibu_hamil.php(37): CodeIgniter\Debug\Exceptions->errorHandler(2, 'Undefined variable $ibuHamil', 'C:\\xampp\\htdocs\\posyandu\\app\\Views\\admin\\data_ibu_hamil.php', 37)
 2 SYSTEMPATH\View\View.php(224): include('C:\\xampp\\htdocs\\posyandu\\app\\Views\\admin\\data_ibu_hamil.php')
 3 SYSTEMPATH\View\View.php(227): CodeIgniter\View\View->CodeIgniter\View\{closure}()
 4 SYSTEMPATH\Common.php(1173): CodeIgniter\View\View->render('admin/data_ibu_hamil', [], true)
 5 APPPATH\Controllers\AdminController.php(31): view('admin/data_ibu_hamil')
 6 SYSTEMPATH\CodeIgniter.php(933): App\Controllers\AdminController->dataIbuHamil()
 7 SYSTEMPATH\CodeIgniter.php(507): CodeIgniter\CodeIgniter->runController(Object(App\Controllers\AdminController))
 8 SYSTEMPATH\CodeIgniter.php(354): CodeIgniter\CodeIgniter->handleRequest(null, Object(Config\Cache), false)
 9 SYSTEMPATH\Boot.php(334): CodeIgniter\CodeIgniter->run()
10 SYSTEMPATH\Boot.php(67): CodeIgniter\Boot::runCodeIgniter(Object(CodeIgniter\CodeIgniter))
11 FCPATH\index.php(56): CodeIgniter\Boot::bootWeb(Object(Config\Paths))
12 SYSTEMPATH\rewrite.php(44): require_once('C:\\xampp\\htdocs\\posyandu\\public\\index.php')
CRITICAL - 2025-03-18 17:10:01 --> ErrorException: Undefined variable $ibuHamil
[Method: GET, Route: admin/data-ibu-hamil]
in APPPATH\Views\admin\data_ibu_hamil.php on line 37.
 1 APPPATH\Views\admin\data_ibu_hamil.php(37): CodeIgniter\Debug\Exceptions->errorHandler(2, 'Undefined variable $ibuHamil', 'C:\\xampp\\htdocs\\posyandu\\app\\Views\\admin\\data_ibu_hamil.php', 37)
 2 SYSTEMPATH\View\View.php(224): include('C:\\xampp\\htdocs\\posyandu\\app\\Views\\admin\\data_ibu_hamil.php')
 3 SYSTEMPATH\View\View.php(227): CodeIgniter\View\View->CodeIgniter\View\{closure}()
 4 SYSTEMPATH\Common.php(1173): CodeIgniter\View\View->render('admin/data_ibu_hamil', [], true)
 5 APPPATH\Controllers\AdminController.php(31): view('admin/data_ibu_hamil')
 6 SYSTEMPATH\CodeIgniter.php(933): App\Controllers\AdminController->dataIbuHamil()
 7 SYSTEMPATH\CodeIgniter.php(507): CodeIgniter\CodeIgniter->runController(Object(App\Controllers\AdminController))
 8 SYSTEMPATH\CodeIgniter.php(354): CodeIgniter\CodeIgniter->handleRequest(null, Object(Config\Cache), false)
 9 SYSTEMPATH\Boot.php(334): CodeIgniter\CodeIgniter->run()
10 SYSTEMPATH\Boot.php(67): CodeIgniter\Boot::runCodeIgniter(Object(CodeIgniter\CodeIgniter))
11 FCPATH\index.php(56): CodeIgniter\Boot::bootWeb(Object(Config\Paths))
12 SYSTEMPATH\rewrite.php(44): require_once('C:\\xampp\\htdocs\\posyandu\\public\\index.php')
ERROR - 2025-03-18 17:39:08 --> mysqli_sql_exception: Table 'posyandusurobayan_db.tb_data_usia_produktif_rt010' doesn't exist in C:\xampp\htdocs\posyandu\system\Database\MySQLi\Connection.php:327
Stack trace:
#0 C:\xampp\htdocs\posyandu\system\Database\MySQLi\Connection.php(327): mysqli->query('\r\n             ...', 0)
#1 C:\xampp\htdocs\posyandu\system\Database\BaseConnection.php(738): CodeIgniter\Database\MySQLi\Connection->execute('\r\n             ...')
#2 C:\xampp\htdocs\posyandu\system\Database\BaseConnection.php(652): CodeIgniter\Database\BaseConnection->simpleQuery('\r\n             ...')
#3 C:\xampp\htdocs\posyandu\app\Models\DashboardModel.php(58): CodeIgniter\Database\BaseConnection->query('\r\n             ...')
#4 C:\xampp\htdocs\posyandu\app\Controllers\Dashboard.php(18): App\Models\DashboardModel->getUsiaProduktif()
#5 C:\xampp\htdocs\posyandu\system\CodeIgniter.php(933): App\Controllers\Dashboard->index()
#6 C:\xampp\htdocs\posyandu\system\CodeIgniter.php(507): CodeIgniter\CodeIgniter->runController(Object(App\Controllers\Dashboard))
#7 C:\xampp\htdocs\posyandu\system\CodeIgniter.php(354): CodeIgniter\CodeIgniter->handleRequest(NULL, Object(Config\Cache), false)
#8 C:\xampp\htdocs\posyandu\system\Boot.php(334): CodeIgniter\CodeIgniter->run()
#9 C:\xampp\htdocs\posyandu\system\Boot.php(67): CodeIgniter\Boot::runCodeIgniter(Object(CodeIgniter\CodeIgniter))
#10 C:\xampp\htdocs\posyandu\public\index.php(56): CodeIgniter\Boot::bootWeb(Object(Config\Paths))
#11 C:\xampp\htdocs\posyandu\system\rewrite.php(44): require_once('C:\\xampp\\htdocs...')
#12 {main}
CRITICAL - 2025-03-18 17:39:08 --> CodeIgniter\Database\Exceptions\DatabaseException: Table 'posyandusurobayan_db.tb_data_usia_produktif_rt010' doesn't exist
[Method: GET, Route: admin/dashboard]
in SYSTEMPATH\Database\BaseConnection.php on line 692.
 1 APPPATH\Models\DashboardModel.php(58): CodeIgniter\Database\BaseConnection->query('
                SELECT 
                    COUNT(*) as total,
                    SUM(CASE WHEN jenis_kelamin = \'P\' THEN 1 ELSE 0 END) as perempuan,
                    SUM(CASE WHEN jenis_kelamin = \'L\' THEN 1 ELSE 0 END) as laki
                FROM tb_data_usia_produktif_rt010
            ')
 2 APPPATH\Controllers\Dashboard.php(18): App\Models\DashboardModel->getUsiaProduktif()
 3 SYSTEMPATH\CodeIgniter.php(933): App\Controllers\Dashboard->index()
 4 SYSTEMPATH\CodeIgniter.php(507): CodeIgniter\CodeIgniter->runController(Object(App\Controllers\Dashboard))
 5 SYSTEMPATH\CodeIgniter.php(354): CodeIgniter\CodeIgniter->handleRequest(null, Object(Config\Cache), false)
 6 SYSTEMPATH\Boot.php(334): CodeIgniter\CodeIgniter->run()
 7 SYSTEMPATH\Boot.php(67): CodeIgniter\Boot::runCodeIgniter(Object(CodeIgniter\CodeIgniter))
 8 FCPATH\index.php(56): CodeIgniter\Boot::bootWeb(Object(Config\Paths))
 9 SYSTEMPATH\rewrite.php(44): require_once('C:\\xampp\\htdocs\\posyandu\\public\\index.php')
CRITICAL - 2025-03-18 17:39:08 --> [Caused by] CodeIgniter\Database\Exceptions\DatabaseException: Table 'posyandusurobayan_db.tb_data_usia_produktif_rt010' doesn't exist
in SYSTEMPATH\Database\MySQLi\Connection.php on line 332.
 1 SYSTEMPATH\Database\BaseConnection.php(738): CodeIgniter\Database\MySQLi\Connection->execute('
                SELECT 
                    COUNT(*) as total,
                    SUM(CASE WHEN jenis_kelamin = \'P\' THEN 1 ELSE 0 END) as perempuan,
                    SUM(CASE WHEN jenis_kelamin = \'L\' THEN 1 ELSE 0 END) as laki
                FROM tb_data_usia_produktif_rt010
            ')
 2 SYSTEMPATH\Database\BaseConnection.php(652): CodeIgniter\Database\BaseConnection->simpleQuery('
                SELECT 
                    COUNT(*) as total,
                    SUM(CASE WHEN jenis_kelamin = \'P\' THEN 1 ELSE 0 END) as perempuan,
                    SUM(CASE WHEN jenis_kelamin = \'L\' THEN 1 ELSE 0 END) as laki
                FROM tb_data_usia_produktif_rt010
            ')
 3 APPPATH\Models\DashboardModel.php(58): CodeIgniter\Database\BaseConnection->query('
                SELECT 
                    COUNT(*) as total,
                    SUM(CASE WHEN jenis_kelamin = \'P\' THEN 1 ELSE 0 END) as perempuan,
                    SUM(CASE WHEN jenis_kelamin = \'L\' THEN 1 ELSE 0 END) as laki
                FROM tb_data_usia_produktif_rt010
            ')
 4 APPPATH\Controllers\Dashboard.php(18): App\Models\DashboardModel->getUsiaProduktif()
 5 SYSTEMPATH\CodeIgniter.php(933): App\Controllers\Dashboard->index()
 6 SYSTEMPATH\CodeIgniter.php(507): CodeIgniter\CodeIgniter->runController(Object(App\Controllers\Dashboard))
 7 SYSTEMPATH\CodeIgniter.php(354): CodeIgniter\CodeIgniter->handleRequest(null, Object(Config\Cache), false)
 8 SYSTEMPATH\Boot.php(334): CodeIgniter\CodeIgniter->run()
 9 SYSTEMPATH\Boot.php(67): CodeIgniter\Boot::runCodeIgniter(Object(CodeIgniter\CodeIgniter))
10 FCPATH\index.php(56): CodeIgniter\Boot::bootWeb(Object(Config\Paths))
11 SYSTEMPATH\rewrite.php(44): require_once('C:\\xampp\\htdocs\\posyandu\\public\\index.php')
CRITICAL - 2025-03-18 17:39:08 --> [Caused by] mysqli_sql_exception: Table 'posyandusurobayan_db.tb_data_usia_produktif_rt010' doesn't exist
in SYSTEMPATH\Database\MySQLi\Connection.php on line 327.
 1 SYSTEMPATH\Database\MySQLi\Connection.php(327): mysqli->query('
                SELECT 
                    COUNT(*) as total,
                    SUM(CASE WHEN jenis_kelamin = \'P\' THEN 1 ELSE 0 END) as perempuan,
                    SUM(CASE WHEN jenis_kelamin = \'L\' THEN 1 ELSE 0 END) as laki
                FROM tb_data_usia_produktif_rt010
            ', 0)
 2 SYSTEMPATH\Database\BaseConnection.php(738): CodeIgniter\Database\MySQLi\Connection->execute('
                SELECT 
                    COUNT(*) as total,
                    SUM(CASE WHEN jenis_kelamin = \'P\' THEN 1 ELSE 0 END) as perempuan,
                    SUM(CASE WHEN jenis_kelamin = \'L\' THEN 1 ELSE 0 END) as laki
                FROM tb_data_usia_produktif_rt010
            ')
 3 SYSTEMPATH\Database\BaseConnection.php(652): CodeIgniter\Database\BaseConnection->simpleQuery('
                SELECT 
                    COUNT(*) as total,
                    SUM(CASE WHEN jenis_kelamin = \'P\' THEN 1 ELSE 0 END) as perempuan,
                    SUM(CASE WHEN jenis_kelamin = \'L\' THEN 1 ELSE 0 END) as laki
                FROM tb_data_usia_produktif_rt010
            ')
 4 APPPATH\Models\DashboardModel.php(58): CodeIgniter\Database\BaseConnection->query('
                SELECT 
                    COUNT(*) as total,
                    SUM(CASE WHEN jenis_kelamin = \'P\' THEN 1 ELSE 0 END) as perempuan,
                    SUM(CASE WHEN jenis_kelamin = \'L\' THEN 1 ELSE 0 END) as laki
                FROM tb_data_usia_produktif_rt010
            ')
 5 APPPATH\Controllers\Dashboard.php(18): App\Models\DashboardModel->getUsiaProduktif()
 6 SYSTEMPATH\CodeIgniter.php(933): App\Controllers\Dashboard->index()
 7 SYSTEMPATH\CodeIgniter.php(507): CodeIgniter\CodeIgniter->runController(Object(App\Controllers\Dashboard))
 8 SYSTEMPATH\CodeIgniter.php(354): CodeIgniter\CodeIgniter->handleRequest(null, Object(Config\Cache), false)
 9 SYSTEMPATH\Boot.php(334): CodeIgniter\CodeIgniter->run()
10 SYSTEMPATH\Boot.php(67): CodeIgniter\Boot::runCodeIgniter(Object(CodeIgniter\CodeIgniter))
11 FCPATH\index.php(56): CodeIgniter\Boot::bootWeb(Object(Config\Paths))
12 SYSTEMPATH\rewrite.php(44): require_once('C:\\xampp\\htdocs\\posyandu\\public\\index.php')
CRITICAL - 2025-03-18 17:39:16 --> CodeIgniter\View\Exceptions\ViewException: Invalid file: "admin/data_balita.php"
[Method: GET, Route: admin/data-balita]
in SYSTEMPATH\Exceptions\FrameworkException.php on line 39.
 1 SYSTEMPATH\View\View.php(212): CodeIgniter\Exceptions\FrameworkException::forInvalidFile('admin/data_balita.php')
 2 SYSTEMPATH\Common.php(1173): CodeIgniter\View\View->render('admin/data_balita', [], true)
 3 APPPATH\Controllers\AdminController.php(14): view('admin/data_balita')
 4 SYSTEMPATH\CodeIgniter.php(933): App\Controllers\AdminController->dataBalita()
 5 SYSTEMPATH\CodeIgniter.php(507): CodeIgniter\CodeIgniter->runController(Object(App\Controllers\AdminController))
 6 SYSTEMPATH\CodeIgniter.php(354): CodeIgniter\CodeIgniter->handleRequest(null, Object(Config\Cache), false)
 7 SYSTEMPATH\Boot.php(334): CodeIgniter\CodeIgniter->run()
 8 SYSTEMPATH\Boot.php(67): CodeIgniter\Boot::runCodeIgniter(Object(CodeIgniter\CodeIgniter))
 9 FCPATH\index.php(56): CodeIgniter\Boot::bootWeb(Object(Config\Paths))
10 SYSTEMPATH\rewrite.php(44): require_once('C:\\xampp\\htdocs\\posyandu\\public\\index.php')
CRITICAL - 2025-03-18 17:39:26 --> CodeIgniter\View\Exceptions\ViewException: Invalid file: "admin/data_balita.php"
[Method: GET, Route: admin/data-balita]
in SYSTEMPATH\Exceptions\FrameworkException.php on line 39.
 1 SYSTEMPATH\View\View.php(212): CodeIgniter\Exceptions\FrameworkException::forInvalidFile('admin/data_balita.php')
 2 SYSTEMPATH\Common.php(1173): CodeIgniter\View\View->render('admin/data_balita', [], true)
 3 APPPATH\Controllers\AdminController.php(14): view('admin/data_balita')
 4 SYSTEMPATH\CodeIgniter.php(933): App\Controllers\AdminController->dataBalita()
 5 SYSTEMPATH\CodeIgniter.php(507): CodeIgniter\CodeIgniter->runController(Object(App\Controllers\AdminController))
 6 SYSTEMPATH\CodeIgniter.php(354): CodeIgniter\CodeIgniter->handleRequest(null, Object(Config\Cache), false)
 7 SYSTEMPATH\Boot.php(334): CodeIgniter\CodeIgniter->run()
 8 SYSTEMPATH\Boot.php(67): CodeIgniter\Boot::runCodeIgniter(Object(CodeIgniter\CodeIgniter))
 9 FCPATH\index.php(56): CodeIgniter\Boot::bootWeb(Object(Config\Paths))
10 SYSTEMPATH\rewrite.php(44): require_once('C:\\xampp\\htdocs\\posyandu\\public\\index.php')
CRITICAL - 2025-03-18 17:39:28 --> CodeIgniter\View\Exceptions\ViewException: Invalid file: "admin/data_balita.php"
[Method: GET, Route: admin/data-balita]
in SYSTEMPATH\Exceptions\FrameworkException.php on line 39.
 1 SYSTEMPATH\View\View.php(212): CodeIgniter\Exceptions\FrameworkException::forInvalidFile('admin/data_balita.php')
 2 SYSTEMPATH\Common.php(1173): CodeIgniter\View\View->render('admin/data_balita', [], true)
 3 APPPATH\Controllers\AdminController.php(14): view('admin/data_balita')
 4 SYSTEMPATH\CodeIgniter.php(933): App\Controllers\AdminController->dataBalita()
 5 SYSTEMPATH\CodeIgniter.php(507): CodeIgniter\CodeIgniter->runController(Object(App\Controllers\AdminController))
 6 SYSTEMPATH\CodeIgniter.php(354): CodeIgniter\CodeIgniter->handleRequest(null, Object(Config\Cache), false)
 7 SYSTEMPATH\Boot.php(334): CodeIgniter\CodeIgniter->run()
 8 SYSTEMPATH\Boot.php(67): CodeIgniter\Boot::runCodeIgniter(Object(CodeIgniter\CodeIgniter))
 9 FCPATH\index.php(56): CodeIgniter\Boot::bootWeb(Object(Config\Paths))
10 SYSTEMPATH\rewrite.php(44): require_once('C:\\xampp\\htdocs\\posyandu\\public\\index.php')
CRITICAL - 2025-03-18 17:39:39 --> CodeIgniter\View\Exceptions\ViewException: Invalid file: "admin/data_balita.php"
[Method: GET, Route: admin/data-balita]
in SYSTEMPATH\Exceptions\FrameworkException.php on line 39.
 1 SYSTEMPATH\View\View.php(212): CodeIgniter\Exceptions\FrameworkException::forInvalidFile('admin/data_balita.php')
 2 SYSTEMPATH\Common.php(1173): CodeIgniter\View\View->render('admin/data_balita', [], true)
 3 APPPATH\Controllers\AdminController.php(14): view('admin/data_balita')
 4 SYSTEMPATH\CodeIgniter.php(933): App\Controllers\AdminController->dataBalita()
 5 SYSTEMPATH\CodeIgniter.php(507): CodeIgniter\CodeIgniter->runController(Object(App\Controllers\AdminController))
 6 SYSTEMPATH\CodeIgniter.php(354): CodeIgniter\CodeIgniter->handleRequest(null, Object(Config\Cache), false)
 7 SYSTEMPATH\Boot.php(334): CodeIgniter\CodeIgniter->run()
 8 SYSTEMPATH\Boot.php(67): CodeIgniter\Boot::runCodeIgniter(Object(CodeIgniter\CodeIgniter))
 9 FCPATH\index.php(56): CodeIgniter\Boot::bootWeb(Object(Config\Paths))
10 SYSTEMPATH\rewrite.php(44): require_once('C:\\xampp\\htdocs\\posyandu\\public\\index.php')
ERROR - 2025-03-18 17:39:50 --> mysqli_sql_exception: Table 'posyandusurobayan_db.tb_data_usia_produktif_rt010' doesn't exist in C:\xampp\htdocs\posyandu\system\Database\MySQLi\Connection.php:327
Stack trace:
#0 C:\xampp\htdocs\posyandu\system\Database\MySQLi\Connection.php(327): mysqli->query('\r\n             ...', 0)
#1 C:\xampp\htdocs\posyandu\system\Database\BaseConnection.php(738): CodeIgniter\Database\MySQLi\Connection->execute('\r\n             ...')
#2 C:\xampp\htdocs\posyandu\system\Database\BaseConnection.php(652): CodeIgniter\Database\BaseConnection->simpleQuery('\r\n             ...')
#3 C:\xampp\htdocs\posyandu\app\Models\DashboardModel.php(58): CodeIgniter\Database\BaseConnection->query('\r\n             ...')
#4 C:\xampp\htdocs\posyandu\app\Controllers\Dashboard.php(18): App\Models\DashboardModel->getUsiaProduktif()
#5 C:\xampp\htdocs\posyandu\system\CodeIgniter.php(933): App\Controllers\Dashboard->index()
#6 C:\xampp\htdocs\posyandu\system\CodeIgniter.php(507): CodeIgniter\CodeIgniter->runController(Object(App\Controllers\Dashboard))
#7 C:\xampp\htdocs\posyandu\system\CodeIgniter.php(354): CodeIgniter\CodeIgniter->handleRequest(NULL, Object(Config\Cache), false)
#8 C:\xampp\htdocs\posyandu\system\Boot.php(334): CodeIgniter\CodeIgniter->run()
#9 C:\xampp\htdocs\posyandu\system\Boot.php(67): CodeIgniter\Boot::runCodeIgniter(Object(CodeIgniter\CodeIgniter))
#10 C:\xampp\htdocs\posyandu\public\index.php(56): CodeIgniter\Boot::bootWeb(Object(Config\Paths))
#11 C:\xampp\htdocs\posyandu\system\rewrite.php(44): require_once('C:\\xampp\\htdocs...')
#12 {main}
CRITICAL - 2025-03-18 17:39:50 --> CodeIgniter\Database\Exceptions\DatabaseException: Table 'posyandusurobayan_db.tb_data_usia_produktif_rt010' doesn't exist
[Method: GET, Route: admin/dashboard]
in SYSTEMPATH\Database\BaseConnection.php on line 692.
 1 APPPATH\Models\DashboardModel.php(58): CodeIgniter\Database\BaseConnection->query('
                SELECT 
                    COUNT(*) as total,
                    SUM(CASE WHEN jenis_kelamin = \'P\' THEN 1 ELSE 0 END) as perempuan,
                    SUM(CASE WHEN jenis_kelamin = \'L\' THEN 1 ELSE 0 END) as laki
                FROM tb_data_usia_produktif_rt010
            ')
 2 APPPATH\Controllers\Dashboard.php(18): App\Models\DashboardModel->getUsiaProduktif()
 3 SYSTEMPATH\CodeIgniter.php(933): App\Controllers\Dashboard->index()
 4 SYSTEMPATH\CodeIgniter.php(507): CodeIgniter\CodeIgniter->runController(Object(App\Controllers\Dashboard))
 5 SYSTEMPATH\CodeIgniter.php(354): CodeIgniter\CodeIgniter->handleRequest(null, Object(Config\Cache), false)
 6 SYSTEMPATH\Boot.php(334): CodeIgniter\CodeIgniter->run()
 7 SYSTEMPATH\Boot.php(67): CodeIgniter\Boot::runCodeIgniter(Object(CodeIgniter\CodeIgniter))
 8 FCPATH\index.php(56): CodeIgniter\Boot::bootWeb(Object(Config\Paths))
 9 SYSTEMPATH\rewrite.php(44): require_once('C:\\xampp\\htdocs\\posyandu\\public\\index.php')
CRITICAL - 2025-03-18 17:39:50 --> [Caused by] CodeIgniter\Database\Exceptions\DatabaseException: Table 'posyandusurobayan_db.tb_data_usia_produktif_rt010' doesn't exist
in SYSTEMPATH\Database\MySQLi\Connection.php on line 332.
 1 SYSTEMPATH\Database\BaseConnection.php(738): CodeIgniter\Database\MySQLi\Connection->execute('
                SELECT 
                    COUNT(*) as total,
                    SUM(CASE WHEN jenis_kelamin = \'P\' THEN 1 ELSE 0 END) as perempuan,
                    SUM(CASE WHEN jenis_kelamin = \'L\' THEN 1 ELSE 0 END) as laki
                FROM tb_data_usia_produktif_rt010
            ')
 2 SYSTEMPATH\Database\BaseConnection.php(652): CodeIgniter\Database\BaseConnection->simpleQuery('
                SELECT 
                    COUNT(*) as total,
                    SUM(CASE WHEN jenis_kelamin = \'P\' THEN 1 ELSE 0 END) as perempuan,
                    SUM(CASE WHEN jenis_kelamin = \'L\' THEN 1 ELSE 0 END) as laki
                FROM tb_data_usia_produktif_rt010
            ')
 3 APPPATH\Models\DashboardModel.php(58): CodeIgniter\Database\BaseConnection->query('
                SELECT 
                    COUNT(*) as total,
                    SUM(CASE WHEN jenis_kelamin = \'P\' THEN 1 ELSE 0 END) as perempuan,
                    SUM(CASE WHEN jenis_kelamin = \'L\' THEN 1 ELSE 0 END) as laki
                FROM tb_data_usia_produktif_rt010
            ')
 4 APPPATH\Controllers\Dashboard.php(18): App\Models\DashboardModel->getUsiaProduktif()
 5 SYSTEMPATH\CodeIgniter.php(933): App\Controllers\Dashboard->index()
 6 SYSTEMPATH\CodeIgniter.php(507): CodeIgniter\CodeIgniter->runController(Object(App\Controllers\Dashboard))
 7 SYSTEMPATH\CodeIgniter.php(354): CodeIgniter\CodeIgniter->handleRequest(null, Object(Config\Cache), false)
 8 SYSTEMPATH\Boot.php(334): CodeIgniter\CodeIgniter->run()
 9 SYSTEMPATH\Boot.php(67): CodeIgniter\Boot::runCodeIgniter(Object(CodeIgniter\CodeIgniter))
10 FCPATH\index.php(56): CodeIgniter\Boot::bootWeb(Object(Config\Paths))
11 SYSTEMPATH\rewrite.php(44): require_once('C:\\xampp\\htdocs\\posyandu\\public\\index.php')
CRITICAL - 2025-03-18 17:39:50 --> [Caused by] mysqli_sql_exception: Table 'posyandusurobayan_db.tb_data_usia_produktif_rt010' doesn't exist
in SYSTEMPATH\Database\MySQLi\Connection.php on line 327.
 1 SYSTEMPATH\Database\MySQLi\Connection.php(327): mysqli->query('
                SELECT 
                    COUNT(*) as total,
                    SUM(CASE WHEN jenis_kelamin = \'P\' THEN 1 ELSE 0 END) as perempuan,
                    SUM(CASE WHEN jenis_kelamin = \'L\' THEN 1 ELSE 0 END) as laki
                FROM tb_data_usia_produktif_rt010
            ', 0)
 2 SYSTEMPATH\Database\BaseConnection.php(738): CodeIgniter\Database\MySQLi\Connection->execute('
                SELECT 
                    COUNT(*) as total,
                    SUM(CASE WHEN jenis_kelamin = \'P\' THEN 1 ELSE 0 END) as perempuan,
                    SUM(CASE WHEN jenis_kelamin = \'L\' THEN 1 ELSE 0 END) as laki
                FROM tb_data_usia_produktif_rt010
            ')
 3 SYSTEMPATH\Database\BaseConnection.php(652): CodeIgniter\Database\BaseConnection->simpleQuery('
                SELECT 
                    COUNT(*) as total,
                    SUM(CASE WHEN jenis_kelamin = \'P\' THEN 1 ELSE 0 END) as perempuan,
                    SUM(CASE WHEN jenis_kelamin = \'L\' THEN 1 ELSE 0 END) as laki
                FROM tb_data_usia_produktif_rt010
            ')
 4 APPPATH\Models\DashboardModel.php(58): CodeIgniter\Database\BaseConnection->query('
                SELECT 
                    COUNT(*) as total,
                    SUM(CASE WHEN jenis_kelamin = \'P\' THEN 1 ELSE 0 END) as perempuan,
                    SUM(CASE WHEN jenis_kelamin = \'L\' THEN 1 ELSE 0 END) as laki
                FROM tb_data_usia_produktif_rt010
            ')
 5 APPPATH\Controllers\Dashboard.php(18): App\Models\DashboardModel->getUsiaProduktif()
 6 SYSTEMPATH\CodeIgniter.php(933): App\Controllers\Dashboard->index()
 7 SYSTEMPATH\CodeIgniter.php(507): CodeIgniter\CodeIgniter->runController(Object(App\Controllers\Dashboard))
 8 SYSTEMPATH\CodeIgniter.php(354): CodeIgniter\CodeIgniter->handleRequest(null, Object(Config\Cache), false)
 9 SYSTEMPATH\Boot.php(334): CodeIgniter\CodeIgniter->run()
10 SYSTEMPATH\Boot.php(67): CodeIgniter\Boot::runCodeIgniter(Object(CodeIgniter\CodeIgniter))
11 FCPATH\index.php(56): CodeIgniter\Boot::bootWeb(Object(Config\Paths))
12 SYSTEMPATH\rewrite.php(44): require_once('C:\\xampp\\htdocs\\posyandu\\public\\index.php')
ERROR - 2025-03-18 17:41:31 --> mysqli_sql_exception: Table 'posyandusurobayan_db.tb_data_usia_produktif_rt010' doesn't exist in C:\xampp\htdocs\posyandu\system\Database\MySQLi\Connection.php:327
Stack trace:
#0 C:\xampp\htdocs\posyandu\system\Database\MySQLi\Connection.php(327): mysqli->query('\r\n             ...', 0)
#1 C:\xampp\htdocs\posyandu\system\Database\BaseConnection.php(738): CodeIgniter\Database\MySQLi\Connection->execute('\r\n             ...')
#2 C:\xampp\htdocs\posyandu\system\Database\BaseConnection.php(652): CodeIgniter\Database\BaseConnection->simpleQuery('\r\n             ...')
#3 C:\xampp\htdocs\posyandu\app\Models\DashboardModel.php(58): CodeIgniter\Database\BaseConnection->query('\r\n             ...')
#4 C:\xampp\htdocs\posyandu\app\Controllers\Dashboard.php(18): App\Models\DashboardModel->getUsiaProduktif()
#5 C:\xampp\htdocs\posyandu\system\CodeIgniter.php(933): App\Controllers\Dashboard->index()
#6 C:\xampp\htdocs\posyandu\system\CodeIgniter.php(507): CodeIgniter\CodeIgniter->runController(Object(App\Controllers\Dashboard))
#7 C:\xampp\htdocs\posyandu\system\CodeIgniter.php(354): CodeIgniter\CodeIgniter->handleRequest(NULL, Object(Config\Cache), false)
#8 C:\xampp\htdocs\posyandu\system\Boot.php(334): CodeIgniter\CodeIgniter->run()
#9 C:\xampp\htdocs\posyandu\system\Boot.php(67): CodeIgniter\Boot::runCodeIgniter(Object(CodeIgniter\CodeIgniter))
#10 C:\xampp\htdocs\posyandu\public\index.php(56): CodeIgniter\Boot::bootWeb(Object(Config\Paths))
#11 C:\xampp\htdocs\posyandu\system\rewrite.php(44): require_once('C:\\xampp\\htdocs...')
#12 {main}
CRITICAL - 2025-03-18 17:41:31 --> CodeIgniter\Database\Exceptions\DatabaseException: Table 'posyandusurobayan_db.tb_data_usia_produktif_rt010' doesn't exist
[Method: GET, Route: admin/dashboard]
in SYSTEMPATH\Database\BaseConnection.php on line 692.
 1 APPPATH\Models\DashboardModel.php(58): CodeIgniter\Database\BaseConnection->query('
                SELECT 
                    COUNT(*) as total,
                    SUM(CASE WHEN jenis_kelamin = \'P\' THEN 1 ELSE 0 END) as perempuan,
                    SUM(CASE WHEN jenis_kelamin = \'L\' THEN 1 ELSE 0 END) as laki
                FROM tb_data_usia_produktif_rt010
            ')
 2 APPPATH\Controllers\Dashboard.php(18): App\Models\DashboardModel->getUsiaProduktif()
 3 SYSTEMPATH\CodeIgniter.php(933): App\Controllers\Dashboard->index()
 4 SYSTEMPATH\CodeIgniter.php(507): CodeIgniter\CodeIgniter->runController(Object(App\Controllers\Dashboard))
 5 SYSTEMPATH\CodeIgniter.php(354): CodeIgniter\CodeIgniter->handleRequest(null, Object(Config\Cache), false)
 6 SYSTEMPATH\Boot.php(334): CodeIgniter\CodeIgniter->run()
 7 SYSTEMPATH\Boot.php(67): CodeIgniter\Boot::runCodeIgniter(Object(CodeIgniter\CodeIgniter))
 8 FCPATH\index.php(56): CodeIgniter\Boot::bootWeb(Object(Config\Paths))
 9 SYSTEMPATH\rewrite.php(44): require_once('C:\\xampp\\htdocs\\posyandu\\public\\index.php')
CRITICAL - 2025-03-18 17:41:31 --> [Caused by] CodeIgniter\Database\Exceptions\DatabaseException: Table 'posyandusurobayan_db.tb_data_usia_produktif_rt010' doesn't exist
in SYSTEMPATH\Database\MySQLi\Connection.php on line 332.
 1 SYSTEMPATH\Database\BaseConnection.php(738): CodeIgniter\Database\MySQLi\Connection->execute('
                SELECT 
                    COUNT(*) as total,
                    SUM(CASE WHEN jenis_kelamin = \'P\' THEN 1 ELSE 0 END) as perempuan,
                    SUM(CASE WHEN jenis_kelamin = \'L\' THEN 1 ELSE 0 END) as laki
                FROM tb_data_usia_produktif_rt010
            ')
 2 SYSTEMPATH\Database\BaseConnection.php(652): CodeIgniter\Database\BaseConnection->simpleQuery('
                SELECT 
                    COUNT(*) as total,
                    SUM(CASE WHEN jenis_kelamin = \'P\' THEN 1 ELSE 0 END) as perempuan,
                    SUM(CASE WHEN jenis_kelamin = \'L\' THEN 1 ELSE 0 END) as laki
                FROM tb_data_usia_produktif_rt010
            ')
 3 APPPATH\Models\DashboardModel.php(58): CodeIgniter\Database\BaseConnection->query('
                SELECT 
                    COUNT(*) as total,
                    SUM(CASE WHEN jenis_kelamin = \'P\' THEN 1 ELSE 0 END) as perempuan,
                    SUM(CASE WHEN jenis_kelamin = \'L\' THEN 1 ELSE 0 END) as laki
                FROM tb_data_usia_produktif_rt010
            ')
 4 APPPATH\Controllers\Dashboard.php(18): App\Models\DashboardModel->getUsiaProduktif()
 5 SYSTEMPATH\CodeIgniter.php(933): App\Controllers\Dashboard->index()
 6 SYSTEMPATH\CodeIgniter.php(507): CodeIgniter\CodeIgniter->runController(Object(App\Controllers\Dashboard))
 7 SYSTEMPATH\CodeIgniter.php(354): CodeIgniter\CodeIgniter->handleRequest(null, Object(Config\Cache), false)
 8 SYSTEMPATH\Boot.php(334): CodeIgniter\CodeIgniter->run()
 9 SYSTEMPATH\Boot.php(67): CodeIgniter\Boot::runCodeIgniter(Object(CodeIgniter\CodeIgniter))
10 FCPATH\index.php(56): CodeIgniter\Boot::bootWeb(Object(Config\Paths))
11 SYSTEMPATH\rewrite.php(44): require_once('C:\\xampp\\htdocs\\posyandu\\public\\index.php')
CRITICAL - 2025-03-18 17:41:31 --> [Caused by] mysqli_sql_exception: Table 'posyandusurobayan_db.tb_data_usia_produktif_rt010' doesn't exist
in SYSTEMPATH\Database\MySQLi\Connection.php on line 327.
 1 SYSTEMPATH\Database\MySQLi\Connection.php(327): mysqli->query('
                SELECT 
                    COUNT(*) as total,
                    SUM(CASE WHEN jenis_kelamin = \'P\' THEN 1 ELSE 0 END) as perempuan,
                    SUM(CASE WHEN jenis_kelamin = \'L\' THEN 1 ELSE 0 END) as laki
                FROM tb_data_usia_produktif_rt010
            ', 0)
 2 SYSTEMPATH\Database\BaseConnection.php(738): CodeIgniter\Database\MySQLi\Connection->execute('
                SELECT 
                    COUNT(*) as total,
                    SUM(CASE WHEN jenis_kelamin = \'P\' THEN 1 ELSE 0 END) as perempuan,
                    SUM(CASE WHEN jenis_kelamin = \'L\' THEN 1 ELSE 0 END) as laki
                FROM tb_data_usia_produktif_rt010
            ')
 3 SYSTEMPATH\Database\BaseConnection.php(652): CodeIgniter\Database\BaseConnection->simpleQuery('
                SELECT 
                    COUNT(*) as total,
                    SUM(CASE WHEN jenis_kelamin = \'P\' THEN 1 ELSE 0 END) as perempuan,
                    SUM(CASE WHEN jenis_kelamin = \'L\' THEN 1 ELSE 0 END) as laki
                FROM tb_data_usia_produktif_rt010
            ')
 4 APPPATH\Models\DashboardModel.php(58): CodeIgniter\Database\BaseConnection->query('
                SELECT 
                    COUNT(*) as total,
                    SUM(CASE WHEN jenis_kelamin = \'P\' THEN 1 ELSE 0 END) as perempuan,
                    SUM(CASE WHEN jenis_kelamin = \'L\' THEN 1 ELSE 0 END) as laki
                FROM tb_data_usia_produktif_rt010
            ')
 5 APPPATH\Controllers\Dashboard.php(18): App\Models\DashboardModel->getUsiaProduktif()
 6 SYSTEMPATH\CodeIgniter.php(933): App\Controllers\Dashboard->index()
 7 SYSTEMPATH\CodeIgniter.php(507): CodeIgniter\CodeIgniter->runController(Object(App\Controllers\Dashboard))
 8 SYSTEMPATH\CodeIgniter.php(354): CodeIgniter\CodeIgniter->handleRequest(null, Object(Config\Cache), false)
 9 SYSTEMPATH\Boot.php(334): CodeIgniter\CodeIgniter->run()
10 SYSTEMPATH\Boot.php(67): CodeIgniter\Boot::runCodeIgniter(Object(CodeIgniter\CodeIgniter))
11 FCPATH\index.php(56): CodeIgniter\Boot::bootWeb(Object(Config\Paths))
12 SYSTEMPATH\rewrite.php(44): require_once('C:\\xampp\\htdocs\\posyandu\\public\\index.php')
CRITICAL - 2025-03-18 17:46:53 --> CodeIgniter\View\Exceptions\ViewException: Invalid file: "admin/data_balita.php"
[Method: GET, Route: admin/data-balita]
in SYSTEMPATH\Exceptions\FrameworkException.php on line 39.
 1 SYSTEMPATH\View\View.php(212): CodeIgniter\Exceptions\FrameworkException::forInvalidFile('admin/data_balita.php')
 2 SYSTEMPATH\Common.php(1173): CodeIgniter\View\View->render('admin/data_balita', [], true)
 3 APPPATH\Controllers\AdminController.php(14): view('admin/data_balita')
 4 SYSTEMPATH\CodeIgniter.php(933): App\Controllers\AdminController->dataBalita()
 5 SYSTEMPATH\CodeIgniter.php(507): CodeIgniter\CodeIgniter->runController(Object(App\Controllers\AdminController))
 6 SYSTEMPATH\CodeIgniter.php(354): CodeIgniter\CodeIgniter->handleRequest(null, Object(Config\Cache), false)
 7 SYSTEMPATH\Boot.php(334): CodeIgniter\CodeIgniter->run()
 8 SYSTEMPATH\Boot.php(67): CodeIgniter\Boot::runCodeIgniter(Object(CodeIgniter\CodeIgniter))
 9 FCPATH\index.php(56): CodeIgniter\Boot::bootWeb(Object(Config\Paths))
10 SYSTEMPATH\rewrite.php(44): require_once('C:\\xampp\\htdocs\\posyandu\\public\\index.php')
CRITICAL - 2025-03-18 17:47:00 --> CodeIgniter\View\Exceptions\ViewException: Invalid file: "admin/data_balita.php"
[Method: GET, Route: admin/data-balita]
in SYSTEMPATH\Exceptions\FrameworkException.php on line 39.
 1 SYSTEMPATH\View\View.php(212): CodeIgniter\Exceptions\FrameworkException::forInvalidFile('admin/data_balita.php')
 2 SYSTEMPATH\Common.php(1173): CodeIgniter\View\View->render('admin/data_balita', [], true)
 3 APPPATH\Controllers\AdminController.php(14): view('admin/data_balita')
 4 SYSTEMPATH\CodeIgniter.php(933): App\Controllers\AdminController->dataBalita()
 5 SYSTEMPATH\CodeIgniter.php(507): CodeIgniter\CodeIgniter->runController(Object(App\Controllers\AdminController))
 6 SYSTEMPATH\CodeIgniter.php(354): CodeIgniter\CodeIgniter->handleRequest(null, Object(Config\Cache), false)
 7 SYSTEMPATH\Boot.php(334): CodeIgniter\CodeIgniter->run()
 8 SYSTEMPATH\Boot.php(67): CodeIgniter\Boot::runCodeIgniter(Object(CodeIgniter\CodeIgniter))
 9 FCPATH\index.php(56): CodeIgniter\Boot::bootWeb(Object(Config\Paths))
10 SYSTEMPATH\rewrite.php(44): require_once('C:\\xampp\\htdocs\\posyandu\\public\\index.php')
CRITICAL - 2025-03-18 17:48:17 --> CodeIgniter\View\Exceptions\ViewException: Invalid file: "admin/data_balita.php"
[Method: GET, Route: admin/data-balita]
in SYSTEMPATH\Exceptions\FrameworkException.php on line 39.
 1 SYSTEMPATH\View\View.php(212): CodeIgniter\Exceptions\FrameworkException::forInvalidFile('admin/data_balita.php')
 2 SYSTEMPATH\Common.php(1173): CodeIgniter\View\View->render('admin/data_balita', [], true)
 3 APPPATH\Controllers\AdminController.php(14): view('admin/data_balita')
 4 SYSTEMPATH\CodeIgniter.php(933): App\Controllers\AdminController->dataBalita()
 5 SYSTEMPATH\CodeIgniter.php(507): CodeIgniter\CodeIgniter->runController(Object(App\Controllers\AdminController))
 6 SYSTEMPATH\CodeIgniter.php(354): CodeIgniter\CodeIgniter->handleRequest(null, Object(Config\Cache), false)
 7 SYSTEMPATH\Boot.php(334): CodeIgniter\CodeIgniter->run()
 8 SYSTEMPATH\Boot.php(67): CodeIgniter\Boot::runCodeIgniter(Object(CodeIgniter\CodeIgniter))
 9 FCPATH\index.php(56): CodeIgniter\Boot::bootWeb(Object(Config\Paths))
10 SYSTEMPATH\rewrite.php(44): require_once('C:\\xampp\\htdocs\\posyandu\\public\\index.php')
CRITICAL - 2025-03-18 18:42:56 --> ErrorException: Undefined variable $ibuHamil
[Method: GET, Route: admin/data-ibu-hamil]
in APPPATH\Views\admin\data_ibu_hamil.php on line 37.
 1 APPPATH\Views\admin\data_ibu_hamil.php(37): CodeIgniter\Debug\Exceptions->errorHandler(2, 'Undefined variable $ibuHamil', 'C:\\xampp\\htdocs\\posyandu\\app\\Views\\admin\\data_ibu_hamil.php', 37)
 2 SYSTEMPATH\View\View.php(224): include('C:\\xampp\\htdocs\\posyandu\\app\\Views\\admin\\data_ibu_hamil.php')
 3 SYSTEMPATH\View\View.php(227): CodeIgniter\View\View->CodeIgniter\View\{closure}()
 4 SYSTEMPATH\Common.php(1173): CodeIgniter\View\View->render('admin/data_ibu_hamil', [], true)
 5 APPPATH\Controllers\AdminController.php(36): view('admin/data_ibu_hamil')
 6 SYSTEMPATH\CodeIgniter.php(933): App\Controllers\AdminController->dataIbuHamil()
 7 SYSTEMPATH\CodeIgniter.php(507): CodeIgniter\CodeIgniter->runController(Object(App\Controllers\AdminController))
 8 SYSTEMPATH\CodeIgniter.php(354): CodeIgniter\CodeIgniter->handleRequest(null, Object(Config\Cache), false)
 9 SYSTEMPATH\Boot.php(334): CodeIgniter\CodeIgniter->run()
10 SYSTEMPATH\Boot.php(67): CodeIgniter\Boot::runCodeIgniter(Object(CodeIgniter\CodeIgniter))
11 FCPATH\index.php(56): CodeIgniter\Boot::bootWeb(Object(Config\Paths))
12 SYSTEMPATH\rewrite.php(44): require_once('C:\\xampp\\htdocs\\posyandu\\public\\index.php')
CRITICAL - 2025-03-18 18:59:06 --> ErrorException: Undefined variable $ibuHamil
[Method: GET, Route: admin/data-ibu-hamil]
in APPPATH\Views\admin\data_ibu_hamil.php on line 37.
 1 APPPATH\Views\admin\data_ibu_hamil.php(37): CodeIgniter\Debug\Exceptions->errorHandler(2, 'Undefined variable $ibuHamil', 'C:\\xampp\\htdocs\\posyandu\\app\\Views\\admin\\data_ibu_hamil.php', 37)
 2 SYSTEMPATH\View\View.php(224): include('C:\\xampp\\htdocs\\posyandu\\app\\Views\\admin\\data_ibu_hamil.php')
 3 SYSTEMPATH\View\View.php(227): CodeIgniter\View\View->CodeIgniter\View\{closure}()
 4 SYSTEMPATH\Common.php(1173): CodeIgniter\View\View->render('admin/data_ibu_hamil', [], true)
 5 APPPATH\Controllers\AdminController.php(36): view('admin/data_ibu_hamil')
 6 SYSTEMPATH\CodeIgniter.php(933): App\Controllers\AdminController->dataIbuHamil()
 7 SYSTEMPATH\CodeIgniter.php(507): CodeIgniter\CodeIgniter->runController(Object(App\Controllers\AdminController))
 8 SYSTEMPATH\CodeIgniter.php(354): CodeIgniter\CodeIgniter->handleRequest(null, Object(Config\Cache), false)
 9 SYSTEMPATH\Boot.php(334): CodeIgniter\CodeIgniter->run()
10 SYSTEMPATH\Boot.php(67): CodeIgniter\Boot::runCodeIgniter(Object(CodeIgniter\CodeIgniter))
11 FCPATH\index.php(56): CodeIgniter\Boot::bootWeb(Object(Config\Paths))
12 SYSTEMPATH\rewrite.php(44): require_once('C:\\xampp\\htdocs\\posyandu\\public\\index.php')
CRITICAL - 2025-03-18 19:09:35 --> ErrorException: Undefined variable $ibuHamil
[Method: GET, Route: admin/data-ibu-hamil]
in APPPATH\Views\admin\data_ibu_hamil.php on line 37.
 1 APPPATH\Views\admin\data_ibu_hamil.php(37): CodeIgniter\Debug\Exceptions->errorHandler(2, 'Undefined variable $ibuHamil', 'C:\\xampp\\htdocs\\posyandu\\app\\Views\\admin\\data_ibu_hamil.php', 37)
 2 SYSTEMPATH\View\View.php(224): include('C:\\xampp\\htdocs\\posyandu\\app\\Views\\admin\\data_ibu_hamil.php')
 3 SYSTEMPATH\View\View.php(227): CodeIgniter\View\View->CodeIgniter\View\{closure}()
 4 SYSTEMPATH\Common.php(1173): CodeIgniter\View\View->render('admin/data_ibu_hamil', [], true)
 5 APPPATH\Controllers\AdminController.php(36): view('admin/data_ibu_hamil')
 6 SYSTEMPATH\CodeIgniter.php(933): App\Controllers\AdminController->dataIbuHamil()
 7 SYSTEMPATH\CodeIgniter.php(507): CodeIgniter\CodeIgniter->runController(Object(App\Controllers\AdminController))
 8 SYSTEMPATH\CodeIgniter.php(354): CodeIgniter\CodeIgniter->handleRequest(null, Object(Config\Cache), false)
 9 SYSTEMPATH\Boot.php(334): CodeIgniter\CodeIgniter->run()
10 SYSTEMPATH\Boot.php(67): CodeIgniter\Boot::runCodeIgniter(Object(CodeIgniter\CodeIgniter))
11 FCPATH\index.php(56): CodeIgniter\Boot::bootWeb(Object(Config\Paths))
12 SYSTEMPATH\rewrite.php(44): require_once('C:\\xampp\\htdocs\\posyandu\\public\\index.php')
CRITICAL - 2025-03-18 20:22:44 --> ErrorException: ini_set(): Session ini settings cannot be changed when a session is active
[Method: GET, Route: login]
in SYSTEMPATH\Session\Handlers\FileHandler.php on line 74.
 1 [internal function]: CodeIgniter\Debug\Exceptions->errorHandler(2, 'ini_set(): Session ini settings cannot be changed when a session is active', 'C:\\xampp\\htdocs\\posyandu\\system\\Session\\Handlers\\FileHandler.php', 74)
 2 SYSTEMPATH\Session\Handlers\FileHandler.php(74): ini_set('session.save_path', 'C:\\xampp\\htdocs\\posyandu\\writable\\session')
 3 SYSTEMPATH\Config\Services.php(697): CodeIgniter\Session\Handlers\FileHandler->__construct(Object(Config\Session), '::1')
 4 SYSTEMPATH\Config\BaseService.php(312): CodeIgniter\Config\Services::session(Object(Config\Session), false)
 5 SYSTEMPATH\Config\BaseService.php(251): CodeIgniter\Config\BaseService::__callStatic('session', [...])
 6 SYSTEMPATH\Config\Services.php(668): CodeIgniter\Config\BaseService::getSharedInstance('session', null)
 7 SYSTEMPATH\Config\BaseService.php(321): CodeIgniter\Config\Services::session()
 8 SYSTEMPATH\Config\BaseService.php(202): CodeIgniter\Config\BaseService::__callStatic('session', [])
 9 SYSTEMPATH\Common.php(1000): CodeIgniter\Config\BaseService::get('session')
10 SYSTEMPATH\Common.php(973): service('session')
11 SYSTEMPATH\CodeIgniter.php(1062): session()
12 SYSTEMPATH\CodeIgniter.php(540): CodeIgniter\CodeIgniter->storePreviousURL(Object(CodeIgniter\HTTP\SiteURI))
13 SYSTEMPATH\CodeIgniter.php(354): CodeIgniter\CodeIgniter->handleRequest(null, Object(Config\Cache), false)
14 SYSTEMPATH\Boot.php(334): CodeIgniter\CodeIgniter->run()
15 SYSTEMPATH\Boot.php(67): CodeIgniter\Boot::runCodeIgniter(Object(CodeIgniter\CodeIgniter))
16 FCPATH\index.php(56): CodeIgniter\Boot::bootWeb(Object(Config\Paths))
17 SYSTEMPATH\rewrite.php(44): require_once('C:\\xampp\\htdocs\\posyandu\\public\\index.php')
CRITICAL - 2025-03-18 20:37:17 --> ErrorException: Undefined array key "cowok"
[Method: GET, Route: admin/dashboard]
in APPPATH\Views\admin\dashboard.php on line 26.
 1 APPPATH\Views\admin\dashboard.php(26): CodeIgniter\Debug\Exceptions->errorHandler(2, 'Undefined array key "cowok"', 'C:\\xampp\\htdocs\\posyandu\\app\\Views\\admin\\dashboard.php', 26)
 2 SYSTEMPATH\View\View.php(224): include('C:\\xampp\\htdocs\\posyandu\\app\\Views\\admin\\dashboard.php')
 3 SYSTEMPATH\View\View.php(227): CodeIgniter\View\View->CodeIgniter\View\{closure}()
 4 SYSTEMPATH\Common.php(1173): CodeIgniter\View\View->render('admin/dashboard', [], true)
 5 APPPATH\Controllers\AdminController.php(9): view('admin/dashboard')
 6 SYSTEMPATH\CodeIgniter.php(933): App\Controllers\AdminController->index()
 7 SYSTEMPATH\CodeIgniter.php(507): CodeIgniter\CodeIgniter->runController(Object(App\Controllers\AdminController))
 8 SYSTEMPATH\CodeIgniter.php(354): CodeIgniter\CodeIgniter->handleRequest(null, Object(Config\Cache), false)
 9 SYSTEMPATH\Boot.php(334): CodeIgniter\CodeIgniter->run()
10 SYSTEMPATH\Boot.php(67): CodeIgniter\Boot::runCodeIgniter(Object(CodeIgniter\CodeIgniter))
11 FCPATH\index.php(56): CodeIgniter\Boot::bootWeb(Object(Config\Paths))
12 SYSTEMPATH\rewrite.php(44): require_once('C:\\xampp\\htdocs\\posyandu\\public\\index.php')
