DEBUG - 2025-04-06 11:13:55 --> Session: Class initialized using 'CodeIgniter\Session\Handlers\FileHandler' driver.
DEBUG - 2025-04-06 11:14:17 --> Session: Class initialized using 'CodeIgniter\Session\Handlers\FileHandler' driver.
DEBUG - 2025-04-06 11:14:25 --> Session: Class initialized using 'CodeIgniter\Session\Handlers\FileHandler' driver.
DEBUG - 2025-04-06 11:14:30 --> Session: Class initialized using 'CodeIgniter\Session\Handlers\FileHandler' driver.
DEBUG - 2025-04-06 11:14:46 --> Session: Class initialized using 'CodeIgniter\Session\Handlers\FileHandler' driver.
DEBUG - 2025-04-06 11:24:09 --> Session: Class initialized using 'CodeIgniter\Session\Handlers\FileHandler' driver.
DEBUG - 2025-04-06 11:25:19 --> Session: Class initialized using 'CodeIgniter\Session\Handlers\FileHandler' driver.
DEBUG - 2025-04-06 11:25:28 --> Session: Class initialized using 'CodeIgniter\Session\Handlers\FileHandler' driver.
DEBUG - 2025-04-06 11:34:26 --> Session: Class initialized using 'CodeIgniter\Session\Handlers\FileHandler' driver.
DEBUG - 2025-04-06 11:36:27 --> Session: Class initialized using 'CodeIgniter\Session\Handlers\FileHandler' driver.
DEBUG - 2025-04-06 11:55:01 --> Session: Class initialized using 'CodeIgniter\Session\Handlers\FileHandler' driver.
DEBUG - 2025-04-06 11:55:34 --> Session: Class initialized using 'CodeIgniter\Session\Handlers\FileHandler' driver.
DEBUG - 2025-04-06 11:56:59 --> Session: Class initialized using 'CodeIgniter\Session\Handlers\FileHandler' driver.
DEBUG - 2025-04-06 11:57:10 --> Session: Class initialized using 'CodeIgniter\Session\Handlers\FileHandler' driver.
DEBUG - 2025-04-06 11:58:23 --> Session: Class initialized using 'CodeIgniter\Session\Handlers\FileHandler' driver.
DEBUG - 2025-04-06 11:59:44 --> Session: Class initialized using 'CodeIgniter\Session\Handlers\FileHandler' driver.
DEBUG - 2025-04-06 12:00:00 --> Session: Class initialized using 'CodeIgniter\Session\Handlers\FileHandler' driver.
DEBUG - 2025-04-06 12:00:29 --> Session: Class initialized using 'CodeIgniter\Session\Handlers\FileHandler' driver.
DEBUG - 2025-04-06 12:01:31 --> Session: Class initialized using 'CodeIgniter\Session\Handlers\FileHandler' driver.
DEBUG - 2025-04-06 12:01:40 --> Session: Class initialized using 'CodeIgniter\Session\Handlers\FileHandler' driver.
DEBUG - 2025-04-06 12:04:10 --> Session: Class initialized using 'CodeIgniter\Session\Handlers\FileHandler' driver.
DEBUG - 2025-04-06 12:08:51 --> Session: Class initialized using 'CodeIgniter\Session\Handlers\FileHandler' driver.
DEBUG - 2025-04-06 12:11:47 --> Session: Class initialized using 'CodeIgniter\Session\Handlers\FileHandler' driver.
DEBUG - 2025-04-06 12:19:57 --> Session: Class initialized using 'CodeIgniter\Session\Handlers\FileHandler' driver.
DEBUG - 2025-04-06 12:23:15 --> Session: Class initialized using 'CodeIgniter\Session\Handlers\FileHandler' driver.
DEBUG - 2025-04-06 12:27:16 --> Session: Class initialized using 'CodeIgniter\Session\Handlers\FileHandler' driver.
DEBUG - 2025-04-06 12:31:39 --> Session: Class initialized using 'CodeIgniter\Session\Handlers\FileHandler' driver.
DEBUG - 2025-04-06 12:33:00 --> Session: Class initialized using 'CodeIgniter\Session\Handlers\FileHandler' driver.
DEBUG - 2025-04-06 12:34:02 --> Session: Class initialized using 'CodeIgniter\Session\Handlers\FileHandler' driver.
DEBUG - 2025-04-06 12:47:02 --> Session: Class initialized using 'CodeIgniter\Session\Handlers\FileHandler' driver.
CRITICAL - 2025-04-06 12:52:50 --> ErrorException: Undefined variable $r
[Method: GET, Route: admin/data-remaja-putri]
in APPPATH\Views\admin\data_remaja_putri.php on line 75.
 1 APPPATH\Views\admin\data_remaja_putri.php(75): CodeIgniter\Debug\Exceptions->errorHandler(2, 'Undefined variable $r', 'C:\\xampp\\htdocs\\posyandu\\app\\Views\\admin\\data_remaja_putri.php', 75)
 2 SYSTEMPATH\View\View.php(224): include('C:\\xampp\\htdocs\\posyandu\\app\\Views\\admin\\data_remaja_putri.php')
 3 SYSTEMPATH\View\View.php(227): CodeIgniter\View\View->CodeIgniter\View\{closure}()
 4 SYSTEMPATH\Common.php(1173): CodeIgniter\View\View->render('admin/data_remaja_putri', [], true)
 5 APPPATH\Controllers\RemajaPutriController.php(28): view('admin/data_remaja_putri', [...])
 6 SYSTEMPATH\CodeIgniter.php(933): App\Controllers\RemajaPutriController->index()
 7 SYSTEMPATH\CodeIgniter.php(507): CodeIgniter\CodeIgniter->runController(Object(App\Controllers\RemajaPutriController))
 8 SYSTEMPATH\CodeIgniter.php(354): CodeIgniter\CodeIgniter->handleRequest(null, Object(Config\Cache), false)
 9 SYSTEMPATH\Boot.php(334): CodeIgniter\CodeIgniter->run()
10 SYSTEMPATH\Boot.php(67): CodeIgniter\Boot::runCodeIgniter(Object(CodeIgniter\CodeIgniter))
11 FCPATH\index.php(56): CodeIgniter\Boot::bootWeb(Object(Config\Paths))
12 SYSTEMPATH\rewrite.php(44): require_once('C:\\xampp\\htdocs\\posyandu\\public\\index.php')
DEBUG - 2025-04-06 12:53:17 --> Session: Class initialized using 'CodeIgniter\Session\Handlers\FileHandler' driver.
DEBUG - 2025-04-06 12:53:34 --> Session: Class initialized using 'CodeIgniter\Session\Handlers\FileHandler' driver.
CRITICAL - 2025-04-06 12:56:36 --> ErrorException: Undefined variable $r
[Method: GET, Route: admin/data-remaja-putri]
in APPPATH\Views\admin\data_remaja_putri.php on line 52.
 1 APPPATH\Views\admin\data_remaja_putri.php(52): CodeIgniter\Debug\Exceptions->errorHandler(2, 'Undefined variable $r', 'C:\\xampp\\htdocs\\posyandu\\app\\Views\\admin\\data_remaja_putri.php', 52)
 2 SYSTEMPATH\View\View.php(224): include('C:\\xampp\\htdocs\\posyandu\\app\\Views\\admin\\data_remaja_putri.php')
 3 SYSTEMPATH\View\View.php(227): CodeIgniter\View\View->CodeIgniter\View\{closure}()
 4 SYSTEMPATH\Common.php(1173): CodeIgniter\View\View->render('admin/data_remaja_putri', [], true)
 5 APPPATH\Controllers\RemajaPutriController.php(28): view('admin/data_remaja_putri', [...])
 6 SYSTEMPATH\CodeIgniter.php(933): App\Controllers\RemajaPutriController->index()
 7 SYSTEMPATH\CodeIgniter.php(507): CodeIgniter\CodeIgniter->runController(Object(App\Controllers\RemajaPutriController))
 8 SYSTEMPATH\CodeIgniter.php(354): CodeIgniter\CodeIgniter->handleRequest(null, Object(Config\Cache), false)
 9 SYSTEMPATH\Boot.php(334): CodeIgniter\CodeIgniter->run()
10 SYSTEMPATH\Boot.php(67): CodeIgniter\Boot::runCodeIgniter(Object(CodeIgniter\CodeIgniter))
11 FCPATH\index.php(56): CodeIgniter\Boot::bootWeb(Object(Config\Paths))
12 SYSTEMPATH\rewrite.php(44): require_once('C:\\xampp\\htdocs\\posyandu\\public\\index.php')
CRITICAL - 2025-04-06 12:57:12 --> ErrorException: Undefined variable $r
[Method: GET, Route: admin/data-remaja-putri]
in APPPATH\Views\admin\data_remaja_putri.php on line 52.
 1 APPPATH\Views\admin\data_remaja_putri.php(52): CodeIgniter\Debug\Exceptions->errorHandler(2, 'Undefined variable $r', 'C:\\xampp\\htdocs\\posyandu\\app\\Views\\admin\\data_remaja_putri.php', 52)
 2 SYSTEMPATH\View\View.php(224): include('C:\\xampp\\htdocs\\posyandu\\app\\Views\\admin\\data_remaja_putri.php')
 3 SYSTEMPATH\View\View.php(227): CodeIgniter\View\View->CodeIgniter\View\{closure}()
 4 SYSTEMPATH\Common.php(1173): CodeIgniter\View\View->render('admin/data_remaja_putri', [], true)
 5 APPPATH\Controllers\RemajaPutriController.php(28): view('admin/data_remaja_putri', [...])
 6 SYSTEMPATH\CodeIgniter.php(933): App\Controllers\RemajaPutriController->index()
 7 SYSTEMPATH\CodeIgniter.php(507): CodeIgniter\CodeIgniter->runController(Object(App\Controllers\RemajaPutriController))
 8 SYSTEMPATH\CodeIgniter.php(354): CodeIgniter\CodeIgniter->handleRequest(null, Object(Config\Cache), false)
 9 SYSTEMPATH\Boot.php(334): CodeIgniter\CodeIgniter->run()
10 SYSTEMPATH\Boot.php(67): CodeIgniter\Boot::runCodeIgniter(Object(CodeIgniter\CodeIgniter))
11 FCPATH\index.php(56): CodeIgniter\Boot::bootWeb(Object(Config\Paths))
12 SYSTEMPATH\rewrite.php(44): require_once('C:\\xampp\\htdocs\\posyandu\\public\\index.php')
DEBUG - 2025-04-06 12:58:21 --> Session: Class initialized using 'CodeIgniter\Session\Handlers\FileHandler' driver.
CRITICAL - 2025-04-06 12:58:43 --> CodeIgniter\Database\Exceptions\DatabaseException: Updates are not allowed unless they contain a "where" or "like" clause.
[Method: POST, Route: admin/remajaputri/update]
in SYSTEMPATH\Model.php on line 456.
 1 SYSTEMPATH\BaseModel.php(1027): CodeIgniter\Model->doUpdate(null, [...])
 2 SYSTEMPATH\Model.php(863): CodeIgniter\BaseModel->update(null, [...])
 3 APPPATH\Controllers\RemajaPutriController.php(102): CodeIgniter\Model->update(null, [...])
 4 SYSTEMPATH\CodeIgniter.php(933): App\Controllers\RemajaPutriController->update()
 5 SYSTEMPATH\CodeIgniter.php(507): CodeIgniter\CodeIgniter->runController(Object(App\Controllers\RemajaPutriController))
 6 SYSTEMPATH\CodeIgniter.php(354): CodeIgniter\CodeIgniter->handleRequest(null, Object(Config\Cache), false)
 7 SYSTEMPATH\Boot.php(334): CodeIgniter\CodeIgniter->run()
 8 SYSTEMPATH\Boot.php(67): CodeIgniter\Boot::runCodeIgniter(Object(CodeIgniter\CodeIgniter))
 9 FCPATH\index.php(56): CodeIgniter\Boot::bootWeb(Object(Config\Paths))
10 SYSTEMPATH\rewrite.php(44): require_once('C:\\xampp\\htdocs\\posyandu\\public\\index.php')
DEBUG - 2025-04-06 12:58:45 --> Session: Class initialized using 'CodeIgniter\Session\Handlers\FileHandler' driver.
DEBUG - 2025-04-06 13:08:08 --> Session: Class initialized using 'CodeIgniter\Session\Handlers\FileHandler' driver.
DEBUG - 2025-04-06 13:08:12 --> Session: Class initialized using 'CodeIgniter\Session\Handlers\FileHandler' driver.
DEBUG - 2025-04-06 13:08:19 --> Session: Class initialized using 'CodeIgniter\Session\Handlers\FileHandler' driver.
DEBUG - 2025-04-06 13:08:20 --> Session: Class initialized using 'CodeIgniter\Session\Handlers\FileHandler' driver.
DEBUG - 2025-04-06 13:08:55 --> Session: Class initialized using 'CodeIgniter\Session\Handlers\FileHandler' driver.
DEBUG - 2025-04-06 13:10:45 --> Session: Class initialized using 'CodeIgniter\Session\Handlers\FileHandler' driver.
DEBUG - 2025-04-06 13:12:37 --> Session: Class initialized using 'CodeIgniter\Session\Handlers\FileHandler' driver.
CRITICAL - 2025-04-06 13:12:56 --> CodeIgniter\Database\Exceptions\DatabaseException: Updates are not allowed unless they contain a "where" or "like" clause.
[Method: POST, Route: admin/remajaputri/update]
in SYSTEMPATH\Model.php on line 456.
 1 SYSTEMPATH\BaseModel.php(1027): CodeIgniter\Model->doUpdate(null, [...])
 2 SYSTEMPATH\Model.php(863): CodeIgniter\BaseModel->update(null, [...])
 3 APPPATH\Controllers\RemajaPutriController.php(102): CodeIgniter\Model->update(null, [...])
 4 SYSTEMPATH\CodeIgniter.php(933): App\Controllers\RemajaPutriController->update()
 5 SYSTEMPATH\CodeIgniter.php(507): CodeIgniter\CodeIgniter->runController(Object(App\Controllers\RemajaPutriController))
 6 SYSTEMPATH\CodeIgniter.php(354): CodeIgniter\CodeIgniter->handleRequest(null, Object(Config\Cache), false)
 7 SYSTEMPATH\Boot.php(334): CodeIgniter\CodeIgniter->run()
 8 SYSTEMPATH\Boot.php(67): CodeIgniter\Boot::runCodeIgniter(Object(CodeIgniter\CodeIgniter))
 9 FCPATH\index.php(56): CodeIgniter\Boot::bootWeb(Object(Config\Paths))
10 SYSTEMPATH\rewrite.php(44): require_once('C:\\xampp\\htdocs\\posyandu\\public\\index.php')
DEBUG - 2025-04-06 13:12:58 --> Session: Class initialized using 'CodeIgniter\Session\Handlers\FileHandler' driver.
CRITICAL - 2025-04-06 13:13:04 --> CodeIgniter\Database\Exceptions\DatabaseException: Updates are not allowed unless they contain a "where" or "like" clause.
[Method: POST, Route: admin/remajaputri/update]
in SYSTEMPATH\Model.php on line 456.
 1 SYSTEMPATH\BaseModel.php(1027): CodeIgniter\Model->doUpdate(null, [...])
 2 SYSTEMPATH\Model.php(863): CodeIgniter\BaseModel->update(null, [...])
 3 APPPATH\Controllers\RemajaPutriController.php(102): CodeIgniter\Model->update(null, [...])
 4 SYSTEMPATH\CodeIgniter.php(933): App\Controllers\RemajaPutriController->update()
 5 SYSTEMPATH\CodeIgniter.php(507): CodeIgniter\CodeIgniter->runController(Object(App\Controllers\RemajaPutriController))
 6 SYSTEMPATH\CodeIgniter.php(354): CodeIgniter\CodeIgniter->handleRequest(null, Object(Config\Cache), false)
 7 SYSTEMPATH\Boot.php(334): CodeIgniter\CodeIgniter->run()
 8 SYSTEMPATH\Boot.php(67): CodeIgniter\Boot::runCodeIgniter(Object(CodeIgniter\CodeIgniter))
 9 FCPATH\index.php(56): CodeIgniter\Boot::bootWeb(Object(Config\Paths))
10 SYSTEMPATH\rewrite.php(44): require_once('C:\\xampp\\htdocs\\posyandu\\public\\index.php')
DEBUG - 2025-04-06 13:13:05 --> Session: Class initialized using 'CodeIgniter\Session\Handlers\FileHandler' driver.
CRITICAL - 2025-04-06 13:13:19 --> ErrorException: Undefined variable $r
[Method: GET, Route: admin/data-remaja-putri]
in APPPATH\Views\admin\data_remaja_putri.php on line 52.
 1 APPPATH\Views\admin\data_remaja_putri.php(52): CodeIgniter\Debug\Exceptions->errorHandler(2, 'Undefined variable $r', 'C:\\xampp\\htdocs\\posyandu\\app\\Views\\admin\\data_remaja_putri.php', 52)
 2 SYSTEMPATH\View\View.php(224): include('C:\\xampp\\htdocs\\posyandu\\app\\Views\\admin\\data_remaja_putri.php')
 3 SYSTEMPATH\View\View.php(227): CodeIgniter\View\View->CodeIgniter\View\{closure}()
 4 SYSTEMPATH\Common.php(1173): CodeIgniter\View\View->render('admin/data_remaja_putri', [], true)
 5 APPPATH\Controllers\RemajaPutriController.php(28): view('admin/data_remaja_putri', [...])
 6 SYSTEMPATH\CodeIgniter.php(933): App\Controllers\RemajaPutriController->index()
 7 SYSTEMPATH\CodeIgniter.php(507): CodeIgniter\CodeIgniter->runController(Object(App\Controllers\RemajaPutriController))
 8 SYSTEMPATH\CodeIgniter.php(354): CodeIgniter\CodeIgniter->handleRequest(null, Object(Config\Cache), false)
 9 SYSTEMPATH\Boot.php(334): CodeIgniter\CodeIgniter->run()
10 SYSTEMPATH\Boot.php(67): CodeIgniter\Boot::runCodeIgniter(Object(CodeIgniter\CodeIgniter))
11 FCPATH\index.php(56): CodeIgniter\Boot::bootWeb(Object(Config\Paths))
12 SYSTEMPATH\rewrite.php(44): require_once('C:\\xampp\\htdocs\\posyandu\\public\\index.php')
CRITICAL - 2025-04-06 13:13:36 --> ErrorException: Undefined variable $r
[Method: GET, Route: admin/data-remaja-putri]
in APPPATH\Views\admin\data_remaja_putri.php on line 52.
 1 APPPATH\Views\admin\data_remaja_putri.php(52): CodeIgniter\Debug\Exceptions->errorHandler(2, 'Undefined variable $r', 'C:\\xampp\\htdocs\\posyandu\\app\\Views\\admin\\data_remaja_putri.php', 52)
 2 SYSTEMPATH\View\View.php(224): include('C:\\xampp\\htdocs\\posyandu\\app\\Views\\admin\\data_remaja_putri.php')
 3 SYSTEMPATH\View\View.php(227): CodeIgniter\View\View->CodeIgniter\View\{closure}()
 4 SYSTEMPATH\Common.php(1173): CodeIgniter\View\View->render('admin/data_remaja_putri', [], true)
 5 APPPATH\Controllers\RemajaPutriController.php(28): view('admin/data_remaja_putri', [...])
 6 SYSTEMPATH\CodeIgniter.php(933): App\Controllers\RemajaPutriController->index()
 7 SYSTEMPATH\CodeIgniter.php(507): CodeIgniter\CodeIgniter->runController(Object(App\Controllers\RemajaPutriController))
 8 SYSTEMPATH\CodeIgniter.php(354): CodeIgniter\CodeIgniter->handleRequest(null, Object(Config\Cache), false)
 9 SYSTEMPATH\Boot.php(334): CodeIgniter\CodeIgniter->run()
10 SYSTEMPATH\Boot.php(67): CodeIgniter\Boot::runCodeIgniter(Object(CodeIgniter\CodeIgniter))
11 FCPATH\index.php(56): CodeIgniter\Boot::bootWeb(Object(Config\Paths))
12 SYSTEMPATH\rewrite.php(44): require_once('C:\\xampp\\htdocs\\posyandu\\public\\index.php')
DEBUG - 2025-04-06 13:13:44 --> Session: Class initialized using 'CodeIgniter\Session\Handlers\FileHandler' driver.
DEBUG - 2025-04-06 13:13:52 --> Session: Class initialized using 'CodeIgniter\Session\Handlers\FileHandler' driver.
DEBUG - 2025-04-06 13:13:54 --> Session: Class initialized using 'CodeIgniter\Session\Handlers\FileHandler' driver.
DEBUG - 2025-04-06 13:14:13 --> Session: Class initialized using 'CodeIgniter\Session\Handlers\FileHandler' driver.
DEBUG - 2025-04-06 13:14:23 --> Session: Class initialized using 'CodeIgniter\Session\Handlers\FileHandler' driver.
DEBUG - 2025-04-06 13:14:29 --> Session: Class initialized using 'CodeIgniter\Session\Handlers\FileHandler' driver.
CRITICAL - 2025-04-06 13:17:13 --> ErrorException: Undefined variable $r
[Method: GET, Route: admin/data-remaja-putri]
in APPPATH\Views\admin\data_remaja_putri.php on line 52.
 1 APPPATH\Views\admin\data_remaja_putri.php(52): CodeIgniter\Debug\Exceptions->errorHandler(2, 'Undefined variable $r', 'C:\\xampp\\htdocs\\posyandu\\app\\Views\\admin\\data_remaja_putri.php', 52)
 2 SYSTEMPATH\View\View.php(224): include('C:\\xampp\\htdocs\\posyandu\\app\\Views\\admin\\data_remaja_putri.php')
 3 SYSTEMPATH\View\View.php(227): CodeIgniter\View\View->CodeIgniter\View\{closure}()
 4 SYSTEMPATH\Common.php(1173): CodeIgniter\View\View->render('admin/data_remaja_putri', [], true)
 5 APPPATH\Controllers\RemajaPutriController.php(28): view('admin/data_remaja_putri', [...])
 6 SYSTEMPATH\CodeIgniter.php(933): App\Controllers\RemajaPutriController->index()
 7 SYSTEMPATH\CodeIgniter.php(507): CodeIgniter\CodeIgniter->runController(Object(App\Controllers\RemajaPutriController))
 8 SYSTEMPATH\CodeIgniter.php(354): CodeIgniter\CodeIgniter->handleRequest(null, Object(Config\Cache), false)
 9 SYSTEMPATH\Boot.php(334): CodeIgniter\CodeIgniter->run()
10 SYSTEMPATH\Boot.php(67): CodeIgniter\Boot::runCodeIgniter(Object(CodeIgniter\CodeIgniter))
11 FCPATH\index.php(56): CodeIgniter\Boot::bootWeb(Object(Config\Paths))
12 SYSTEMPATH\rewrite.php(44): require_once('C:\\xampp\\htdocs\\posyandu\\public\\index.php')
CRITICAL - 2025-04-06 13:17:21 --> ErrorException: Undefined variable $r
[Method: GET, Route: admin/data-remaja-putri]
in APPPATH\Views\admin\data_remaja_putri.php on line 52.
 1 APPPATH\Views\admin\data_remaja_putri.php(52): CodeIgniter\Debug\Exceptions->errorHandler(2, 'Undefined variable $r', 'C:\\xampp\\htdocs\\posyandu\\app\\Views\\admin\\data_remaja_putri.php', 52)
 2 SYSTEMPATH\View\View.php(224): include('C:\\xampp\\htdocs\\posyandu\\app\\Views\\admin\\data_remaja_putri.php')
 3 SYSTEMPATH\View\View.php(227): CodeIgniter\View\View->CodeIgniter\View\{closure}()
 4 SYSTEMPATH\Common.php(1173): CodeIgniter\View\View->render('admin/data_remaja_putri', [], true)
 5 APPPATH\Controllers\RemajaPutriController.php(28): view('admin/data_remaja_putri', [...])
 6 SYSTEMPATH\CodeIgniter.php(933): App\Controllers\RemajaPutriController->index()
 7 SYSTEMPATH\CodeIgniter.php(507): CodeIgniter\CodeIgniter->runController(Object(App\Controllers\RemajaPutriController))
 8 SYSTEMPATH\CodeIgniter.php(354): CodeIgniter\CodeIgniter->handleRequest(null, Object(Config\Cache), false)
 9 SYSTEMPATH\Boot.php(334): CodeIgniter\CodeIgniter->run()
10 SYSTEMPATH\Boot.php(67): CodeIgniter\Boot::runCodeIgniter(Object(CodeIgniter\CodeIgniter))
11 FCPATH\index.php(56): CodeIgniter\Boot::bootWeb(Object(Config\Paths))
12 SYSTEMPATH\rewrite.php(44): require_once('C:\\xampp\\htdocs\\posyandu\\public\\index.php')
CRITICAL - 2025-04-06 13:17:30 --> ErrorException: Undefined variable $r
[Method: GET, Route: admin/data-remaja-putri]
in APPPATH\Views\admin\data_remaja_putri.php on line 52.
 1 APPPATH\Views\admin\data_remaja_putri.php(52): CodeIgniter\Debug\Exceptions->errorHandler(2, 'Undefined variable $r', 'C:\\xampp\\htdocs\\posyandu\\app\\Views\\admin\\data_remaja_putri.php', 52)
 2 SYSTEMPATH\View\View.php(224): include('C:\\xampp\\htdocs\\posyandu\\app\\Views\\admin\\data_remaja_putri.php')
 3 SYSTEMPATH\View\View.php(227): CodeIgniter\View\View->CodeIgniter\View\{closure}()
 4 SYSTEMPATH\Common.php(1173): CodeIgniter\View\View->render('admin/data_remaja_putri', [], true)
 5 APPPATH\Controllers\RemajaPutriController.php(28): view('admin/data_remaja_putri', [...])
 6 SYSTEMPATH\CodeIgniter.php(933): App\Controllers\RemajaPutriController->index()
 7 SYSTEMPATH\CodeIgniter.php(507): CodeIgniter\CodeIgniter->runController(Object(App\Controllers\RemajaPutriController))
 8 SYSTEMPATH\CodeIgniter.php(354): CodeIgniter\CodeIgniter->handleRequest(null, Object(Config\Cache), false)
 9 SYSTEMPATH\Boot.php(334): CodeIgniter\CodeIgniter->run()
10 SYSTEMPATH\Boot.php(67): CodeIgniter\Boot::runCodeIgniter(Object(CodeIgniter\CodeIgniter))
11 FCPATH\index.php(56): CodeIgniter\Boot::bootWeb(Object(Config\Paths))
12 SYSTEMPATH\rewrite.php(44): require_once('C:\\xampp\\htdocs\\posyandu\\public\\index.php')
DEBUG - 2025-04-06 13:17:37 --> Session: Class initialized using 'CodeIgniter\Session\Handlers\FileHandler' driver.
DEBUG - 2025-04-06 13:20:44 --> Session: Class initialized using 'CodeIgniter\Session\Handlers\FileHandler' driver.
DEBUG - 2025-04-06 13:20:50 --> Session: Class initialized using 'CodeIgniter\Session\Handlers\FileHandler' driver.
DEBUG - 2025-04-06 13:20:56 --> Session: Class initialized using 'CodeIgniter\Session\Handlers\FileHandler' driver.
DEBUG - 2025-04-06 13:40:55 --> Session: Class initialized using 'CodeIgniter\Session\Handlers\FileHandler' driver.
DEBUG - 2025-04-06 13:41:08 --> Session: Class initialized using 'CodeIgniter\Session\Handlers\FileHandler' driver.
DEBUG - 2025-04-06 13:42:27 --> Session: Class initialized using 'CodeIgniter\Session\Handlers\FileHandler' driver.
DEBUG - 2025-04-06 13:47:47 --> Session: Class initialized using 'CodeIgniter\Session\Handlers\FileHandler' driver.
DEBUG - 2025-04-06 13:47:54 --> Session: Class initialized using 'CodeIgniter\Session\Handlers\FileHandler' driver.
DEBUG - 2025-04-06 13:48:11 --> Session: Class initialized using 'CodeIgniter\Session\Handlers\FileHandler' driver.
DEBUG - 2025-04-06 13:49:10 --> Session: Class initialized using 'CodeIgniter\Session\Handlers\FileHandler' driver.
DEBUG - 2025-04-06 13:49:17 --> Session: Class initialized using 'CodeIgniter\Session\Handlers\FileHandler' driver.
DEBUG - 2025-04-06 13:49:28 --> Session: Class initialized using 'CodeIgniter\Session\Handlers\FileHandler' driver.
DEBUG - 2025-04-06 13:50:32 --> Session: Class initialized using 'CodeIgniter\Session\Handlers\FileHandler' driver.
DEBUG - 2025-04-06 13:50:41 --> Session: Class initialized using 'CodeIgniter\Session\Handlers\FileHandler' driver.
DEBUG - 2025-04-06 13:53:26 --> Session: Class initialized using 'CodeIgniter\Session\Handlers\FileHandler' driver.
DEBUG - 2025-04-06 13:53:41 --> Session: Class initialized using 'CodeIgniter\Session\Handlers\FileHandler' driver.
DEBUG - 2025-04-06 13:54:06 --> Session: Class initialized using 'CodeIgniter\Session\Handlers\FileHandler' driver.
DEBUG - 2025-04-06 13:54:16 --> Session: Class initialized using 'CodeIgniter\Session\Handlers\FileHandler' driver.
DEBUG - 2025-04-06 13:54:28 --> Session: Class initialized using 'CodeIgniter\Session\Handlers\FileHandler' driver.
DEBUG - 2025-04-06 13:54:34 --> Session: Class initialized using 'CodeIgniter\Session\Handlers\FileHandler' driver.
DEBUG - 2025-04-06 13:54:49 --> Session: Class initialized using 'CodeIgniter\Session\Handlers\FileHandler' driver.
DEBUG - 2025-04-06 13:54:56 --> Session: Class initialized using 'CodeIgniter\Session\Handlers\FileHandler' driver.
DEBUG - 2025-04-06 13:55:35 --> Session: Class initialized using 'CodeIgniter\Session\Handlers\FileHandler' driver.
DEBUG - 2025-04-06 13:55:37 --> Session: Class initialized using 'CodeIgniter\Session\Handlers\FileHandler' driver.
DEBUG - 2025-04-06 13:56:10 --> Session: Class initialized using 'CodeIgniter\Session\Handlers\FileHandler' driver.
DEBUG - 2025-04-06 13:56:23 --> Session: Class initialized using 'CodeIgniter\Session\Handlers\FileHandler' driver.
DEBUG - 2025-04-06 13:58:02 --> Session: Class initialized using 'CodeIgniter\Session\Handlers\FileHandler' driver.
DEBUG - 2025-04-06 13:58:21 --> Session: Class initialized using 'CodeIgniter\Session\Handlers\FileHandler' driver.
DEBUG - 2025-04-06 13:58:50 --> Session: Class initialized using 'CodeIgniter\Session\Handlers\FileHandler' driver.
DEBUG - 2025-04-06 13:58:55 --> Session: Class initialized using 'CodeIgniter\Session\Handlers\FileHandler' driver.
DEBUG - 2025-04-06 13:59:05 --> Session: Class initialized using 'CodeIgniter\Session\Handlers\FileHandler' driver.
DEBUG - 2025-04-06 14:01:34 --> Session: Class initialized using 'CodeIgniter\Session\Handlers\FileHandler' driver.
DEBUG - 2025-04-06 14:01:50 --> Session: Class initialized using 'CodeIgniter\Session\Handlers\FileHandler' driver.
DEBUG - 2025-04-06 14:02:23 --> Session: Class initialized using 'CodeIgniter\Session\Handlers\FileHandler' driver.
DEBUG - 2025-04-06 14:04:02 --> Session: Class initialized using 'CodeIgniter\Session\Handlers\FileHandler' driver.
CRITICAL - 2025-04-06 14:08:05 --> ErrorException: Undefined array key "nama_lengkap"
[Method: GET, Route: admin/data-ibu-hamil]
in APPPATH\Views\admin\data_ibu_hamil.php on line 93.
 1 APPPATH\Views\admin\data_ibu_hamil.php(93): CodeIgniter\Debug\Exceptions->errorHandler(2, 'Undefined array key "nama_lengkap"', 'C:\\xampp\\htdocs\\posyandu\\app\\Views\\admin\\data_ibu_hamil.php', 93)
 2 SYSTEMPATH\View\View.php(224): include('C:\\xampp\\htdocs\\posyandu\\app\\Views\\admin\\data_ibu_hamil.php')
 3 SYSTEMPATH\View\View.php(227): CodeIgniter\View\View->CodeIgniter\View\{closure}()
 4 SYSTEMPATH\Common.php(1173): CodeIgniter\View\View->render('admin/data_ibu_hamil', [], true)
 5 APPPATH\Controllers\IbuHamilController.php(30): view('admin/data_ibu_hamil', [...])
 6 SYSTEMPATH\CodeIgniter.php(933): App\Controllers\IbuHamilController->index()
 7 SYSTEMPATH\CodeIgniter.php(507): CodeIgniter\CodeIgniter->runController(Object(App\Controllers\IbuHamilController))
 8 SYSTEMPATH\CodeIgniter.php(354): CodeIgniter\CodeIgniter->handleRequest(null, Object(Config\Cache), false)
 9 SYSTEMPATH\Boot.php(334): CodeIgniter\CodeIgniter->run()
10 SYSTEMPATH\Boot.php(67): CodeIgniter\Boot::runCodeIgniter(Object(CodeIgniter\CodeIgniter))
11 FCPATH\index.php(56): CodeIgniter\Boot::bootWeb(Object(Config\Paths))
12 SYSTEMPATH\rewrite.php(44): require_once('C:\\xampp\\htdocs\\posyandu\\public\\index.php')
CRITICAL - 2025-04-06 14:08:07 --> ErrorException: Undefined array key "nama_lengkap"
[Method: GET, Route: admin/data-ibu-hamil]
in APPPATH\Views\admin\data_ibu_hamil.php on line 93.
 1 APPPATH\Views\admin\data_ibu_hamil.php(93): CodeIgniter\Debug\Exceptions->errorHandler(2, 'Undefined array key "nama_lengkap"', 'C:\\xampp\\htdocs\\posyandu\\app\\Views\\admin\\data_ibu_hamil.php', 93)
 2 SYSTEMPATH\View\View.php(224): include('C:\\xampp\\htdocs\\posyandu\\app\\Views\\admin\\data_ibu_hamil.php')
 3 SYSTEMPATH\View\View.php(227): CodeIgniter\View\View->CodeIgniter\View\{closure}()
 4 SYSTEMPATH\Common.php(1173): CodeIgniter\View\View->render('admin/data_ibu_hamil', [], true)
 5 APPPATH\Controllers\IbuHamilController.php(30): view('admin/data_ibu_hamil', [...])
 6 SYSTEMPATH\CodeIgniter.php(933): App\Controllers\IbuHamilController->index()
 7 SYSTEMPATH\CodeIgniter.php(507): CodeIgniter\CodeIgniter->runController(Object(App\Controllers\IbuHamilController))
 8 SYSTEMPATH\CodeIgniter.php(354): CodeIgniter\CodeIgniter->handleRequest(null, Object(Config\Cache), false)
 9 SYSTEMPATH\Boot.php(334): CodeIgniter\CodeIgniter->run()
10 SYSTEMPATH\Boot.php(67): CodeIgniter\Boot::runCodeIgniter(Object(CodeIgniter\CodeIgniter))
11 FCPATH\index.php(56): CodeIgniter\Boot::bootWeb(Object(Config\Paths))
12 SYSTEMPATH\rewrite.php(44): require_once('C:\\xampp\\htdocs\\posyandu\\public\\index.php')
CRITICAL - 2025-04-06 14:08:09 --> ErrorException: Undefined array key "nama_lengkap"
[Method: GET, Route: admin/data-ibu-hamil]
in APPPATH\Views\admin\data_ibu_hamil.php on line 93.
 1 APPPATH\Views\admin\data_ibu_hamil.php(93): CodeIgniter\Debug\Exceptions->errorHandler(2, 'Undefined array key "nama_lengkap"', 'C:\\xampp\\htdocs\\posyandu\\app\\Views\\admin\\data_ibu_hamil.php', 93)
 2 SYSTEMPATH\View\View.php(224): include('C:\\xampp\\htdocs\\posyandu\\app\\Views\\admin\\data_ibu_hamil.php')
 3 SYSTEMPATH\View\View.php(227): CodeIgniter\View\View->CodeIgniter\View\{closure}()
 4 SYSTEMPATH\Common.php(1173): CodeIgniter\View\View->render('admin/data_ibu_hamil', [], true)
 5 APPPATH\Controllers\IbuHamilController.php(30): view('admin/data_ibu_hamil', [...])
 6 SYSTEMPATH\CodeIgniter.php(933): App\Controllers\IbuHamilController->index()
 7 SYSTEMPATH\CodeIgniter.php(507): CodeIgniter\CodeIgniter->runController(Object(App\Controllers\IbuHamilController))
 8 SYSTEMPATH\CodeIgniter.php(354): CodeIgniter\CodeIgniter->handleRequest(null, Object(Config\Cache), false)
 9 SYSTEMPATH\Boot.php(334): CodeIgniter\CodeIgniter->run()
10 SYSTEMPATH\Boot.php(67): CodeIgniter\Boot::runCodeIgniter(Object(CodeIgniter\CodeIgniter))
11 FCPATH\index.php(56): CodeIgniter\Boot::bootWeb(Object(Config\Paths))
12 SYSTEMPATH\rewrite.php(44): require_once('C:\\xampp\\htdocs\\posyandu\\public\\index.php')
DEBUG - 2025-04-06 14:08:57 --> Session: Class initialized using 'CodeIgniter\Session\Handlers\FileHandler' driver.
DEBUG - 2025-04-06 14:08:59 --> Session: Class initialized using 'CodeIgniter\Session\Handlers\FileHandler' driver.
DEBUG - 2025-04-06 14:08:59 --> Session: Class initialized using 'CodeIgniter\Session\Handlers\FileHandler' driver.
DEBUG - 2025-04-06 14:09:00 --> Session: Class initialized using 'CodeIgniter\Session\Handlers\FileHandler' driver.
DEBUG - 2025-04-06 14:09:04 --> Session: Class initialized using 'CodeIgniter\Session\Handlers\FileHandler' driver.
DEBUG - 2025-04-06 14:09:20 --> Session: Class initialized using 'CodeIgniter\Session\Handlers\FileHandler' driver.
DEBUG - 2025-04-06 14:14:10 --> Session: Class initialized using 'CodeIgniter\Session\Handlers\FileHandler' driver.
DEBUG - 2025-04-06 14:14:11 --> Session: Class initialized using 'CodeIgniter\Session\Handlers\FileHandler' driver.
DEBUG - 2025-04-06 14:14:14 --> Session: Class initialized using 'CodeIgniter\Session\Handlers\FileHandler' driver.
DEBUG - 2025-04-06 14:14:36 --> Session: Class initialized using 'CodeIgniter\Session\Handlers\FileHandler' driver.
DEBUG - 2025-04-06 14:14:46 --> Session: Class initialized using 'CodeIgniter\Session\Handlers\FileHandler' driver.
DEBUG - 2025-04-06 14:17:34 --> Session: Class initialized using 'CodeIgniter\Session\Handlers\FileHandler' driver.
DEBUG - 2025-04-06 14:17:56 --> Session: Class initialized using 'CodeIgniter\Session\Handlers\FileHandler' driver.
DEBUG - 2025-04-06 14:18:19 --> Session: Class initialized using 'CodeIgniter\Session\Handlers\FileHandler' driver.
DEBUG - 2025-04-06 14:18:28 --> Session: Class initialized using 'CodeIgniter\Session\Handlers\FileHandler' driver.
DEBUG - 2025-04-06 14:18:51 --> Session: Class initialized using 'CodeIgniter\Session\Handlers\FileHandler' driver.
DEBUG - 2025-04-06 14:18:59 --> Session: Class initialized using 'CodeIgniter\Session\Handlers\FileHandler' driver.
DEBUG - 2025-04-06 14:19:18 --> Session: Class initialized using 'CodeIgniter\Session\Handlers\FileHandler' driver.
DEBUG - 2025-04-06 14:19:28 --> Session: Class initialized using 'CodeIgniter\Session\Handlers\FileHandler' driver.
DEBUG - 2025-04-06 14:19:45 --> Session: Class initialized using 'CodeIgniter\Session\Handlers\FileHandler' driver.
DEBUG - 2025-04-06 14:19:50 --> Session: Class initialized using 'CodeIgniter\Session\Handlers\FileHandler' driver.
ERROR - 2025-04-06 14:20:17 --> mysqli_sql_exception: Duplicate entry '3510031802020339' for key 'nik' in C:\xampp\htdocs\posyandu\system\Database\MySQLi\Connection.php:327
Stack trace:
#0 C:\xampp\htdocs\posyandu\system\Database\MySQLi\Connection.php(327): mysqli->query('INSERT INTO `tb...', 0)
#1 C:\xampp\htdocs\posyandu\system\Database\BaseConnection.php(738): CodeIgniter\Database\MySQLi\Connection->execute('INSERT INTO `tb...')
#2 C:\xampp\htdocs\posyandu\system\Database\BaseConnection.php(652): CodeIgniter\Database\BaseConnection->simpleQuery('INSERT INTO `tb...')
#3 C:\xampp\htdocs\posyandu\system\Database\BaseBuilder.php(2345): CodeIgniter\Database\BaseConnection->query('INSERT INTO `tb...', Array, false)
#4 C:\xampp\htdocs\posyandu\app\Controllers\IbuHamilController.php(100): CodeIgniter\Database\BaseBuilder->insert(Array)
#5 C:\xampp\htdocs\posyandu\system\CodeIgniter.php(933): App\Controllers\IbuHamilController->simpan()
#6 C:\xampp\htdocs\posyandu\system\CodeIgniter.php(507): CodeIgniter\CodeIgniter->runController(Object(App\Controllers\IbuHamilController))
#7 C:\xampp\htdocs\posyandu\system\CodeIgniter.php(354): CodeIgniter\CodeIgniter->handleRequest(NULL, Object(Config\Cache), false)
#8 C:\xampp\htdocs\posyandu\system\Boot.php(334): CodeIgniter\CodeIgniter->run()
#9 C:\xampp\htdocs\posyandu\system\Boot.php(67): CodeIgniter\Boot::runCodeIgniter(Object(CodeIgniter\CodeIgniter))
#10 C:\xampp\htdocs\posyandu\public\index.php(56): CodeIgniter\Boot::bootWeb(Object(Config\Paths))
#11 C:\xampp\htdocs\posyandu\system\rewrite.php(44): require_once('C:\\xampp\\htdocs...')
#12 {main}
CRITICAL - 2025-04-06 14:20:17 --> CodeIgniter\Database\Exceptions\DatabaseException: Duplicate entry '3510031802020339' for key 'nik'
[Method: POST, Route: simpan-ibu-hamil]
in SYSTEMPATH\Database\BaseConnection.php on line 692.
 1 SYSTEMPATH\Database\BaseBuilder.php(2345): CodeIgniter\Database\BaseConnection->query('INSERT INTO `tb_data_ibuhamil_surobayan` (`nik`, `nama_ibu_hamil`, `nik_suami`, `nama_suami`, `pekerjaan_ibu_hamil`, `pekerjaan_suami`, `tgl_mulai_hamil`, `tgl_perkiraan_lahir`, `usia_kehamilan`, `golDarah_ibu_hamil`, `golDarah_suami`, `kadar_hb`, `bb_sebelum_hamil`, `no_telepon`, `alamat`) VALUES (:nik:, :nama_ibu_hamil:, :nik_suami:, :nama_suami:, :pekerjaan_ibu_hamil:, :pekerjaan_suami:, :tgl_mulai_hamil:, :tgl_perkiraan_lahir:, :usia_kehamilan:, :golDarah_ibu_hamil:, :golDarah_suami:, :kadar_hb:, :bb_sebelum_hamil:, :no_telepon:, :alamat:)', [...], false)
 2 APPPATH\Controllers\IbuHamilController.php(100): CodeIgniter\Database\BaseBuilder->insert([...])
 3 SYSTEMPATH\CodeIgniter.php(933): App\Controllers\IbuHamilController->simpan()
 4 SYSTEMPATH\CodeIgniter.php(507): CodeIgniter\CodeIgniter->runController(Object(App\Controllers\IbuHamilController))
 5 SYSTEMPATH\CodeIgniter.php(354): CodeIgniter\CodeIgniter->handleRequest(null, Object(Config\Cache), false)
 6 SYSTEMPATH\Boot.php(334): CodeIgniter\CodeIgniter->run()
 7 SYSTEMPATH\Boot.php(67): CodeIgniter\Boot::runCodeIgniter(Object(CodeIgniter\CodeIgniter))
 8 FCPATH\index.php(56): CodeIgniter\Boot::bootWeb(Object(Config\Paths))
 9 SYSTEMPATH\rewrite.php(44): require_once('C:\\xampp\\htdocs\\posyandu\\public\\index.php')
CRITICAL - 2025-04-06 14:20:17 --> [Caused by] CodeIgniter\Database\Exceptions\DatabaseException: Duplicate entry '3510031802020339' for key 'nik'
in SYSTEMPATH\Database\MySQLi\Connection.php on line 332.
 1 SYSTEMPATH\Database\BaseConnection.php(738): CodeIgniter\Database\MySQLi\Connection->execute('INSERT INTO `tb_data_ibuhamil_surobayan` (`nik`, `nama_ibu_hamil`, `nik_suami`, `nama_suami`, `pekerjaan_ibu_hamil`, `pekerjaan_suami`, `tgl_mulai_hamil`, `tgl_perkiraan_lahir`, `usia_kehamilan`, `golDarah_ibu_hamil`, `golDarah_suami`, `kadar_hb`, `bb_sebelum_hamil`, `no_telepon`, `alamat`) VALUES (\'3510031802020339\', \'fs\', \'3510031802020339\', \'sfd\', \'sd\', \'w\', \'2025-04-10\', \'2025-04-23\', \'4\', \'o\', \'b\', \'34\', \'43\', \'081222345567\', \'vd\')')
 2 SYSTEMPATH\Database\BaseConnection.php(652): CodeIgniter\Database\BaseConnection->simpleQuery('INSERT INTO `tb_data_ibuhamil_surobayan` (`nik`, `nama_ibu_hamil`, `nik_suami`, `nama_suami`, `pekerjaan_ibu_hamil`, `pekerjaan_suami`, `tgl_mulai_hamil`, `tgl_perkiraan_lahir`, `usia_kehamilan`, `golDarah_ibu_hamil`, `golDarah_suami`, `kadar_hb`, `bb_sebelum_hamil`, `no_telepon`, `alamat`) VALUES (\'3510031802020339\', \'fs\', \'3510031802020339\', \'sfd\', \'sd\', \'w\', \'2025-04-10\', \'2025-04-23\', \'4\', \'o\', \'b\', \'34\', \'43\', \'081222345567\', \'vd\')')
 3 SYSTEMPATH\Database\BaseBuilder.php(2345): CodeIgniter\Database\BaseConnection->query('INSERT INTO `tb_data_ibuhamil_surobayan` (`nik`, `nama_ibu_hamil`, `nik_suami`, `nama_suami`, `pekerjaan_ibu_hamil`, `pekerjaan_suami`, `tgl_mulai_hamil`, `tgl_perkiraan_lahir`, `usia_kehamilan`, `golDarah_ibu_hamil`, `golDarah_suami`, `kadar_hb`, `bb_sebelum_hamil`, `no_telepon`, `alamat`) VALUES (:nik:, :nama_ibu_hamil:, :nik_suami:, :nama_suami:, :pekerjaan_ibu_hamil:, :pekerjaan_suami:, :tgl_mulai_hamil:, :tgl_perkiraan_lahir:, :usia_kehamilan:, :golDarah_ibu_hamil:, :golDarah_suami:, :kadar_hb:, :bb_sebelum_hamil:, :no_telepon:, :alamat:)', [...], false)
 4 APPPATH\Controllers\IbuHamilController.php(100): CodeIgniter\Database\BaseBuilder->insert([...])
 5 SYSTEMPATH\CodeIgniter.php(933): App\Controllers\IbuHamilController->simpan()
 6 SYSTEMPATH\CodeIgniter.php(507): CodeIgniter\CodeIgniter->runController(Object(App\Controllers\IbuHamilController))
 7 SYSTEMPATH\CodeIgniter.php(354): CodeIgniter\CodeIgniter->handleRequest(null, Object(Config\Cache), false)
 8 SYSTEMPATH\Boot.php(334): CodeIgniter\CodeIgniter->run()
 9 SYSTEMPATH\Boot.php(67): CodeIgniter\Boot::runCodeIgniter(Object(CodeIgniter\CodeIgniter))
10 FCPATH\index.php(56): CodeIgniter\Boot::bootWeb(Object(Config\Paths))
11 SYSTEMPATH\rewrite.php(44): require_once('C:\\xampp\\htdocs\\posyandu\\public\\index.php')
CRITICAL - 2025-04-06 14:20:17 --> [Caused by] mysqli_sql_exception: Duplicate entry '3510031802020339' for key 'nik'
in SYSTEMPATH\Database\MySQLi\Connection.php on line 327.
 1 SYSTEMPATH\Database\MySQLi\Connection.php(327): mysqli->query('INSERT INTO `tb_data_ibuhamil_surobayan` (`nik`, `nama_ibu_hamil`, `nik_suami`, `nama_suami`, `pekerjaan_ibu_hamil`, `pekerjaan_suami`, `tgl_mulai_hamil`, `tgl_perkiraan_lahir`, `usia_kehamilan`, `golDarah_ibu_hamil`, `golDarah_suami`, `kadar_hb`, `bb_sebelum_hamil`, `no_telepon`, `alamat`) VALUES (\'3510031802020339\', \'fs\', \'3510031802020339\', \'sfd\', \'sd\', \'w\', \'2025-04-10\', \'2025-04-23\', \'4\', \'o\', \'b\', \'34\', \'43\', \'081222345567\', \'vd\')', 0)
 2 SYSTEMPATH\Database\BaseConnection.php(738): CodeIgniter\Database\MySQLi\Connection->execute('INSERT INTO `tb_data_ibuhamil_surobayan` (`nik`, `nama_ibu_hamil`, `nik_suami`, `nama_suami`, `pekerjaan_ibu_hamil`, `pekerjaan_suami`, `tgl_mulai_hamil`, `tgl_perkiraan_lahir`, `usia_kehamilan`, `golDarah_ibu_hamil`, `golDarah_suami`, `kadar_hb`, `bb_sebelum_hamil`, `no_telepon`, `alamat`) VALUES (\'3510031802020339\', \'fs\', \'3510031802020339\', \'sfd\', \'sd\', \'w\', \'2025-04-10\', \'2025-04-23\', \'4\', \'o\', \'b\', \'34\', \'43\', \'081222345567\', \'vd\')')
 3 SYSTEMPATH\Database\BaseConnection.php(652): CodeIgniter\Database\BaseConnection->simpleQuery('INSERT INTO `tb_data_ibuhamil_surobayan` (`nik`, `nama_ibu_hamil`, `nik_suami`, `nama_suami`, `pekerjaan_ibu_hamil`, `pekerjaan_suami`, `tgl_mulai_hamil`, `tgl_perkiraan_lahir`, `usia_kehamilan`, `golDarah_ibu_hamil`, `golDarah_suami`, `kadar_hb`, `bb_sebelum_hamil`, `no_telepon`, `alamat`) VALUES (\'3510031802020339\', \'fs\', \'3510031802020339\', \'sfd\', \'sd\', \'w\', \'2025-04-10\', \'2025-04-23\', \'4\', \'o\', \'b\', \'34\', \'43\', \'081222345567\', \'vd\')')
 4 SYSTEMPATH\Database\BaseBuilder.php(2345): CodeIgniter\Database\BaseConnection->query('INSERT INTO `tb_data_ibuhamil_surobayan` (`nik`, `nama_ibu_hamil`, `nik_suami`, `nama_suami`, `pekerjaan_ibu_hamil`, `pekerjaan_suami`, `tgl_mulai_hamil`, `tgl_perkiraan_lahir`, `usia_kehamilan`, `golDarah_ibu_hamil`, `golDarah_suami`, `kadar_hb`, `bb_sebelum_hamil`, `no_telepon`, `alamat`) VALUES (:nik:, :nama_ibu_hamil:, :nik_suami:, :nama_suami:, :pekerjaan_ibu_hamil:, :pekerjaan_suami:, :tgl_mulai_hamil:, :tgl_perkiraan_lahir:, :usia_kehamilan:, :golDarah_ibu_hamil:, :golDarah_suami:, :kadar_hb:, :bb_sebelum_hamil:, :no_telepon:, :alamat:)', [...], false)
 5 APPPATH\Controllers\IbuHamilController.php(100): CodeIgniter\Database\BaseBuilder->insert([...])
 6 SYSTEMPATH\CodeIgniter.php(933): App\Controllers\IbuHamilController->simpan()
 7 SYSTEMPATH\CodeIgniter.php(507): CodeIgniter\CodeIgniter->runController(Object(App\Controllers\IbuHamilController))
 8 SYSTEMPATH\CodeIgniter.php(354): CodeIgniter\CodeIgniter->handleRequest(null, Object(Config\Cache), false)
 9 SYSTEMPATH\Boot.php(334): CodeIgniter\CodeIgniter->run()
10 SYSTEMPATH\Boot.php(67): CodeIgniter\Boot::runCodeIgniter(Object(CodeIgniter\CodeIgniter))
11 FCPATH\index.php(56): CodeIgniter\Boot::bootWeb(Object(Config\Paths))
12 SYSTEMPATH\rewrite.php(44): require_once('C:\\xampp\\htdocs\\posyandu\\public\\index.php')
ERROR - 2025-04-06 14:21:54 --> mysqli_sql_exception: Duplicate entry '3510031802020339' for key 'nik' in C:\xampp\htdocs\posyandu\system\Database\MySQLi\Connection.php:327
Stack trace:
#0 C:\xampp\htdocs\posyandu\system\Database\MySQLi\Connection.php(327): mysqli->query('INSERT INTO `tb...', 0)
#1 C:\xampp\htdocs\posyandu\system\Database\BaseConnection.php(738): CodeIgniter\Database\MySQLi\Connection->execute('INSERT INTO `tb...')
#2 C:\xampp\htdocs\posyandu\system\Database\BaseConnection.php(652): CodeIgniter\Database\BaseConnection->simpleQuery('INSERT INTO `tb...')
#3 C:\xampp\htdocs\posyandu\system\Database\BaseBuilder.php(2345): CodeIgniter\Database\BaseConnection->query('INSERT INTO `tb...', Array, false)
#4 C:\xampp\htdocs\posyandu\app\Controllers\IbuHamilController.php(100): CodeIgniter\Database\BaseBuilder->insert(Array)
#5 C:\xampp\htdocs\posyandu\system\CodeIgniter.php(933): App\Controllers\IbuHamilController->simpan()
#6 C:\xampp\htdocs\posyandu\system\CodeIgniter.php(507): CodeIgniter\CodeIgniter->runController(Object(App\Controllers\IbuHamilController))
#7 C:\xampp\htdocs\posyandu\system\CodeIgniter.php(354): CodeIgniter\CodeIgniter->handleRequest(NULL, Object(Config\Cache), false)
#8 C:\xampp\htdocs\posyandu\system\Boot.php(334): CodeIgniter\CodeIgniter->run()
#9 C:\xampp\htdocs\posyandu\system\Boot.php(67): CodeIgniter\Boot::runCodeIgniter(Object(CodeIgniter\CodeIgniter))
#10 C:\xampp\htdocs\posyandu\public\index.php(56): CodeIgniter\Boot::bootWeb(Object(Config\Paths))
#11 C:\xampp\htdocs\posyandu\system\rewrite.php(44): require_once('C:\\xampp\\htdocs...')
#12 {main}
CRITICAL - 2025-04-06 14:21:54 --> CodeIgniter\Database\Exceptions\DatabaseException: Duplicate entry '3510031802020339' for key 'nik'
[Method: POST, Route: simpan-ibu-hamil]
in SYSTEMPATH\Database\BaseConnection.php on line 692.
 1 SYSTEMPATH\Database\BaseBuilder.php(2345): CodeIgniter\Database\BaseConnection->query('INSERT INTO `tb_data_ibuhamil_surobayan` (`nik`, `nama_ibu_hamil`, `nik_suami`, `nama_suami`, `pekerjaan_ibu_hamil`, `pekerjaan_suami`, `tgl_mulai_hamil`, `tgl_perkiraan_lahir`, `usia_kehamilan`, `golDarah_ibu_hamil`, `golDarah_suami`, `kadar_hb`, `bb_sebelum_hamil`, `no_telepon`, `alamat`) VALUES (:nik:, :nama_ibu_hamil:, :nik_suami:, :nama_suami:, :pekerjaan_ibu_hamil:, :pekerjaan_suami:, :tgl_mulai_hamil:, :tgl_perkiraan_lahir:, :usia_kehamilan:, :golDarah_ibu_hamil:, :golDarah_suami:, :kadar_hb:, :bb_sebelum_hamil:, :no_telepon:, :alamat:)', [...], false)
 2 APPPATH\Controllers\IbuHamilController.php(100): CodeIgniter\Database\BaseBuilder->insert([...])
 3 SYSTEMPATH\CodeIgniter.php(933): App\Controllers\IbuHamilController->simpan()
 4 SYSTEMPATH\CodeIgniter.php(507): CodeIgniter\CodeIgniter->runController(Object(App\Controllers\IbuHamilController))
 5 SYSTEMPATH\CodeIgniter.php(354): CodeIgniter\CodeIgniter->handleRequest(null, Object(Config\Cache), false)
 6 SYSTEMPATH\Boot.php(334): CodeIgniter\CodeIgniter->run()
 7 SYSTEMPATH\Boot.php(67): CodeIgniter\Boot::runCodeIgniter(Object(CodeIgniter\CodeIgniter))
 8 FCPATH\index.php(56): CodeIgniter\Boot::bootWeb(Object(Config\Paths))
 9 SYSTEMPATH\rewrite.php(44): require_once('C:\\xampp\\htdocs\\posyandu\\public\\index.php')
CRITICAL - 2025-04-06 14:21:54 --> [Caused by] CodeIgniter\Database\Exceptions\DatabaseException: Duplicate entry '3510031802020339' for key 'nik'
in SYSTEMPATH\Database\MySQLi\Connection.php on line 332.
 1 SYSTEMPATH\Database\BaseConnection.php(738): CodeIgniter\Database\MySQLi\Connection->execute('INSERT INTO `tb_data_ibuhamil_surobayan` (`nik`, `nama_ibu_hamil`, `nik_suami`, `nama_suami`, `pekerjaan_ibu_hamil`, `pekerjaan_suami`, `tgl_mulai_hamil`, `tgl_perkiraan_lahir`, `usia_kehamilan`, `golDarah_ibu_hamil`, `golDarah_suami`, `kadar_hb`, `bb_sebelum_hamil`, `no_telepon`, `alamat`) VALUES (\'3510031802020339\', \'fs\', \'3510031802020339\', \'sfd\', \'sd\', \'w\', \'2025-04-10\', \'2025-04-23\', \'4\', \'o\', \'b\', \'34\', \'43\', \'081222345567\', \'vd\')')
 2 SYSTEMPATH\Database\BaseConnection.php(652): CodeIgniter\Database\BaseConnection->simpleQuery('INSERT INTO `tb_data_ibuhamil_surobayan` (`nik`, `nama_ibu_hamil`, `nik_suami`, `nama_suami`, `pekerjaan_ibu_hamil`, `pekerjaan_suami`, `tgl_mulai_hamil`, `tgl_perkiraan_lahir`, `usia_kehamilan`, `golDarah_ibu_hamil`, `golDarah_suami`, `kadar_hb`, `bb_sebelum_hamil`, `no_telepon`, `alamat`) VALUES (\'3510031802020339\', \'fs\', \'3510031802020339\', \'sfd\', \'sd\', \'w\', \'2025-04-10\', \'2025-04-23\', \'4\', \'o\', \'b\', \'34\', \'43\', \'081222345567\', \'vd\')')
 3 SYSTEMPATH\Database\BaseBuilder.php(2345): CodeIgniter\Database\BaseConnection->query('INSERT INTO `tb_data_ibuhamil_surobayan` (`nik`, `nama_ibu_hamil`, `nik_suami`, `nama_suami`, `pekerjaan_ibu_hamil`, `pekerjaan_suami`, `tgl_mulai_hamil`, `tgl_perkiraan_lahir`, `usia_kehamilan`, `golDarah_ibu_hamil`, `golDarah_suami`, `kadar_hb`, `bb_sebelum_hamil`, `no_telepon`, `alamat`) VALUES (:nik:, :nama_ibu_hamil:, :nik_suami:, :nama_suami:, :pekerjaan_ibu_hamil:, :pekerjaan_suami:, :tgl_mulai_hamil:, :tgl_perkiraan_lahir:, :usia_kehamilan:, :golDarah_ibu_hamil:, :golDarah_suami:, :kadar_hb:, :bb_sebelum_hamil:, :no_telepon:, :alamat:)', [...], false)
 4 APPPATH\Controllers\IbuHamilController.php(100): CodeIgniter\Database\BaseBuilder->insert([...])
 5 SYSTEMPATH\CodeIgniter.php(933): App\Controllers\IbuHamilController->simpan()
 6 SYSTEMPATH\CodeIgniter.php(507): CodeIgniter\CodeIgniter->runController(Object(App\Controllers\IbuHamilController))
 7 SYSTEMPATH\CodeIgniter.php(354): CodeIgniter\CodeIgniter->handleRequest(null, Object(Config\Cache), false)
 8 SYSTEMPATH\Boot.php(334): CodeIgniter\CodeIgniter->run()
 9 SYSTEMPATH\Boot.php(67): CodeIgniter\Boot::runCodeIgniter(Object(CodeIgniter\CodeIgniter))
10 FCPATH\index.php(56): CodeIgniter\Boot::bootWeb(Object(Config\Paths))
11 SYSTEMPATH\rewrite.php(44): require_once('C:\\xampp\\htdocs\\posyandu\\public\\index.php')
CRITICAL - 2025-04-06 14:21:54 --> [Caused by] mysqli_sql_exception: Duplicate entry '3510031802020339' for key 'nik'
in SYSTEMPATH\Database\MySQLi\Connection.php on line 327.
 1 SYSTEMPATH\Database\MySQLi\Connection.php(327): mysqli->query('INSERT INTO `tb_data_ibuhamil_surobayan` (`nik`, `nama_ibu_hamil`, `nik_suami`, `nama_suami`, `pekerjaan_ibu_hamil`, `pekerjaan_suami`, `tgl_mulai_hamil`, `tgl_perkiraan_lahir`, `usia_kehamilan`, `golDarah_ibu_hamil`, `golDarah_suami`, `kadar_hb`, `bb_sebelum_hamil`, `no_telepon`, `alamat`) VALUES (\'3510031802020339\', \'fs\', \'3510031802020339\', \'sfd\', \'sd\', \'w\', \'2025-04-10\', \'2025-04-23\', \'4\', \'o\', \'b\', \'34\', \'43\', \'081222345567\', \'vd\')', 0)
 2 SYSTEMPATH\Database\BaseConnection.php(738): CodeIgniter\Database\MySQLi\Connection->execute('INSERT INTO `tb_data_ibuhamil_surobayan` (`nik`, `nama_ibu_hamil`, `nik_suami`, `nama_suami`, `pekerjaan_ibu_hamil`, `pekerjaan_suami`, `tgl_mulai_hamil`, `tgl_perkiraan_lahir`, `usia_kehamilan`, `golDarah_ibu_hamil`, `golDarah_suami`, `kadar_hb`, `bb_sebelum_hamil`, `no_telepon`, `alamat`) VALUES (\'3510031802020339\', \'fs\', \'3510031802020339\', \'sfd\', \'sd\', \'w\', \'2025-04-10\', \'2025-04-23\', \'4\', \'o\', \'b\', \'34\', \'43\', \'081222345567\', \'vd\')')
 3 SYSTEMPATH\Database\BaseConnection.php(652): CodeIgniter\Database\BaseConnection->simpleQuery('INSERT INTO `tb_data_ibuhamil_surobayan` (`nik`, `nama_ibu_hamil`, `nik_suami`, `nama_suami`, `pekerjaan_ibu_hamil`, `pekerjaan_suami`, `tgl_mulai_hamil`, `tgl_perkiraan_lahir`, `usia_kehamilan`, `golDarah_ibu_hamil`, `golDarah_suami`, `kadar_hb`, `bb_sebelum_hamil`, `no_telepon`, `alamat`) VALUES (\'3510031802020339\', \'fs\', \'3510031802020339\', \'sfd\', \'sd\', \'w\', \'2025-04-10\', \'2025-04-23\', \'4\', \'o\', \'b\', \'34\', \'43\', \'081222345567\', \'vd\')')
 4 SYSTEMPATH\Database\BaseBuilder.php(2345): CodeIgniter\Database\BaseConnection->query('INSERT INTO `tb_data_ibuhamil_surobayan` (`nik`, `nama_ibu_hamil`, `nik_suami`, `nama_suami`, `pekerjaan_ibu_hamil`, `pekerjaan_suami`, `tgl_mulai_hamil`, `tgl_perkiraan_lahir`, `usia_kehamilan`, `golDarah_ibu_hamil`, `golDarah_suami`, `kadar_hb`, `bb_sebelum_hamil`, `no_telepon`, `alamat`) VALUES (:nik:, :nama_ibu_hamil:, :nik_suami:, :nama_suami:, :pekerjaan_ibu_hamil:, :pekerjaan_suami:, :tgl_mulai_hamil:, :tgl_perkiraan_lahir:, :usia_kehamilan:, :golDarah_ibu_hamil:, :golDarah_suami:, :kadar_hb:, :bb_sebelum_hamil:, :no_telepon:, :alamat:)', [...], false)
 5 APPPATH\Controllers\IbuHamilController.php(100): CodeIgniter\Database\BaseBuilder->insert([...])
 6 SYSTEMPATH\CodeIgniter.php(933): App\Controllers\IbuHamilController->simpan()
 7 SYSTEMPATH\CodeIgniter.php(507): CodeIgniter\CodeIgniter->runController(Object(App\Controllers\IbuHamilController))
 8 SYSTEMPATH\CodeIgniter.php(354): CodeIgniter\CodeIgniter->handleRequest(null, Object(Config\Cache), false)
 9 SYSTEMPATH\Boot.php(334): CodeIgniter\CodeIgniter->run()
10 SYSTEMPATH\Boot.php(67): CodeIgniter\Boot::runCodeIgniter(Object(CodeIgniter\CodeIgniter))
11 FCPATH\index.php(56): CodeIgniter\Boot::bootWeb(Object(Config\Paths))
12 SYSTEMPATH\rewrite.php(44): require_once('C:\\xampp\\htdocs\\posyandu\\public\\index.php')
DEBUG - 2025-04-06 14:25:57 --> Session: Class initialized using 'CodeIgniter\Session\Handlers\FileHandler' driver.
ERROR - 2025-04-06 14:26:00 --> mysqli_sql_exception: Duplicate entry '3510031802020339' for key 'nik' in C:\xampp\htdocs\posyandu\system\Database\MySQLi\Connection.php:327
Stack trace:
#0 C:\xampp\htdocs\posyandu\system\Database\MySQLi\Connection.php(327): mysqli->query('INSERT INTO `tb...', 0)
#1 C:\xampp\htdocs\posyandu\system\Database\BaseConnection.php(738): CodeIgniter\Database\MySQLi\Connection->execute('INSERT INTO `tb...')
#2 C:\xampp\htdocs\posyandu\system\Database\BaseConnection.php(652): CodeIgniter\Database\BaseConnection->simpleQuery('INSERT INTO `tb...')
#3 C:\xampp\htdocs\posyandu\system\Database\BaseBuilder.php(2345): CodeIgniter\Database\BaseConnection->query('INSERT INTO `tb...', Array, false)
#4 C:\xampp\htdocs\posyandu\app\Controllers\IbuHamilController.php(100): CodeIgniter\Database\BaseBuilder->insert(Array)
#5 C:\xampp\htdocs\posyandu\system\CodeIgniter.php(933): App\Controllers\IbuHamilController->simpan()
#6 C:\xampp\htdocs\posyandu\system\CodeIgniter.php(507): CodeIgniter\CodeIgniter->runController(Object(App\Controllers\IbuHamilController))
#7 C:\xampp\htdocs\posyandu\system\CodeIgniter.php(354): CodeIgniter\CodeIgniter->handleRequest(NULL, Object(Config\Cache), false)
#8 C:\xampp\htdocs\posyandu\system\Boot.php(334): CodeIgniter\CodeIgniter->run()
#9 C:\xampp\htdocs\posyandu\system\Boot.php(67): CodeIgniter\Boot::runCodeIgniter(Object(CodeIgniter\CodeIgniter))
#10 C:\xampp\htdocs\posyandu\public\index.php(56): CodeIgniter\Boot::bootWeb(Object(Config\Paths))
#11 C:\xampp\htdocs\posyandu\system\rewrite.php(44): require_once('C:\\xampp\\htdocs...')
#12 {main}
CRITICAL - 2025-04-06 14:26:00 --> CodeIgniter\Database\Exceptions\DatabaseException: Duplicate entry '3510031802020339' for key 'nik'
[Method: POST, Route: simpan-ibu-hamil]
in SYSTEMPATH\Database\BaseConnection.php on line 692.
 1 SYSTEMPATH\Database\BaseBuilder.php(2345): CodeIgniter\Database\BaseConnection->query('INSERT INTO `tb_data_ibuhamil_surobayan` (`nik`, `nama_ibu_hamil`, `nik_suami`, `nama_suami`, `pekerjaan_ibu_hamil`, `pekerjaan_suami`, `tgl_mulai_hamil`, `tgl_perkiraan_lahir`, `usia_kehamilan`, `golDarah_ibu_hamil`, `golDarah_suami`, `kadar_hb`, `bb_sebelum_hamil`, `no_telepon`, `alamat`) VALUES (:nik:, :nama_ibu_hamil:, :nik_suami:, :nama_suami:, :pekerjaan_ibu_hamil:, :pekerjaan_suami:, :tgl_mulai_hamil:, :tgl_perkiraan_lahir:, :usia_kehamilan:, :golDarah_ibu_hamil:, :golDarah_suami:, :kadar_hb:, :bb_sebelum_hamil:, :no_telepon:, :alamat:)', [...], false)
 2 APPPATH\Controllers\IbuHamilController.php(100): CodeIgniter\Database\BaseBuilder->insert([...])
 3 SYSTEMPATH\CodeIgniter.php(933): App\Controllers\IbuHamilController->simpan()
 4 SYSTEMPATH\CodeIgniter.php(507): CodeIgniter\CodeIgniter->runController(Object(App\Controllers\IbuHamilController))
 5 SYSTEMPATH\CodeIgniter.php(354): CodeIgniter\CodeIgniter->handleRequest(null, Object(Config\Cache), false)
 6 SYSTEMPATH\Boot.php(334): CodeIgniter\CodeIgniter->run()
 7 SYSTEMPATH\Boot.php(67): CodeIgniter\Boot::runCodeIgniter(Object(CodeIgniter\CodeIgniter))
 8 FCPATH\index.php(56): CodeIgniter\Boot::bootWeb(Object(Config\Paths))
 9 SYSTEMPATH\rewrite.php(44): require_once('C:\\xampp\\htdocs\\posyandu\\public\\index.php')
CRITICAL - 2025-04-06 14:26:00 --> [Caused by] CodeIgniter\Database\Exceptions\DatabaseException: Duplicate entry '3510031802020339' for key 'nik'
in SYSTEMPATH\Database\MySQLi\Connection.php on line 332.
 1 SYSTEMPATH\Database\BaseConnection.php(738): CodeIgniter\Database\MySQLi\Connection->execute('INSERT INTO `tb_data_ibuhamil_surobayan` (`nik`, `nama_ibu_hamil`, `nik_suami`, `nama_suami`, `pekerjaan_ibu_hamil`, `pekerjaan_suami`, `tgl_mulai_hamil`, `tgl_perkiraan_lahir`, `usia_kehamilan`, `golDarah_ibu_hamil`, `golDarah_suami`, `kadar_hb`, `bb_sebelum_hamil`, `no_telepon`, `alamat`) VALUES (\'3510031802020339\', \'fs\', \'3510031802020339\', \'sfd\', \'sd\', \'w\', \'2025-04-10\', \'2025-04-23\', \'4\', \'o\', \'b\', \'34\', \'43\', \'081222345567\', \'vd\')')
 2 SYSTEMPATH\Database\BaseConnection.php(652): CodeIgniter\Database\BaseConnection->simpleQuery('INSERT INTO `tb_data_ibuhamil_surobayan` (`nik`, `nama_ibu_hamil`, `nik_suami`, `nama_suami`, `pekerjaan_ibu_hamil`, `pekerjaan_suami`, `tgl_mulai_hamil`, `tgl_perkiraan_lahir`, `usia_kehamilan`, `golDarah_ibu_hamil`, `golDarah_suami`, `kadar_hb`, `bb_sebelum_hamil`, `no_telepon`, `alamat`) VALUES (\'3510031802020339\', \'fs\', \'3510031802020339\', \'sfd\', \'sd\', \'w\', \'2025-04-10\', \'2025-04-23\', \'4\', \'o\', \'b\', \'34\', \'43\', \'081222345567\', \'vd\')')
 3 SYSTEMPATH\Database\BaseBuilder.php(2345): CodeIgniter\Database\BaseConnection->query('INSERT INTO `tb_data_ibuhamil_surobayan` (`nik`, `nama_ibu_hamil`, `nik_suami`, `nama_suami`, `pekerjaan_ibu_hamil`, `pekerjaan_suami`, `tgl_mulai_hamil`, `tgl_perkiraan_lahir`, `usia_kehamilan`, `golDarah_ibu_hamil`, `golDarah_suami`, `kadar_hb`, `bb_sebelum_hamil`, `no_telepon`, `alamat`) VALUES (:nik:, :nama_ibu_hamil:, :nik_suami:, :nama_suami:, :pekerjaan_ibu_hamil:, :pekerjaan_suami:, :tgl_mulai_hamil:, :tgl_perkiraan_lahir:, :usia_kehamilan:, :golDarah_ibu_hamil:, :golDarah_suami:, :kadar_hb:, :bb_sebelum_hamil:, :no_telepon:, :alamat:)', [...], false)
 4 APPPATH\Controllers\IbuHamilController.php(100): CodeIgniter\Database\BaseBuilder->insert([...])
 5 SYSTEMPATH\CodeIgniter.php(933): App\Controllers\IbuHamilController->simpan()
 6 SYSTEMPATH\CodeIgniter.php(507): CodeIgniter\CodeIgniter->runController(Object(App\Controllers\IbuHamilController))
 7 SYSTEMPATH\CodeIgniter.php(354): CodeIgniter\CodeIgniter->handleRequest(null, Object(Config\Cache), false)
 8 SYSTEMPATH\Boot.php(334): CodeIgniter\CodeIgniter->run()
 9 SYSTEMPATH\Boot.php(67): CodeIgniter\Boot::runCodeIgniter(Object(CodeIgniter\CodeIgniter))
10 FCPATH\index.php(56): CodeIgniter\Boot::bootWeb(Object(Config\Paths))
11 SYSTEMPATH\rewrite.php(44): require_once('C:\\xampp\\htdocs\\posyandu\\public\\index.php')
CRITICAL - 2025-04-06 14:26:00 --> [Caused by] mysqli_sql_exception: Duplicate entry '3510031802020339' for key 'nik'
in SYSTEMPATH\Database\MySQLi\Connection.php on line 327.
 1 SYSTEMPATH\Database\MySQLi\Connection.php(327): mysqli->query('INSERT INTO `tb_data_ibuhamil_surobayan` (`nik`, `nama_ibu_hamil`, `nik_suami`, `nama_suami`, `pekerjaan_ibu_hamil`, `pekerjaan_suami`, `tgl_mulai_hamil`, `tgl_perkiraan_lahir`, `usia_kehamilan`, `golDarah_ibu_hamil`, `golDarah_suami`, `kadar_hb`, `bb_sebelum_hamil`, `no_telepon`, `alamat`) VALUES (\'3510031802020339\', \'fs\', \'3510031802020339\', \'sfd\', \'sd\', \'w\', \'2025-04-10\', \'2025-04-23\', \'4\', \'o\', \'b\', \'34\', \'43\', \'081222345567\', \'vd\')', 0)
 2 SYSTEMPATH\Database\BaseConnection.php(738): CodeIgniter\Database\MySQLi\Connection->execute('INSERT INTO `tb_data_ibuhamil_surobayan` (`nik`, `nama_ibu_hamil`, `nik_suami`, `nama_suami`, `pekerjaan_ibu_hamil`, `pekerjaan_suami`, `tgl_mulai_hamil`, `tgl_perkiraan_lahir`, `usia_kehamilan`, `golDarah_ibu_hamil`, `golDarah_suami`, `kadar_hb`, `bb_sebelum_hamil`, `no_telepon`, `alamat`) VALUES (\'3510031802020339\', \'fs\', \'3510031802020339\', \'sfd\', \'sd\', \'w\', \'2025-04-10\', \'2025-04-23\', \'4\', \'o\', \'b\', \'34\', \'43\', \'081222345567\', \'vd\')')
 3 SYSTEMPATH\Database\BaseConnection.php(652): CodeIgniter\Database\BaseConnection->simpleQuery('INSERT INTO `tb_data_ibuhamil_surobayan` (`nik`, `nama_ibu_hamil`, `nik_suami`, `nama_suami`, `pekerjaan_ibu_hamil`, `pekerjaan_suami`, `tgl_mulai_hamil`, `tgl_perkiraan_lahir`, `usia_kehamilan`, `golDarah_ibu_hamil`, `golDarah_suami`, `kadar_hb`, `bb_sebelum_hamil`, `no_telepon`, `alamat`) VALUES (\'3510031802020339\', \'fs\', \'3510031802020339\', \'sfd\', \'sd\', \'w\', \'2025-04-10\', \'2025-04-23\', \'4\', \'o\', \'b\', \'34\', \'43\', \'081222345567\', \'vd\')')
 4 SYSTEMPATH\Database\BaseBuilder.php(2345): CodeIgniter\Database\BaseConnection->query('INSERT INTO `tb_data_ibuhamil_surobayan` (`nik`, `nama_ibu_hamil`, `nik_suami`, `nama_suami`, `pekerjaan_ibu_hamil`, `pekerjaan_suami`, `tgl_mulai_hamil`, `tgl_perkiraan_lahir`, `usia_kehamilan`, `golDarah_ibu_hamil`, `golDarah_suami`, `kadar_hb`, `bb_sebelum_hamil`, `no_telepon`, `alamat`) VALUES (:nik:, :nama_ibu_hamil:, :nik_suami:, :nama_suami:, :pekerjaan_ibu_hamil:, :pekerjaan_suami:, :tgl_mulai_hamil:, :tgl_perkiraan_lahir:, :usia_kehamilan:, :golDarah_ibu_hamil:, :golDarah_suami:, :kadar_hb:, :bb_sebelum_hamil:, :no_telepon:, :alamat:)', [...], false)
 5 APPPATH\Controllers\IbuHamilController.php(100): CodeIgniter\Database\BaseBuilder->insert([...])
 6 SYSTEMPATH\CodeIgniter.php(933): App\Controllers\IbuHamilController->simpan()
 7 SYSTEMPATH\CodeIgniter.php(507): CodeIgniter\CodeIgniter->runController(Object(App\Controllers\IbuHamilController))
 8 SYSTEMPATH\CodeIgniter.php(354): CodeIgniter\CodeIgniter->handleRequest(null, Object(Config\Cache), false)
 9 SYSTEMPATH\Boot.php(334): CodeIgniter\CodeIgniter->run()
10 SYSTEMPATH\Boot.php(67): CodeIgniter\Boot::runCodeIgniter(Object(CodeIgniter\CodeIgniter))
11 FCPATH\index.php(56): CodeIgniter\Boot::bootWeb(Object(Config\Paths))
12 SYSTEMPATH\rewrite.php(44): require_once('C:\\xampp\\htdocs\\posyandu\\public\\index.php')
DEBUG - 2025-04-06 14:26:03 --> Session: Class initialized using 'CodeIgniter\Session\Handlers\FileHandler' driver.
